graph_only/seed0 epoch=000 loss=2.0795 val=0.2510 test=0.2559 g_keep=1.000 p_keep=1.000
graph_only/seed0 epoch=020 loss=1.9391 val=0.2471 test=0.2536 g_keep=0.983 p_keep=1.000
graph_only/seed0 epoch=040 loss=1.8280 val=0.2471 test=0.2536 g_keep=0.926 p_keep=1.000
graph_only/seed0 epoch=060 loss=1.6069 val=0.4824 test=0.5013 g_keep=0.869 p_keep=1.000
graph_only/seed0 epoch=080 loss=1.3820 val=0.6379 test=0.6528 g_keep=0.811 p_keep=1.000
graph_only/seed0 epoch=100 loss=1.1908 val=0.7791 test=0.7946 g_keep=0.754 p_keep=1.000
graph_only/seed0 epoch=119 loss=1.0574 val=0.8275 test=0.8327 g_keep=0.700 p_keep=1.000
graph_only/seed1 epoch=000 loss=2.0795 val=0.2471 test=0.2536 g_keep=1.000 p_keep=1.000
graph_only/seed1 epoch=020 loss=1.9396 val=0.2471 test=0.2536 g_keep=0.983 p_keep=1.000
graph_only/seed1 epoch=040 loss=1.8320 val=0.2484 test=0.2536 g_keep=0.926 p_keep=1.000
graph_only/seed1 epoch=060 loss=1.6190 val=0.4327 test=0.4492 g_keep=0.869 p_keep=1.000
graph_only/seed1 epoch=080 loss=1.3908 val=0.6065 test=0.6173 g_keep=0.811 p_keep=1.000
graph_only/seed1 epoch=100 loss=1.2026 val=0.7725 test=0.7879 g_keep=0.754 p_keep=1.000
graph_only/seed1 epoch=119 loss=1.0710 val=0.8301 test=0.8351 g_keep=0.700 p_keep=1.000
graph_only/seed2 epoch=000 loss=2.0793 val=0.2471 test=0.2536 g_keep=1.000 p_keep=1.000
graph_only/seed2 epoch=020 loss=1.9305 val=0.2471 test=0.2536 g_keep=0.983 p_keep=1.000
graph_only/seed2 epoch=040 loss=1.8082 val=0.2484 test=0.2541 g_keep=0.926 p_keep=1.000
graph_only/seed2 epoch=060 loss=1.5984 val=0.4902 test=0.5080 g_keep=0.869 p_keep=1.000
graph_only/seed2 epoch=080 loss=1.3713 val=0.6196 test=0.6343 g_keep=0.811 p_keep=1.000
graph_only/seed2 epoch=100 loss=1.1924 val=0.7516 test=0.7587 g_keep=0.754 p_keep=1.000
graph_only/seed2 epoch=119 loss=1.0681 val=0.7895 test=0.8119 g_keep=0.700 p_keep=1.000
ougp/seed0 epoch=000 loss=2.0795 val=0.2510 test=0.2559 g_keep=1.000 p_keep=1.000
ougp/seed0 epoch=020 loss=1.9402 val=0.2471 test=0.2536 g_keep=0.983 p_keep=0.983
ougp/seed0 epoch=040 loss=1.8441 val=0.2471 test=0.2536 g_keep=0.926 p_keep=0.926
ougp/seed0 epoch=060 loss=1.6750 val=0.4366 test=0.4490 g_keep=0.869 p_keep=0.869
ougp/seed0 epoch=080 loss=1.5059 val=0.5569 test=0.5724 g_keep=0.811 p_keep=0.811
ougp/seed0 epoch=100 loss=1.3656 val=0.6601 test=0.6732 g_keep=0.754 p_keep=0.754
ougp/seed0 epoch=119 loss=1.2655 val=0.7569 test=0.7634 g_keep=0.700 p_keep=0.700
ougp/seed1 epoch=000 loss=2.0795 val=0.2471 test=0.2536 g_keep=1.000 p_keep=1.000
ougp/seed1 epoch=020 loss=1.9406 val=0.2471 test=0.2536 g_keep=0.983 p_keep=0.983
ougp/seed1 epoch=040 loss=1.8471 val=0.2484 test=0.2536 g_keep=0.926 p_keep=0.926
ougp/seed1 epoch=060 loss=1.6839 val=0.3961 test=0.4026 g_keep=0.869 p_keep=0.869
ougp/seed1 epoch=080 loss=1.5143 val=0.4784 test=0.5167 g_keep=0.811 p_keep=0.811
ougp/seed1 epoch=100 loss=1.3733 val=0.6418 test=0.6587 g_keep=0.754 p_keep=0.754
ougp/seed1 epoch=119 loss=1.2762 val=0.7412 test=0.7529 g_keep=0.700 p_keep=0.700
ougp/seed2 epoch=000 loss=2.0793 val=0.2471 test=0.2536 g_keep=1.000 p_keep=1.000
ougp/seed2 epoch=020 loss=1.9316 val=0.2471 test=0.2536 g_keep=0.983 p_keep=0.983
ougp/seed2 epoch=040 loss=1.8262 val=0.2484 test=0.2536 g_keep=0.926 p_keep=0.926
ougp/seed2 epoch=060 loss=1.6659 val=0.4353 test=0.4441 g_keep=0.869 p_keep=0.869
ougp/seed2 epoch=080 loss=1.4943 val=0.5725 test=0.5899 g_keep=0.811 p_keep=0.811
ougp/seed2 epoch=100 loss=1.3590 val=0.6301 test=0.6417 g_keep=0.754 p_keep=0.754
ougp/seed2 epoch=119 loss=1.2682 val=0.7307 test=0.7320 g_keep=0.700 p_keep=0.700
Wrote 6 runs to experiments/exp014_photo_event_feedback_sweep/gamma_0_10
# OUGP Case Study Summary

Dataset: `photo`

| Variant | Best Test Acc | Graph Sparsity | Param Sparsity | Graph Churn | Param Churn |
| --- | ---: | ---: | ---: | ---: | ---: |
| graph_only | 0.8242 +/- 0.0089 | 0.300 | 0.000 | 0.004 | 0.000 |
| ougp | 0.7492 +/- 0.0126 | 0.300 | 0.300 | 0.007 | 0.003 |

