ougp/seed0 epoch=000 loss=2.0795 val=0.2510 test=0.2559 g_keep=1.000 p_keep=1.000 param_logits_mean=2.000000 param_logits_std=0.000000 param_memory_correction_mean=0.000000 param_memory_correction_std=0.000000 param_memory_raw_correction_mean=0.000000 param_memory_raw_correction_std=0.000000 recall_correction_mean=0.000000 recall_correction_std=0.000000
ougp/seed0 epoch=020 loss=1.9402 val=0.2471 test=0.2536 g_keep=0.983 p_keep=0.983 param_logits_mean=1.940040 param_logits_std=0.000007 param_memory_correction_mean=-0.017614 param_memory_correction_std=0.934958 param_memory_raw_correction_mean=0.000458 param_memory_raw_correction_std=0.001342 recall_correction_mean=0.001173 recall_correction_std=0.002104
ougp/seed0 epoch=040 loss=1.8434 val=0.2471 test=0.2536 g_keep=0.926 p_keep=0.926 param_logits_mean=1.743405 param_logits_std=0.000907 param_memory_correction_mean=0.000000 param_memory_correction_std=1.000000 param_memory_raw_correction_mean=0.004235 param_memory_raw_correction_std=0.002772 recall_correction_mean=0.009398 recall_correction_std=0.014539
ougp/seed0 epoch=060 loss=1.6680 val=0.4366 test=0.4515 g_keep=0.869 p_keep=0.869 param_logits_mean=1.561558 param_logits_std=0.007716 param_memory_correction_mean=0.019478 param_memory_correction_std=0.931214 param_memory_raw_correction_mean=0.005766 param_memory_raw_correction_std=0.004333 recall_correction_mean=0.052131 recall_correction_std=0.070522
ougp/seed0 epoch=080 loss=1.4984 val=0.5595 test=0.5755 g_keep=0.811 p_keep=0.811 param_logits_mean=1.411106 param_logits_std=0.030620 param_memory_correction_mean=-0.045479 param_memory_correction_std=0.809897 param_memory_raw_correction_mean=0.014586 param_memory_raw_correction_std=0.010380 recall_correction_mean=0.095317 recall_correction_std=0.110357
ougp/seed0 epoch=100 loss=1.3399 val=0.6810 test=0.6998 g_keep=0.754 p_keep=0.754 param_logits_mean=1.341009 param_logits_std=0.097569 param_memory_correction_mean=0.028009 param_memory_correction_std=0.896460 param_memory_raw_correction_mean=0.047392 param_memory_raw_correction_std=0.034518 recall_correction_mean=0.128685 recall_correction_std=0.163085
ougp/seed0 epoch=119 loss=1.2505 val=0.7137 test=0.7314 g_keep=0.700 p_keep=0.700 param_logits_mean=1.352787 param_logits_std=0.162104 param_memory_correction_mean=0.002357 param_memory_correction_std=0.992722 param_memory_raw_correction_mean=0.206652 param_memory_raw_correction_std=0.122930 recall_correction_mean=0.131807 recall_correction_std=0.142284
ougp/seed1 epoch=000 loss=2.0795 val=0.2471 test=0.2536 g_keep=1.000 p_keep=1.000 param_logits_mean=2.000000 param_logits_std=0.000000 param_memory_correction_mean=0.000000 param_memory_correction_std=0.000000 param_memory_raw_correction_mean=0.000000 param_memory_raw_correction_std=0.000000 recall_correction_mean=0.000000 recall_correction_std=0.000000
ougp/seed1 epoch=020 loss=1.9407 val=0.2471 test=0.2536 g_keep=0.983 p_keep=0.983 param_logits_mean=1.940040 param_logits_std=0.000004 param_memory_correction_mean=-0.015670 param_memory_correction_std=0.946668 param_memory_raw_correction_mean=0.000821 param_memory_raw_correction_std=0.003544 recall_correction_mean=0.001084 recall_correction_std=0.001298
ougp/seed1 epoch=040 loss=1.8479 val=0.2484 test=0.2536 g_keep=0.926 p_keep=0.926 param_logits_mean=1.743226 param_logits_std=0.000861 param_memory_correction_mean=-0.002518 param_memory_correction_std=0.992208 param_memory_raw_correction_mean=0.001729 param_memory_raw_correction_std=0.002212 recall_correction_mean=0.013742 recall_correction_std=0.027145
ougp/seed1 epoch=060 loss=1.6862 val=0.3935 test=0.4042 g_keep=0.869 p_keep=0.869 param_logits_mean=1.565560 param_logits_std=0.008535 param_memory_correction_mean=-0.009891 param_memory_correction_std=0.966911 param_memory_raw_correction_mean=0.008655 param_memory_raw_correction_std=0.006886 recall_correction_mean=0.040945 recall_correction_std=0.057623
ougp/seed1 epoch=080 loss=1.5100 val=0.4771 test=0.5154 g_keep=0.811 p_keep=0.811 param_logits_mean=1.426974 param_logits_std=0.029265 param_memory_correction_mean=-0.014240 param_memory_correction_std=0.949411 param_memory_raw_correction_mean=0.018188 param_memory_raw_correction_std=0.013975 recall_correction_mean=0.071026 recall_correction_std=0.073407
ougp/seed1 epoch=100 loss=1.3715 val=0.6314 test=0.6525 g_keep=0.754 p_keep=0.754 param_logits_mean=1.369152 param_logits_std=0.092947 param_memory_correction_mean=-0.009298 param_memory_correction_std=0.969985 param_memory_raw_correction_mean=0.040245 param_memory_raw_correction_std=0.036781 recall_correction_mean=0.101709 recall_correction_std=0.098788
ougp/seed1 epoch=119 loss=1.2934 val=0.7255 test=0.7346 g_keep=0.700 p_keep=0.700 param_logits_mean=1.428325 param_logits_std=0.177336 param_memory_correction_mean=-0.003631 param_memory_correction_std=0.988613 param_memory_raw_correction_mean=0.050707 param_memory_raw_correction_std=0.026816 recall_correction_mean=0.114566 recall_correction_std=0.116108
ougp/seed2 epoch=000 loss=2.0793 val=0.2471 test=0.2536 g_keep=1.000 p_keep=1.000 param_logits_mean=2.000000 param_logits_std=0.000000 param_memory_correction_mean=0.000000 param_memory_correction_std=0.000000 param_memory_raw_correction_mean=0.000000 param_memory_raw_correction_std=0.000000 recall_correction_mean=0.000000 recall_correction_std=0.000000
ougp/seed2 epoch=020 loss=1.9315 val=0.2471 test=0.2536 g_keep=0.983 p_keep=0.983 param_logits_mean=1.940037 param_logits_std=0.000002 param_memory_correction_mean=0.007369 param_memory_correction_std=0.975837 param_memory_raw_correction_mean=0.000720 param_memory_raw_correction_std=0.003222 recall_correction_mean=0.000589 recall_correction_std=0.001069
ougp/seed2 epoch=040 loss=1.8260 val=0.2484 test=0.2536 g_keep=0.926 p_keep=0.926 param_logits_mean=1.743889 param_logits_std=0.001465 param_memory_correction_mean=-0.024695 param_memory_correction_std=0.901218 param_memory_raw_correction_mean=0.004513 param_memory_raw_correction_std=0.004405 recall_correction_mean=0.009954 recall_correction_std=0.014081
ougp/seed2 epoch=060 loss=1.6572 val=0.4431 test=0.4547 g_keep=0.869 p_keep=0.869 param_logits_mean=1.562836 param_logits_std=0.005095 param_memory_correction_mean=-0.000000 param_memory_correction_std=1.000000 param_memory_raw_correction_mean=0.014643 param_memory_raw_correction_std=0.013971 recall_correction_mean=0.038245 recall_correction_std=0.043432
ougp/seed2 epoch=080 loss=1.4946 val=0.5882 test=0.6018 g_keep=0.811 p_keep=0.811 param_logits_mean=1.428336 param_logits_std=0.024366 param_memory_correction_mean=-0.020319 param_memory_correction_std=0.925963 param_memory_raw_correction_mean=0.032655 param_memory_raw_correction_std=0.046930 recall_correction_mean=0.062106 recall_correction_std=0.066222
ougp/seed2 epoch=100 loss=1.3643 val=0.6209 test=0.6387 g_keep=0.754 p_keep=0.754 param_logits_mean=1.379228 param_logits_std=0.086219 param_memory_correction_mean=0.000000 param_memory_correction_std=1.000000 param_memory_raw_correction_mean=0.030770 param_memory_raw_correction_std=0.030271 recall_correction_mean=0.099399 recall_correction_std=0.123097
ougp/seed2 epoch=119 loss=1.3031 val=0.6627 test=0.6783 g_keep=0.700 p_keep=0.700 param_logits_mean=1.416875 param_logits_std=0.154274 param_memory_correction_mean=0.000000 param_memory_correction_std=1.000000 param_memory_raw_correction_mean=0.105303 param_memory_raw_correction_std=0.108068 recall_correction_mean=0.098700 recall_correction_std=0.090085
Wrote 3 runs to experiments/exp019_photo_channel_memory_gpu0
# OUGP Case Study Summary

Dataset: `photo`

| Variant | Best Test Acc | Graph Sparsity | Param Sparsity | Graph Churn | Param Churn |
| --- | ---: | ---: | ---: | ---: | ---: |
| ougp | 0.7281 +/- 0.0170 | 0.300 | 0.300 | 0.012 | 0.114 |

