dense/seed0 epoch=000 loss=2.0795 val=0.2510 test=0.2559 g_keep=1.000 p_keep=1.000
dense/seed0 epoch=020 loss=1.9392 val=0.2471 test=0.2536 g_keep=1.000 p_keep=1.000
dense/seed0 epoch=040 loss=1.8286 val=0.2471 test=0.2536 g_keep=1.000 p_keep=1.000
dense/seed0 epoch=060 loss=1.6093 val=0.4824 test=0.5011 g_keep=1.000 p_keep=1.000
dense/seed0 epoch=080 loss=1.3893 val=0.6392 test=0.6484 g_keep=1.000 p_keep=1.000
dense/seed0 epoch=100 loss=1.2190 val=0.7660 test=0.7757 g_keep=1.000 p_keep=1.000
dense/seed0 epoch=119 loss=1.1017 val=0.8078 test=0.8248 g_keep=1.000 p_keep=1.000
dense/seed1 epoch=000 loss=2.0795 val=0.2471 test=0.2536 g_keep=1.000 p_keep=1.000
dense/seed1 epoch=020 loss=1.9396 val=0.2471 test=0.2536 g_keep=1.000 p_keep=1.000
dense/seed1 epoch=040 loss=1.8327 val=0.2484 test=0.2536 g_keep=1.000 p_keep=1.000
dense/seed1 epoch=060 loss=1.6213 val=0.4340 test=0.4495 g_keep=1.000 p_keep=1.000
dense/seed1 epoch=080 loss=1.4035 val=0.5922 test=0.6085 g_keep=1.000 p_keep=1.000
dense/seed1 epoch=100 loss=1.2355 val=0.7569 test=0.7680 g_keep=1.000 p_keep=1.000
dense/seed1 epoch=119 loss=1.1176 val=0.8144 test=0.8263 g_keep=1.000 p_keep=1.000
dense/seed2 epoch=000 loss=2.0793 val=0.2471 test=0.2536 g_keep=1.000 p_keep=1.000
dense/seed2 epoch=020 loss=1.9305 val=0.2471 test=0.2536 g_keep=1.000 p_keep=1.000
dense/seed2 epoch=040 loss=1.8089 val=0.2484 test=0.2541 g_keep=1.000 p_keep=1.000
dense/seed2 epoch=060 loss=1.6014 val=0.4889 test=0.5078 g_keep=1.000 p_keep=1.000
dense/seed2 epoch=080 loss=1.3853 val=0.6092 test=0.6284 g_keep=1.000 p_keep=1.000
dense/seed2 epoch=100 loss=1.2237 val=0.7255 test=0.7319 g_keep=1.000 p_keep=1.000
dense/seed2 epoch=119 loss=1.1138 val=0.7739 test=0.7899 g_keep=1.000 p_keep=1.000
graph_only/seed0 epoch=000 loss=2.0795 val=0.2510 test=0.2559 g_keep=1.000 p_keep=1.000
graph_only/seed0 epoch=020 loss=1.9391 val=0.2471 test=0.2536 g_keep=0.983 p_keep=1.000
graph_only/seed0 epoch=040 loss=1.8280 val=0.2471 test=0.2536 g_keep=0.926 p_keep=1.000
graph_only/seed0 epoch=060 loss=1.6068 val=0.4824 test=0.5013 g_keep=0.869 p_keep=1.000
graph_only/seed0 epoch=080 loss=1.3775 val=0.6458 test=0.6575 g_keep=0.811 p_keep=1.000
graph_only/seed0 epoch=100 loss=1.1883 val=0.7804 test=0.7954 g_keep=0.754 p_keep=1.000
graph_only/seed0 epoch=119 loss=1.0555 val=0.8275 test=0.8328 g_keep=0.700 p_keep=1.000
graph_only/seed1 epoch=000 loss=2.0795 val=0.2471 test=0.2536 g_keep=1.000 p_keep=1.000
graph_only/seed1 epoch=020 loss=1.9396 val=0.2471 test=0.2536 g_keep=0.983 p_keep=1.000
graph_only/seed1 epoch=040 loss=1.8320 val=0.2484 test=0.2536 g_keep=0.926 p_keep=1.000
graph_only/seed1 epoch=060 loss=1.6190 val=0.4327 test=0.4492 g_keep=0.869 p_keep=1.000
graph_only/seed1 epoch=080 loss=1.3900 val=0.6065 test=0.6175 g_keep=0.811 p_keep=1.000
graph_only/seed1 epoch=100 loss=1.2019 val=0.7778 test=0.7889 g_keep=0.754 p_keep=1.000
graph_only/seed1 epoch=119 loss=1.0700 val=0.8327 test=0.8353 g_keep=0.700 p_keep=1.000
graph_only/seed2 epoch=000 loss=2.0793 val=0.2471 test=0.2536 g_keep=1.000 p_keep=1.000
graph_only/seed2 epoch=020 loss=1.9305 val=0.2471 test=0.2536 g_keep=0.983 p_keep=1.000
graph_only/seed2 epoch=040 loss=1.8082 val=0.2484 test=0.2541 g_keep=0.926 p_keep=1.000
graph_only/seed2 epoch=060 loss=1.5985 val=0.4902 test=0.5080 g_keep=0.869 p_keep=1.000
graph_only/seed2 epoch=080 loss=1.3706 val=0.6144 test=0.6333 g_keep=0.811 p_keep=1.000
graph_only/seed2 epoch=100 loss=1.1933 val=0.7490 test=0.7557 g_keep=0.754 p_keep=1.000
graph_only/seed2 epoch=119 loss=1.0659 val=0.7895 test=0.8132 g_keep=0.700 p_keep=1.000
param_only/seed0 epoch=000 loss=2.0795 val=0.2510 test=0.2559 g_keep=1.000 p_keep=1.000
param_only/seed0 epoch=020 loss=1.9402 val=0.2471 test=0.2536 g_keep=1.000 p_keep=0.983
param_only/seed0 epoch=040 loss=1.8447 val=0.2471 test=0.2536 g_keep=1.000 p_keep=0.926
param_only/seed0 epoch=060 loss=1.6772 val=0.4366 test=0.4489 g_keep=1.000 p_keep=0.869
param_only/seed0 epoch=080 loss=1.5145 val=0.5595 test=0.5712 g_keep=1.000 p_keep=0.811
param_only/seed0 epoch=100 loss=1.3919 val=0.6405 test=0.6533 g_keep=1.000 p_keep=0.754
param_only/seed0 epoch=119 loss=1.3074 val=0.7150 test=0.7252 g_keep=1.000 p_keep=0.700
param_only/seed1 epoch=000 loss=2.0795 val=0.2471 test=0.2536 g_keep=1.000 p_keep=1.000
param_only/seed1 epoch=020 loss=1.9407 val=0.2471 test=0.2536 g_keep=1.000 p_keep=0.983
param_only/seed1 epoch=040 loss=1.8477 val=0.2484 test=0.2536 g_keep=1.000 p_keep=0.926
param_only/seed1 epoch=060 loss=1.6861 val=0.3948 test=0.4042 g_keep=1.000 p_keep=0.869
param_only/seed1 epoch=080 loss=1.5243 val=0.4732 test=0.5088 g_keep=1.000 p_keep=0.811
param_only/seed1 epoch=100 loss=1.4043 val=0.6144 test=0.6257 g_keep=1.000 p_keep=0.754
param_only/seed1 epoch=119 loss=1.3215 val=0.6928 test=0.7116 g_keep=1.000 p_keep=0.700
param_only/seed2 epoch=000 loss=2.0793 val=0.2471 test=0.2536 g_keep=1.000 p_keep=1.000
param_only/seed2 epoch=020 loss=1.9317 val=0.2471 test=0.2536 g_keep=1.000 p_keep=0.983
param_only/seed2 epoch=040 loss=1.8268 val=0.2484 test=0.2536 g_keep=1.000 p_keep=0.926
param_only/seed2 epoch=060 loss=1.6684 val=0.4340 test=0.4438 g_keep=1.000 p_keep=0.869
param_only/seed2 epoch=080 loss=1.5070 val=0.5712 test=0.5861 g_keep=1.000 p_keep=0.811
param_only/seed2 epoch=100 loss=1.3897 val=0.6039 test=0.6201 g_keep=1.000 p_keep=0.754
param_only/seed2 epoch=119 loss=1.3135 val=0.6889 test=0.6959 g_keep=1.000 p_keep=0.700
dual_static/seed0 epoch=000 loss=2.0795 val=0.2510 test=0.2559 g_keep=1.000 p_keep=1.000
dual_static/seed0 epoch=020 loss=1.9402 val=0.2471 test=0.2536 g_keep=0.983 p_keep=0.983
dual_static/seed0 epoch=040 loss=1.8442 val=0.2471 test=0.2536 g_keep=0.926 p_keep=0.926
dual_static/seed0 epoch=060 loss=1.6748 val=0.4366 test=0.4493 g_keep=0.869 p_keep=0.869
dual_static/seed0 epoch=080 loss=1.5095 val=0.5542 test=0.5694 g_keep=0.811 p_keep=0.811
dual_static/seed0 epoch=100 loss=1.3839 val=0.6379 test=0.6538 g_keep=0.754 p_keep=0.754
dual_static/seed0 epoch=119 loss=1.2938 val=0.7242 test=0.7314 g_keep=0.700 p_keep=0.700
dual_static/seed1 epoch=000 loss=2.0795 val=0.2471 test=0.2536 g_keep=1.000 p_keep=1.000
dual_static/seed1 epoch=020 loss=1.9406 val=0.2471 test=0.2536 g_keep=0.983 p_keep=0.983
dual_static/seed1 epoch=040 loss=1.8471 val=0.2484 test=0.2536 g_keep=0.926 p_keep=0.926
dual_static/seed1 epoch=060 loss=1.6838 val=0.3948 test=0.4026 g_keep=0.869 p_keep=0.869
dual_static/seed1 epoch=080 loss=1.5200 val=0.4719 test=0.5092 g_keep=0.811 p_keep=0.811
dual_static/seed1 epoch=100 loss=1.3969 val=0.6170 test=0.6291 g_keep=0.754 p_keep=0.754
dual_static/seed1 epoch=119 loss=1.3106 val=0.6993 test=0.7147 g_keep=0.700 p_keep=0.700
dual_static/seed2 epoch=000 loss=2.0793 val=0.2471 test=0.2536 g_keep=1.000 p_keep=1.000
dual_static/seed2 epoch=020 loss=1.9316 val=0.2471 test=0.2536 g_keep=0.983 p_keep=0.983
dual_static/seed2 epoch=040 loss=1.8263 val=0.2484 test=0.2536 g_keep=0.926 p_keep=0.926
dual_static/seed2 epoch=060 loss=1.6661 val=0.4353 test=0.4435 g_keep=0.869 p_keep=0.869
dual_static/seed2 epoch=080 loss=1.5017 val=0.5699 test=0.5863 g_keep=0.811 p_keep=0.811
dual_static/seed2 epoch=100 loss=1.3815 val=0.6065 test=0.6222 g_keep=0.754 p_keep=0.754
dual_static/seed2 epoch=119 loss=1.3015 val=0.6889 test=0.6977 g_keep=0.700 p_keep=0.700
ougp_no_cross/seed0 epoch=000 loss=2.0795 val=0.2510 test=0.2559 g_keep=1.000 p_keep=1.000
ougp_no_cross/seed0 epoch=020 loss=1.9402 val=0.2471 test=0.2536 g_keep=0.983 p_keep=0.983
ougp_no_cross/seed0 epoch=040 loss=1.8441 val=0.2471 test=0.2536 g_keep=0.926 p_keep=0.926
ougp_no_cross/seed0 epoch=060 loss=1.6748 val=0.4366 test=0.4492 g_keep=0.869 p_keep=0.869
ougp_no_cross/seed0 epoch=080 loss=1.5048 val=0.5569 test=0.5709 g_keep=0.811 p_keep=0.811
ougp_no_cross/seed0 epoch=100 loss=1.3639 val=0.6614 test=0.6773 g_keep=0.754 p_keep=0.754
ougp_no_cross/seed0 epoch=119 loss=1.2631 val=0.7595 test=0.7672 g_keep=0.700 p_keep=0.700
ougp_no_cross/seed1 epoch=000 loss=2.0795 val=0.2471 test=0.2536 g_keep=1.000 p_keep=1.000
ougp_no_cross/seed1 epoch=020 loss=1.9406 val=0.2471 test=0.2536 g_keep=0.983 p_keep=0.983
ougp_no_cross/seed1 epoch=040 loss=1.8470 val=0.2484 test=0.2536 g_keep=0.926 p_keep=0.926
ougp_no_cross/seed1 epoch=060 loss=1.6839 val=0.3961 test=0.4025 g_keep=0.869 p_keep=0.869
ougp_no_cross/seed1 epoch=080 loss=1.5153 val=0.4784 test=0.5162 g_keep=0.811 p_keep=0.811
ougp_no_cross/seed1 epoch=100 loss=1.3731 val=0.6418 test=0.6588 g_keep=0.754 p_keep=0.754
ougp_no_cross/seed1 epoch=119 loss=1.2749 val=0.7438 test=0.7556 g_keep=0.700 p_keep=0.700
ougp_no_cross/seed2 epoch=000 loss=2.0793 val=0.2471 test=0.2536 g_keep=1.000 p_keep=1.000
ougp_no_cross/seed2 epoch=020 loss=1.9316 val=0.2471 test=0.2536 g_keep=0.983 p_keep=0.983
ougp_no_cross/seed2 epoch=040 loss=1.8262 val=0.2484 test=0.2536 g_keep=0.926 p_keep=0.926
ougp_no_cross/seed2 epoch=060 loss=1.6661 val=0.4353 test=0.4438 g_keep=0.869 p_keep=0.869
ougp_no_cross/seed2 epoch=080 loss=1.4952 val=0.5765 test=0.5905 g_keep=0.811 p_keep=0.811
ougp_no_cross/seed2 epoch=100 loss=1.3595 val=0.6275 test=0.6412 g_keep=0.754 p_keep=0.754
ougp_no_cross/seed2 epoch=119 loss=1.2685 val=0.7294 test=0.7319 g_keep=0.700 p_keep=0.700
ougp/seed0 epoch=000 loss=2.0795 val=0.2510 test=0.2559 g_keep=1.000 p_keep=1.000
ougp/seed0 epoch=020 loss=1.9402 val=0.2471 test=0.2536 g_keep=0.983 p_keep=0.983
ougp/seed0 epoch=040 loss=1.8441 val=0.2471 test=0.2536 g_keep=0.926 p_keep=0.926
ougp/seed0 epoch=060 loss=1.6748 val=0.4366 test=0.4492 g_keep=0.869 p_keep=0.869
ougp/seed0 epoch=080 loss=1.5056 val=0.5569 test=0.5719 g_keep=0.811 p_keep=0.811
ougp/seed0 epoch=100 loss=1.3654 val=0.6588 test=0.6716 g_keep=0.754 p_keep=0.754
ougp/seed0 epoch=119 loss=1.2629 val=0.7582 test=0.7662 g_keep=0.700 p_keep=0.700
ougp/seed1 epoch=000 loss=2.0795 val=0.2471 test=0.2536 g_keep=1.000 p_keep=1.000
ougp/seed1 epoch=020 loss=1.9406 val=0.2471 test=0.2536 g_keep=0.983 p_keep=0.983
ougp/seed1 epoch=040 loss=1.8471 val=0.2484 test=0.2536 g_keep=0.926 p_keep=0.926
ougp/seed1 epoch=060 loss=1.6839 val=0.3961 test=0.4025 g_keep=0.869 p_keep=0.869
ougp/seed1 epoch=080 loss=1.5157 val=0.4758 test=0.5145 g_keep=0.811 p_keep=0.811
ougp/seed1 epoch=100 loss=1.3740 val=0.6392 test=0.6564 g_keep=0.754 p_keep=0.754
ougp/seed1 epoch=119 loss=1.2760 val=0.7399 test=0.7516 g_keep=0.700 p_keep=0.700
ougp/seed2 epoch=000 loss=2.0793 val=0.2471 test=0.2536 g_keep=1.000 p_keep=1.000
ougp/seed2 epoch=020 loss=1.9316 val=0.2471 test=0.2536 g_keep=0.983 p_keep=0.983
ougp/seed2 epoch=040 loss=1.8262 val=0.2484 test=0.2536 g_keep=0.926 p_keep=0.926
ougp/seed2 epoch=060 loss=1.6659 val=0.4353 test=0.4441 g_keep=0.869 p_keep=0.869
ougp/seed2 epoch=080 loss=1.4945 val=0.5765 test=0.5904 g_keep=0.811 p_keep=0.811
ougp/seed2 epoch=100 loss=1.3600 val=0.6261 test=0.6400 g_keep=0.754 p_keep=0.754
ougp/seed2 epoch=119 loss=1.2656 val=0.7333 test=0.7343 g_keep=0.700 p_keep=0.700
Wrote 18 runs to experiments/exp010_photo_param_sparsity_sweep/s030
# OUGP Case Study Summary

Dataset: `photo`

| Variant | Best Test Acc | Graph Sparsity | Param Sparsity | Graph Churn | Param Churn |
| --- | ---: | ---: | ---: | ---: | ---: |
| dense | 0.8123 +/- 0.0160 | 0.000 | 0.000 | 0.000 | 0.000 |
| dual_static | 0.7157 +/- 0.0138 | 0.300 | 0.300 | 0.003 | 0.003 |
| graph_only | 0.8263 +/- 0.0092 | 0.300 | 0.000 | 0.014 | 0.000 |
| ougp | 0.7503 +/- 0.0119 | 0.300 | 0.300 | 0.014 | 0.003 |
| ougp_no_cross | 0.7506 +/- 0.0136 | 0.300 | 0.300 | 0.015 | 0.003 |
| param_only | 0.7126 +/- 0.0123 | 0.000 | 0.300 | 0.000 | 0.003 |

