dense/seed0 epoch=000 loss=2.0795 val=0.2510 test=0.2559 g_keep=1.000 p_keep=1.000
dense/seed0 epoch=020 loss=1.9392 val=0.2471 test=0.2536 g_keep=1.000 p_keep=1.000
dense/seed0 epoch=040 loss=1.8286 val=0.2471 test=0.2536 g_keep=1.000 p_keep=1.000
dense/seed0 epoch=060 loss=1.6093 val=0.4824 test=0.5011 g_keep=1.000 p_keep=1.000
dense/seed0 epoch=080 loss=1.3893 val=0.6392 test=0.6484 g_keep=1.000 p_keep=1.000
dense/seed0 epoch=100 loss=1.2190 val=0.7660 test=0.7757 g_keep=1.000 p_keep=1.000
dense/seed0 epoch=119 loss=1.1017 val=0.8078 test=0.8248 g_keep=1.000 p_keep=1.000
dense/seed1 epoch=000 loss=2.0795 val=0.2471 test=0.2536 g_keep=1.000 p_keep=1.000
dense/seed1 epoch=020 loss=1.9396 val=0.2471 test=0.2536 g_keep=1.000 p_keep=1.000
dense/seed1 epoch=040 loss=1.8327 val=0.2484 test=0.2536 g_keep=1.000 p_keep=1.000
dense/seed1 epoch=060 loss=1.6213 val=0.4340 test=0.4495 g_keep=1.000 p_keep=1.000
dense/seed1 epoch=080 loss=1.4035 val=0.5922 test=0.6085 g_keep=1.000 p_keep=1.000
dense/seed1 epoch=100 loss=1.2355 val=0.7569 test=0.7680 g_keep=1.000 p_keep=1.000
dense/seed1 epoch=119 loss=1.1176 val=0.8144 test=0.8263 g_keep=1.000 p_keep=1.000
dense/seed2 epoch=000 loss=2.0793 val=0.2471 test=0.2536 g_keep=1.000 p_keep=1.000
dense/seed2 epoch=020 loss=1.9305 val=0.2471 test=0.2536 g_keep=1.000 p_keep=1.000
dense/seed2 epoch=040 loss=1.8089 val=0.2484 test=0.2541 g_keep=1.000 p_keep=1.000
dense/seed2 epoch=060 loss=1.6014 val=0.4889 test=0.5078 g_keep=1.000 p_keep=1.000
dense/seed2 epoch=080 loss=1.3853 val=0.6092 test=0.6284 g_keep=1.000 p_keep=1.000
dense/seed2 epoch=100 loss=1.2237 val=0.7255 test=0.7319 g_keep=1.000 p_keep=1.000
dense/seed2 epoch=119 loss=1.1138 val=0.7739 test=0.7899 g_keep=1.000 p_keep=1.000
graph_only/seed0 epoch=000 loss=2.0795 val=0.2510 test=0.2559 g_keep=1.000 p_keep=1.000
graph_only/seed0 epoch=020 loss=1.9391 val=0.2471 test=0.2536 g_keep=0.983 p_keep=1.000
graph_only/seed0 epoch=040 loss=1.8280 val=0.2471 test=0.2536 g_keep=0.926 p_keep=1.000
graph_only/seed0 epoch=060 loss=1.6068 val=0.4824 test=0.5013 g_keep=0.869 p_keep=1.000
graph_only/seed0 epoch=080 loss=1.3779 val=0.6431 test=0.6560 g_keep=0.811 p_keep=1.000
graph_only/seed0 epoch=100 loss=1.1890 val=0.7791 test=0.7949 g_keep=0.754 p_keep=1.000
graph_only/seed0 epoch=119 loss=1.0556 val=0.8275 test=0.8335 g_keep=0.700 p_keep=1.000
graph_only/seed1 epoch=000 loss=2.0795 val=0.2471 test=0.2536 g_keep=1.000 p_keep=1.000
graph_only/seed1 epoch=020 loss=1.9396 val=0.2471 test=0.2536 g_keep=0.983 p_keep=1.000
graph_only/seed1 epoch=040 loss=1.8320 val=0.2484 test=0.2536 g_keep=0.926 p_keep=1.000
graph_only/seed1 epoch=060 loss=1.6190 val=0.4327 test=0.4492 g_keep=0.869 p_keep=1.000
graph_only/seed1 epoch=080 loss=1.3903 val=0.6039 test=0.6170 g_keep=0.811 p_keep=1.000
graph_only/seed1 epoch=100 loss=1.2018 val=0.7765 test=0.7877 g_keep=0.754 p_keep=1.000
graph_only/seed1 epoch=119 loss=1.0727 val=0.8301 test=0.8346 g_keep=0.700 p_keep=1.000
graph_only/seed2 epoch=000 loss=2.0793 val=0.2471 test=0.2536 g_keep=1.000 p_keep=1.000
graph_only/seed2 epoch=020 loss=1.9305 val=0.2471 test=0.2536 g_keep=0.983 p_keep=1.000
graph_only/seed2 epoch=040 loss=1.8082 val=0.2484 test=0.2541 g_keep=0.926 p_keep=1.000
graph_only/seed2 epoch=060 loss=1.5985 val=0.4902 test=0.5080 g_keep=0.869 p_keep=1.000
graph_only/seed2 epoch=080 loss=1.3726 val=0.6157 test=0.6343 g_keep=0.811 p_keep=1.000
graph_only/seed2 epoch=100 loss=1.1921 val=0.7529 test=0.7590 g_keep=0.754 p_keep=1.000
graph_only/seed2 epoch=119 loss=1.0675 val=0.7895 test=0.8139 g_keep=0.700 p_keep=1.000
param_only/seed0 epoch=000 loss=2.0795 val=0.2510 test=0.2559 g_keep=1.000 p_keep=1.000
param_only/seed0 epoch=020 loss=1.9402 val=0.2471 test=0.2536 g_keep=1.000 p_keep=0.983
param_only/seed0 epoch=040 loss=1.8447 val=0.2471 test=0.2536 g_keep=1.000 p_keep=0.926
param_only/seed0 epoch=060 loss=1.6773 val=0.4366 test=0.4489 g_keep=1.000 p_keep=0.869
param_only/seed0 epoch=080 loss=1.5145 val=0.5582 test=0.5711 g_keep=1.000 p_keep=0.811
param_only/seed0 epoch=100 loss=1.3917 val=0.6392 test=0.6531 g_keep=1.000 p_keep=0.754
param_only/seed0 epoch=119 loss=1.3075 val=0.7137 test=0.7247 g_keep=1.000 p_keep=0.700
param_only/seed1 epoch=000 loss=2.0795 val=0.2471 test=0.2536 g_keep=1.000 p_keep=1.000
param_only/seed1 epoch=020 loss=1.9407 val=0.2471 test=0.2536 g_keep=1.000 p_keep=0.983
param_only/seed1 epoch=040 loss=1.8477 val=0.2484 test=0.2536 g_keep=1.000 p_keep=0.926
param_only/seed1 epoch=060 loss=1.6861 val=0.3948 test=0.4042 g_keep=1.000 p_keep=0.869
param_only/seed1 epoch=080 loss=1.5243 val=0.4732 test=0.5088 g_keep=1.000 p_keep=0.811
param_only/seed1 epoch=100 loss=1.4042 val=0.6131 test=0.6242 g_keep=1.000 p_keep=0.754
param_only/seed1 epoch=119 loss=1.3214 val=0.6928 test=0.7119 g_keep=1.000 p_keep=0.700
param_only/seed2 epoch=000 loss=2.0793 val=0.2471 test=0.2536 g_keep=1.000 p_keep=1.000
param_only/seed2 epoch=020 loss=1.9317 val=0.2471 test=0.2536 g_keep=1.000 p_keep=0.983
param_only/seed2 epoch=040 loss=1.8268 val=0.2484 test=0.2536 g_keep=1.000 p_keep=0.926
param_only/seed2 epoch=060 loss=1.6684 val=0.4340 test=0.4440 g_keep=1.000 p_keep=0.869
param_only/seed2 epoch=080 loss=1.5068 val=0.5712 test=0.5863 g_keep=1.000 p_keep=0.811
param_only/seed2 epoch=100 loss=1.3896 val=0.6039 test=0.6203 g_keep=1.000 p_keep=0.754
param_only/seed2 epoch=119 loss=1.3141 val=0.6850 test=0.6953 g_keep=1.000 p_keep=0.700
dual_static/seed0 epoch=000 loss=2.0795 val=0.2510 test=0.2559 g_keep=1.000 p_keep=1.000
dual_static/seed0 epoch=020 loss=1.9402 val=0.2471 test=0.2536 g_keep=0.983 p_keep=0.983
dual_static/seed0 epoch=040 loss=1.8442 val=0.2471 test=0.2536 g_keep=0.926 p_keep=0.926
dual_static/seed0 epoch=060 loss=1.6748 val=0.4366 test=0.4493 g_keep=0.869 p_keep=0.869
dual_static/seed0 epoch=080 loss=1.5095 val=0.5542 test=0.5694 g_keep=0.811 p_keep=0.811
dual_static/seed0 epoch=100 loss=1.3838 val=0.6379 test=0.6538 g_keep=0.754 p_keep=0.754
dual_static/seed0 epoch=119 loss=1.2930 val=0.7229 test=0.7315 g_keep=0.700 p_keep=0.700
dual_static/seed1 epoch=000 loss=2.0795 val=0.2471 test=0.2536 g_keep=1.000 p_keep=1.000
dual_static/seed1 epoch=020 loss=1.9406 val=0.2471 test=0.2536 g_keep=0.983 p_keep=0.983
dual_static/seed1 epoch=040 loss=1.8471 val=0.2484 test=0.2536 g_keep=0.926 p_keep=0.926
dual_static/seed1 epoch=060 loss=1.6838 val=0.3948 test=0.4026 g_keep=0.869 p_keep=0.869
dual_static/seed1 epoch=080 loss=1.5200 val=0.4719 test=0.5092 g_keep=0.811 p_keep=0.811
dual_static/seed1 epoch=100 loss=1.3970 val=0.6157 test=0.6288 g_keep=0.754 p_keep=0.754
dual_static/seed1 epoch=119 loss=1.3109 val=0.6993 test=0.7150 g_keep=0.700 p_keep=0.700
dual_static/seed2 epoch=000 loss=2.0793 val=0.2471 test=0.2536 g_keep=1.000 p_keep=1.000
dual_static/seed2 epoch=020 loss=1.9316 val=0.2471 test=0.2536 g_keep=0.983 p_keep=0.983
dual_static/seed2 epoch=040 loss=1.8263 val=0.2484 test=0.2536 g_keep=0.926 p_keep=0.926
dual_static/seed2 epoch=060 loss=1.6661 val=0.4353 test=0.4435 g_keep=0.869 p_keep=0.869
dual_static/seed2 epoch=080 loss=1.5017 val=0.5699 test=0.5863 g_keep=0.811 p_keep=0.811
dual_static/seed2 epoch=100 loss=1.3814 val=0.6052 test=0.6221 g_keep=0.754 p_keep=0.754
dual_static/seed2 epoch=119 loss=1.3010 val=0.6889 test=0.6982 g_keep=0.700 p_keep=0.700
ougp_no_cross/seed0 epoch=000 loss=2.0795 val=0.2510 test=0.2559 g_keep=1.000 p_keep=1.000
ougp_no_cross/seed0 epoch=020 loss=1.9402 val=0.2471 test=0.2536 g_keep=0.983 p_keep=0.983
ougp_no_cross/seed0 epoch=040 loss=1.8441 val=0.2471 test=0.2536 g_keep=0.926 p_keep=0.926
ougp_no_cross/seed0 epoch=060 loss=1.6749 val=0.4366 test=0.4492 g_keep=0.869 p_keep=0.869
ougp_no_cross/seed0 epoch=080 loss=1.5059 val=0.5582 test=0.5716 g_keep=0.811 p_keep=0.811
ougp_no_cross/seed0 epoch=100 loss=1.3637 val=0.6588 test=0.6752 g_keep=0.754 p_keep=0.754
ougp_no_cross/seed0 epoch=119 loss=1.2610 val=0.7595 test=0.7686 g_keep=0.700 p_keep=0.700
ougp_no_cross/seed1 epoch=000 loss=2.0795 val=0.2471 test=0.2536 g_keep=1.000 p_keep=1.000
ougp_no_cross/seed1 epoch=020 loss=1.9406 val=0.2471 test=0.2536 g_keep=0.983 p_keep=0.983
ougp_no_cross/seed1 epoch=040 loss=1.8470 val=0.2484 test=0.2536 g_keep=0.926 p_keep=0.926
ougp_no_cross/seed1 epoch=060 loss=1.6839 val=0.3961 test=0.4025 g_keep=0.869 p_keep=0.869
ougp_no_cross/seed1 epoch=080 loss=1.5146 val=0.4784 test=0.5173 g_keep=0.811 p_keep=0.811
ougp_no_cross/seed1 epoch=100 loss=1.3740 val=0.6379 test=0.6557 g_keep=0.754 p_keep=0.754
ougp_no_cross/seed1 epoch=119 loss=1.2781 val=0.7386 test=0.7490 g_keep=0.700 p_keep=0.700
ougp_no_cross/seed2 epoch=000 loss=2.0793 val=0.2471 test=0.2536 g_keep=1.000 p_keep=1.000
ougp_no_cross/seed2 epoch=020 loss=1.9316 val=0.2471 test=0.2536 g_keep=0.983 p_keep=0.983
ougp_no_cross/seed2 epoch=040 loss=1.8262 val=0.2484 test=0.2536 g_keep=0.926 p_keep=0.926
ougp_no_cross/seed2 epoch=060 loss=1.6661 val=0.4353 test=0.4440 g_keep=0.869 p_keep=0.869
ougp_no_cross/seed2 epoch=080 loss=1.4944 val=0.5752 test=0.5923 g_keep=0.811 p_keep=0.811
ougp_no_cross/seed2 epoch=100 loss=1.3589 val=0.6288 test=0.6413 g_keep=0.754 p_keep=0.754
ougp_no_cross/seed2 epoch=119 loss=1.2678 val=0.7307 test=0.7330 g_keep=0.700 p_keep=0.700
ougp/seed0 epoch=000 loss=2.0795 val=0.2510 test=0.2559 g_keep=1.000 p_keep=1.000
ougp/seed0 epoch=020 loss=1.9402 val=0.2471 test=0.2536 g_keep=0.983 p_keep=0.983
ougp/seed0 epoch=040 loss=1.8441 val=0.2471 test=0.2536 g_keep=0.926 p_keep=0.926
ougp/seed0 epoch=060 loss=1.6749 val=0.4366 test=0.4490 g_keep=0.869 p_keep=0.869
ougp/seed0 epoch=080 loss=1.5059 val=0.5569 test=0.5725 g_keep=0.811 p_keep=0.811
ougp/seed0 epoch=100 loss=1.3645 val=0.6575 test=0.6717 g_keep=0.754 p_keep=0.754
ougp/seed0 epoch=119 loss=1.2615 val=0.7582 test=0.7650 g_keep=0.700 p_keep=0.700
ougp/seed1 epoch=000 loss=2.0795 val=0.2471 test=0.2536 g_keep=1.000 p_keep=1.000
ougp/seed1 epoch=020 loss=1.9406 val=0.2471 test=0.2536 g_keep=0.983 p_keep=0.983
ougp/seed1 epoch=040 loss=1.8471 val=0.2484 test=0.2536 g_keep=0.926 p_keep=0.926
ougp/seed1 epoch=060 loss=1.6839 val=0.3961 test=0.4025 g_keep=0.869 p_keep=0.869
ougp/seed1 epoch=080 loss=1.5157 val=0.4784 test=0.5149 g_keep=0.811 p_keep=0.811
ougp/seed1 epoch=100 loss=1.3740 val=0.6392 test=0.6552 g_keep=0.754 p_keep=0.754
ougp/seed1 epoch=119 loss=1.2755 val=0.7464 test=0.7564 g_keep=0.700 p_keep=0.700
ougp/seed2 epoch=000 loss=2.0793 val=0.2471 test=0.2536 g_keep=1.000 p_keep=1.000
ougp/seed2 epoch=020 loss=1.9316 val=0.2471 test=0.2536 g_keep=0.983 p_keep=0.983
ougp/seed2 epoch=040 loss=1.8262 val=0.2484 test=0.2536 g_keep=0.926 p_keep=0.926
ougp/seed2 epoch=060 loss=1.6659 val=0.4353 test=0.4436 g_keep=0.869 p_keep=0.869
ougp/seed2 epoch=080 loss=1.4950 val=0.5752 test=0.5908 g_keep=0.811 p_keep=0.811
ougp/seed2 epoch=100 loss=1.3614 val=0.6261 test=0.6392 g_keep=0.754 p_keep=0.754
ougp/seed2 epoch=119 loss=1.2686 val=0.7307 test=0.7322 g_keep=0.700 p_keep=0.700
Wrote 18 runs to experiments/exp006_photo_gpu_multiseed
# OUGP Case Study Summary

Dataset: `photo`

| Variant | Best Test Acc | Graph Sparsity | Param Sparsity | Graph Churn | Param Churn |
| --- | ---: | ---: | ---: | ---: | ---: |
| dense | 0.8125 +/- 0.0161 | 0.000 | 0.000 | 0.000 | 0.000 |
| dual_static | 0.7161 +/- 0.0137 | 0.300 | 0.300 | 0.003 | 0.003 |
| graph_only | 0.8273 +/- 0.0095 | 0.300 | 0.000 | 0.015 | 0.000 |
| ougp | 0.7509 +/- 0.0136 | 0.300 | 0.300 | 0.022 | 0.003 |
| ougp_no_cross | 0.7513 +/- 0.0146 | 0.300 | 0.300 | 0.014 | 0.003 |
| param_only | 0.7121 +/- 0.0124 | 0.000 | 0.300 | 0.000 | 0.003 |


