Running Amazon Photo event feedback sweep: event_gamma=0.00, gpu=0
graph_only/seed0 epoch=000 loss=2.0795 val=0.2510 test=0.2559 g_keep=1.000 p_keep=1.000
graph_only/seed0 epoch=020 loss=1.9391 val=0.2471 test=0.2536 g_keep=0.983 p_keep=1.000
graph_only/seed0 epoch=040 loss=1.8280 val=0.2471 test=0.2536 g_keep=0.926 p_keep=1.000
graph_only/seed0 epoch=060 loss=1.6068 val=0.4824 test=0.5013 g_keep=0.869 p_keep=1.000
graph_only/seed0 epoch=080 loss=1.3779 val=0.6431 test=0.6560 g_keep=0.811 p_keep=1.000
graph_only/seed0 epoch=100 loss=1.1883 val=0.7791 test=0.7954 g_keep=0.754 p_keep=1.000
graph_only/seed0 epoch=119 loss=1.0546 val=0.8275 test=0.8343 g_keep=0.700 p_keep=1.000
graph_only/seed1 epoch=000 loss=2.0795 val=0.2471 test=0.2536 g_keep=1.000 p_keep=1.000
graph_only/seed1 epoch=020 loss=1.9396 val=0.2471 test=0.2536 g_keep=0.983 p_keep=1.000
graph_only/seed1 epoch=040 loss=1.8320 val=0.2484 test=0.2536 g_keep=0.926 p_keep=1.000
graph_only/seed1 epoch=060 loss=1.6190 val=0.4327 test=0.4492 g_keep=0.869 p_keep=1.000
graph_only/seed1 epoch=080 loss=1.3903 val=0.6039 test=0.6167 g_keep=0.811 p_keep=1.000
graph_only/seed1 epoch=100 loss=1.2022 val=0.7752 test=0.7884 g_keep=0.754 p_keep=1.000
graph_only/seed1 epoch=119 loss=1.0716 val=0.8314 test=0.8361 g_keep=0.700 p_keep=1.000
graph_only/seed2 epoch=000 loss=2.0793 val=0.2471 test=0.2536 g_keep=1.000 p_keep=1.000
graph_only/seed2 epoch=020 loss=1.9305 val=0.2471 test=0.2536 g_keep=0.983 p_keep=1.000
graph_only/seed2 epoch=040 loss=1.8082 val=0.2484 test=0.2541 g_keep=0.926 p_keep=1.000
graph_only/seed2 epoch=060 loss=1.5985 val=0.4902 test=0.5080 g_keep=0.869 p_keep=1.000
graph_only/seed2 epoch=080 loss=1.3726 val=0.6157 test=0.6338 g_keep=0.811 p_keep=1.000
graph_only/seed2 epoch=100 loss=1.1915 val=0.7556 test=0.7603 g_keep=0.754 p_keep=1.000
graph_only/seed2 epoch=119 loss=1.0692 val=0.7869 test=0.8103 g_keep=0.700 p_keep=1.000
ougp/seed0 epoch=000 loss=2.0795 val=0.2510 test=0.2559 g_keep=1.000 p_keep=1.000
ougp/seed0 epoch=020 loss=1.9402 val=0.2471 test=0.2536 g_keep=0.983 p_keep=0.983
ougp/seed0 epoch=040 loss=1.8441 val=0.2471 test=0.2536 g_keep=0.926 p_keep=0.926
ougp/seed0 epoch=060 loss=1.6748 val=0.4366 test=0.4492 g_keep=0.869 p_keep=0.869
ougp/seed0 epoch=080 loss=1.5058 val=0.5582 test=0.5719 g_keep=0.811 p_keep=0.811
ougp/seed0 epoch=100 loss=1.3640 val=0.6588 test=0.6748 g_keep=0.754 p_keep=0.754
ougp/seed0 epoch=119 loss=1.2642 val=0.7569 test=0.7636 g_keep=0.700 p_keep=0.700
ougp/seed1 epoch=000 loss=2.0795 val=0.2471 test=0.2536 g_keep=1.000 p_keep=1.000
ougp/seed1 epoch=020 loss=1.9406 val=0.2471 test=0.2536 g_keep=0.983 p_keep=0.983
ougp/seed1 epoch=040 loss=1.8471 val=0.2484 test=0.2536 g_keep=0.926 p_keep=0.926
ougp/seed1 epoch=060 loss=1.6839 val=0.3948 test=0.4025 g_keep=0.869 p_keep=0.869
ougp/seed1 epoch=080 loss=1.5176 val=0.4745 test=0.5116 g_keep=0.811 p_keep=0.811
ougp/seed1 epoch=100 loss=1.3757 val=0.6379 test=0.6533 g_keep=0.754 p_keep=0.754
ougp/seed1 epoch=119 loss=1.2773 val=0.7412 test=0.7547 g_keep=0.700 p_keep=0.700
ougp/seed2 epoch=000 loss=2.0793 val=0.2471 test=0.2536 g_keep=1.000 p_keep=1.000
ougp/seed2 epoch=020 loss=1.9316 val=0.2471 test=0.2536 g_keep=0.983 p_keep=0.983
ougp/seed2 epoch=040 loss=1.8262 val=0.2484 test=0.2536 g_keep=0.926 p_keep=0.926
ougp/seed2 epoch=060 loss=1.6659 val=0.4353 test=0.4441 g_keep=0.869 p_keep=0.869
ougp/seed2 epoch=080 loss=1.4944 val=0.5752 test=0.5910 g_keep=0.811 p_keep=0.811
ougp/seed2 epoch=100 loss=1.3596 val=0.6275 test=0.6405 g_keep=0.754 p_keep=0.754
ougp/seed2 epoch=119 loss=1.2680 val=0.7320 test=0.7342 g_keep=0.700 p_keep=0.700
Wrote 6 runs to experiments/exp014_photo_event_feedback_sweep/gamma_0_00
# OUGP Case Study Summary

Dataset: `photo`

| Variant | Best Test Acc | Graph Sparsity | Param Sparsity | Graph Churn | Param Churn |
| --- | ---: | ---: | ---: | ---: | ---: |
| graph_only | 0.8272 +/- 0.0120 | 0.300 | 0.000 | 0.018 | 0.000 |
| ougp | 0.7504 +/- 0.0121 | 0.300 | 0.300 | 0.010 | 0.003 |

Running Amazon Photo event feedback sweep: event_gamma=0.05, gpu=0
graph_only/seed0 epoch=000 loss=2.0795 val=0.2510 test=0.2559 g_keep=1.000 p_keep=1.000
graph_only/seed0 epoch=020 loss=1.9391 val=0.2471 test=0.2536 g_keep=0.983 p_keep=1.000
graph_only/seed0 epoch=040 loss=1.8280 val=0.2471 test=0.2536 g_keep=0.926 p_keep=1.000
graph_only/seed0 epoch=060 loss=1.6069 val=0.4824 test=0.5013 g_keep=0.869 p_keep=1.000
graph_only/seed0 epoch=080 loss=1.3791 val=0.6431 test=0.6551 g_keep=0.811 p_keep=1.000
graph_only/seed0 epoch=100 loss=1.1898 val=0.7817 test=0.7956 g_keep=0.754 p_keep=1.000
graph_only/seed0 epoch=119 loss=1.0550 val=0.8301 test=0.8355 g_keep=0.700 p_keep=1.000
graph_only/seed1 epoch=000 loss=2.0795 val=0.2471 test=0.2536 g_keep=1.000 p_keep=1.000
graph_only/seed1 epoch=020 loss=1.9396 val=0.2471 test=0.2536 g_keep=0.983 p_keep=1.000
graph_only/seed1 epoch=040 loss=1.8320 val=0.2484 test=0.2536 g_keep=0.926 p_keep=1.000
graph_only/seed1 epoch=060 loss=1.6189 val=0.4327 test=0.4493 g_keep=0.869 p_keep=1.000
graph_only/seed1 epoch=080 loss=1.3896 val=0.6065 test=0.6178 g_keep=0.811 p_keep=1.000
graph_only/seed1 epoch=100 loss=1.2015 val=0.7752 test=0.7884 g_keep=0.754 p_keep=1.000
graph_only/seed1 epoch=119 loss=1.0705 val=0.8327 test=0.8356 g_keep=0.700 p_keep=1.000
graph_only/seed2 epoch=000 loss=2.0793 val=0.2471 test=0.2536 g_keep=1.000 p_keep=1.000
graph_only/seed2 epoch=020 loss=1.9305 val=0.2471 test=0.2536 g_keep=0.983 p_keep=1.000
graph_only/seed2 epoch=040 loss=1.8082 val=0.2484 test=0.2541 g_keep=0.926 p_keep=1.000
graph_only/seed2 epoch=060 loss=1.5985 val=0.4902 test=0.5080 g_keep=0.869 p_keep=1.000
graph_only/seed2 epoch=080 loss=1.3706 val=0.6183 test=0.6343 g_keep=0.811 p_keep=1.000
graph_only/seed2 epoch=100 loss=1.1916 val=0.7529 test=0.7598 g_keep=0.754 p_keep=1.000
graph_only/seed2 epoch=119 loss=1.0670 val=0.7869 test=0.8116 g_keep=0.700 p_keep=1.000
ougp/seed0 epoch=000 loss=2.0795 val=0.2510 test=0.2559 g_keep=1.000 p_keep=1.000
ougp/seed0 epoch=020 loss=1.9402 val=0.2471 test=0.2536 g_keep=0.983 p_keep=0.983
ougp/seed0 epoch=040 loss=1.8441 val=0.2471 test=0.2536 g_keep=0.926 p_keep=0.926
ougp/seed0 epoch=060 loss=1.6750 val=0.4366 test=0.4492 g_keep=0.869 p_keep=0.869
ougp/seed0 epoch=080 loss=1.5056 val=0.5569 test=0.5725 g_keep=0.811 p_keep=0.811
ougp/seed0 epoch=100 loss=1.3629 val=0.6627 test=0.6781 g_keep=0.754 p_keep=0.754
ougp/seed0 epoch=119 loss=1.2607 val=0.7608 test=0.7690 g_keep=0.700 p_keep=0.700
ougp/seed1 epoch=000 loss=2.0795 val=0.2471 test=0.2536 g_keep=1.000 p_keep=1.000
ougp/seed1 epoch=020 loss=1.9406 val=0.2471 test=0.2536 g_keep=0.983 p_keep=0.983
ougp/seed1 epoch=040 loss=1.8471 val=0.2484 test=0.2536 g_keep=0.926 p_keep=0.926
ougp/seed1 epoch=060 loss=1.6838 val=0.3948 test=0.4025 g_keep=0.869 p_keep=0.869
ougp/seed1 epoch=080 loss=1.5126 val=0.4784 test=0.5185 g_keep=0.811 p_keep=0.811
ougp/seed1 epoch=100 loss=1.3725 val=0.6418 test=0.6598 g_keep=0.754 p_keep=0.754
ougp/seed1 epoch=119 loss=1.2760 val=0.7451 test=0.7572 g_keep=0.700 p_keep=0.700
ougp/seed2 epoch=000 loss=2.0793 val=0.2471 test=0.2536 g_keep=1.000 p_keep=1.000
ougp/seed2 epoch=020 loss=1.9316 val=0.2471 test=0.2536 g_keep=0.983 p_keep=0.983
ougp/seed2 epoch=040 loss=1.8262 val=0.2484 test=0.2536 g_keep=0.926 p_keep=0.926
ougp/seed2 epoch=060 loss=1.6658 val=0.4353 test=0.4443 g_keep=0.869 p_keep=0.869
ougp/seed2 epoch=080 loss=1.4944 val=0.5752 test=0.5908 g_keep=0.811 p_keep=0.811
ougp/seed2 epoch=100 loss=1.3592 val=0.6288 test=0.6407 g_keep=0.754 p_keep=0.754
ougp/seed2 epoch=119 loss=1.2689 val=0.7307 test=0.7309 g_keep=0.700 p_keep=0.700
Wrote 6 runs to experiments/exp014_photo_event_feedback_sweep/gamma_0_05
# OUGP Case Study Summary

Dataset: `photo`

| Variant | Best Test Acc | Graph Sparsity | Param Sparsity | Graph Churn | Param Churn |
| --- | ---: | ---: | ---: | ---: | ---: |
| graph_only | 0.8276 +/- 0.0113 | 0.300 | 0.000 | 0.011 | 0.000 |
| ougp | 0.7516 +/- 0.0157 | 0.300 | 0.300 | 0.011 | 0.003 |

Running Amazon Photo event feedback sweep: event_gamma=0.10, gpu=0
graph_only/seed0 epoch=000 loss=2.0795 val=0.2510 test=0.2559 g_keep=1.000 p_keep=1.000
graph_only/seed0 epoch=020 loss=1.9391 val=0.2471 test=0.2536 g_keep=0.983 p_keep=1.000
graph_only/seed0 epoch=040 loss=1.8280 val=0.2471 test=0.2536 g_keep=0.926 p_keep=1.000
graph_only/seed0 epoch=060 loss=1.6069 val=0.4824 test=0.5013 g_keep=0.869 p_keep=1.000
graph_only/seed0 epoch=080 loss=1.3820 val=0.6379 test=0.6528 g_keep=0.811 p_keep=1.000
graph_only/seed0 epoch=100 loss=1.1908 val=0.7791 test=0.7946 g_keep=0.754 p_keep=1.000
graph_only/seed0 epoch=119 loss=1.0574 val=0.8275 test=0.8327 g_keep=0.700 p_keep=1.000
graph_only/seed1 epoch=000 loss=2.0795 val=0.2471 test=0.2536 g_keep=1.000 p_keep=1.000
graph_only/seed1 epoch=020 loss=1.9396 val=0.2471 test=0.2536 g_keep=0.983 p_keep=1.000
graph_only/seed1 epoch=040 loss=1.8320 val=0.2484 test=0.2536 g_keep=0.926 p_keep=1.000
graph_only/seed1 epoch=060 loss=1.6190 val=0.4327 test=0.4492 g_keep=0.869 p_keep=1.000
graph_only/seed1 epoch=080 loss=1.3908 val=0.6065 test=0.6173 g_keep=0.811 p_keep=1.000
graph_only/seed1 epoch=100 loss=1.2026 val=0.7725 test=0.7879 g_keep=0.754 p_keep=1.000
graph_only/seed1 epoch=119 loss=1.0710 val=0.8301 test=0.8351 g_keep=0.700 p_keep=1.000
graph_only/seed2 epoch=000 loss=2.0793 val=0.2471 test=0.2536 g_keep=1.000 p_keep=1.000
graph_only/seed2 epoch=020 loss=1.9305 val=0.2471 test=0.2536 g_keep=0.983 p_keep=1.000
graph_only/seed2 epoch=040 loss=1.8082 val=0.2484 test=0.2541 g_keep=0.926 p_keep=1.000
graph_only/seed2 epoch=060 loss=1.5984 val=0.4902 test=0.5080 g_keep=0.869 p_keep=1.000
graph_only/seed2 epoch=080 loss=1.3713 val=0.6196 test=0.6343 g_keep=0.811 p_keep=1.000
graph_only/seed2 epoch=100 loss=1.1924 val=0.7516 test=0.7587 g_keep=0.754 p_keep=1.000
graph_only/seed2 epoch=119 loss=1.0681 val=0.7895 test=0.8119 g_keep=0.700 p_keep=1.000
ougp/seed0 epoch=000 loss=2.0795 val=0.2510 test=0.2559 g_keep=1.000 p_keep=1.000
ougp/seed0 epoch=020 loss=1.9402 val=0.2471 test=0.2536 g_keep=0.983 p_keep=0.983
ougp/seed0 epoch=040 loss=1.8441 val=0.2471 test=0.2536 g_keep=0.926 p_keep=0.926
ougp/seed0 epoch=060 loss=1.6750 val=0.4366 test=0.4490 g_keep=0.869 p_keep=0.869
ougp/seed0 epoch=080 loss=1.5059 val=0.5569 test=0.5724 g_keep=0.811 p_keep=0.811
ougp/seed0 epoch=100 loss=1.3656 val=0.6601 test=0.6732 g_keep=0.754 p_keep=0.754
ougp/seed0 epoch=119 loss=1.2655 val=0.7569 test=0.7634 g_keep=0.700 p_keep=0.700
ougp/seed1 epoch=000 loss=2.0795 val=0.2471 test=0.2536 g_keep=1.000 p_keep=1.000
ougp/seed1 epoch=020 loss=1.9406 val=0.2471 test=0.2536 g_keep=0.983 p_keep=0.983
ougp/seed1 epoch=040 loss=1.8471 val=0.2484 test=0.2536 g_keep=0.926 p_keep=0.926
ougp/seed1 epoch=060 loss=1.6839 val=0.3961 test=0.4026 g_keep=0.869 p_keep=0.869
ougp/seed1 epoch=080 loss=1.5143 val=0.4784 test=0.5167 g_keep=0.811 p_keep=0.811
ougp/seed1 epoch=100 loss=1.3733 val=0.6418 test=0.6587 g_keep=0.754 p_keep=0.754
ougp/seed1 epoch=119 loss=1.2762 val=0.7412 test=0.7529 g_keep=0.700 p_keep=0.700
ougp/seed2 epoch=000 loss=2.0793 val=0.2471 test=0.2536 g_keep=1.000 p_keep=1.000
ougp/seed2 epoch=020 loss=1.9316 val=0.2471 test=0.2536 g_keep=0.983 p_keep=0.983
ougp/seed2 epoch=040 loss=1.8262 val=0.2484 test=0.2536 g_keep=0.926 p_keep=0.926
ougp/seed2 epoch=060 loss=1.6659 val=0.4353 test=0.4441 g_keep=0.869 p_keep=0.869
ougp/seed2 epoch=080 loss=1.4943 val=0.5725 test=0.5899 g_keep=0.811 p_keep=0.811
ougp/seed2 epoch=100 loss=1.3590 val=0.6301 test=0.6417 g_keep=0.754 p_keep=0.754
ougp/seed2 epoch=119 loss=1.2682 val=0.7307 test=0.7320 g_keep=0.700 p_keep=0.700
Wrote 6 runs to experiments/exp014_photo_event_feedback_sweep/gamma_0_10
# OUGP Case Study Summary

Dataset: `photo`

| Variant | Best Test Acc | Graph Sparsity | Param Sparsity | Graph Churn | Param Churn |
| --- | ---: | ---: | ---: | ---: | ---: |
| graph_only | 0.8242 +/- 0.0089 | 0.300 | 0.000 | 0.004 | 0.000 |
| ougp | 0.7492 +/- 0.0126 | 0.300 | 0.300 | 0.007 | 0.003 |

Running Amazon Photo event feedback sweep: event_gamma=0.20, gpu=0
graph_only/seed0 epoch=000 loss=2.0795 val=0.2510 test=0.2559 g_keep=1.000 p_keep=1.000
graph_only/seed0 epoch=020 loss=1.9391 val=0.2471 test=0.2536 g_keep=0.983 p_keep=1.000
graph_only/seed0 epoch=040 loss=1.8280 val=0.2471 test=0.2536 g_keep=0.926 p_keep=1.000
graph_only/seed0 epoch=060 loss=1.6069 val=0.4824 test=0.5013 g_keep=0.869 p_keep=1.000
graph_only/seed0 epoch=080 loss=1.3804 val=0.6431 test=0.6544 g_keep=0.811 p_keep=1.000
graph_only/seed0 epoch=100 loss=1.1928 val=0.7765 test=0.7918 g_keep=0.754 p_keep=1.000
graph_only/seed0 epoch=119 loss=1.0555 val=0.8314 test=0.8345 g_keep=0.700 p_keep=1.000
graph_only/seed1 epoch=000 loss=2.0795 val=0.2471 test=0.2536 g_keep=1.000 p_keep=1.000
graph_only/seed1 epoch=020 loss=1.9396 val=0.2471 test=0.2536 g_keep=0.983 p_keep=1.000
graph_only/seed1 epoch=040 loss=1.8320 val=0.2484 test=0.2536 g_keep=0.926 p_keep=1.000
graph_only/seed1 epoch=060 loss=1.6189 val=0.4327 test=0.4493 g_keep=0.869 p_keep=1.000
graph_only/seed1 epoch=080 loss=1.3900 val=0.6039 test=0.6162 g_keep=0.811 p_keep=1.000
graph_only/seed1 epoch=100 loss=1.2032 val=0.7765 test=0.7879 g_keep=0.754 p_keep=1.000
graph_only/seed1 epoch=119 loss=1.0697 val=0.8340 test=0.8359 g_keep=0.700 p_keep=1.000
graph_only/seed2 epoch=000 loss=2.0793 val=0.2471 test=0.2536 g_keep=1.000 p_keep=1.000
graph_only/seed2 epoch=020 loss=1.9305 val=0.2471 test=0.2536 g_keep=0.983 p_keep=1.000
graph_only/seed2 epoch=040 loss=1.8082 val=0.2484 test=0.2541 g_keep=0.926 p_keep=1.000
graph_only/seed2 epoch=060 loss=1.5986 val=0.4863 test=0.5078 g_keep=0.869 p_keep=1.000
graph_only/seed2 epoch=080 loss=1.3712 val=0.6144 test=0.6343 g_keep=0.811 p_keep=1.000
graph_only/seed2 epoch=100 loss=1.1943 val=0.7503 test=0.7554 g_keep=0.754 p_keep=1.000
graph_only/seed2 epoch=119 loss=1.0676 val=0.7856 test=0.8109 g_keep=0.700 p_keep=1.000
ougp/seed0 epoch=000 loss=2.0795 val=0.2510 test=0.2559 g_keep=1.000 p_keep=1.000
ougp/seed0 epoch=020 loss=1.9402 val=0.2471 test=0.2536 g_keep=0.983 p_keep=0.983
ougp/seed0 epoch=040 loss=1.8441 val=0.2471 test=0.2536 g_keep=0.926 p_keep=0.926
ougp/seed0 epoch=060 loss=1.6749 val=0.4366 test=0.4492 g_keep=0.869 p_keep=0.869
ougp/seed0 epoch=080 loss=1.5058 val=0.5569 test=0.5717 g_keep=0.811 p_keep=0.811
ougp/seed0 epoch=100 loss=1.3636 val=0.6627 test=0.6775 g_keep=0.754 p_keep=0.754
ougp/seed0 epoch=119 loss=1.2609 val=0.7582 test=0.7657 g_keep=0.700 p_keep=0.700
ougp/seed1 epoch=000 loss=2.0795 val=0.2471 test=0.2536 g_keep=1.000 p_keep=1.000
ougp/seed1 epoch=020 loss=1.9406 val=0.2471 test=0.2536 g_keep=0.983 p_keep=0.983
ougp/seed1 epoch=040 loss=1.8471 val=0.2484 test=0.2536 g_keep=0.926 p_keep=0.926
ougp/seed1 epoch=060 loss=1.6839 val=0.3948 test=0.4025 g_keep=0.869 p_keep=0.869
ougp/seed1 epoch=080 loss=1.5134 val=0.4784 test=0.5178 g_keep=0.811 p_keep=0.811
ougp/seed1 epoch=100 loss=1.3723 val=0.6418 test=0.6582 g_keep=0.754 p_keep=0.754
ougp/seed1 epoch=119 loss=1.2757 val=0.7425 test=0.7539 g_keep=0.700 p_keep=0.700
ougp/seed2 epoch=000 loss=2.0793 val=0.2471 test=0.2536 g_keep=1.000 p_keep=1.000
ougp/seed2 epoch=020 loss=1.9316 val=0.2471 test=0.2536 g_keep=0.983 p_keep=0.983
ougp/seed2 epoch=040 loss=1.8262 val=0.2484 test=0.2536 g_keep=0.926 p_keep=0.926
ougp/seed2 epoch=060 loss=1.6660 val=0.4353 test=0.4436 g_keep=0.869 p_keep=0.869
ougp/seed2 epoch=080 loss=1.4951 val=0.5752 test=0.5904 g_keep=0.811 p_keep=0.811
ougp/seed2 epoch=100 loss=1.3594 val=0.6288 test=0.6410 g_keep=0.754 p_keep=0.754
ougp/seed2 epoch=119 loss=1.2687 val=0.7294 test=0.7302 g_keep=0.700 p_keep=0.700
Wrote 6 runs to experiments/exp014_photo_event_feedback_sweep/gamma_0_20
# OUGP Case Study Summary

Dataset: `photo`

| Variant | Best Test Acc | Graph Sparsity | Param Sparsity | Graph Churn | Param Churn |
| --- | ---: | ---: | ---: | ---: | ---: |
| graph_only | 0.8243 +/- 0.0154 | 0.300 | 0.000 | 0.014 | 0.000 |
| ougp | 0.7490 +/- 0.0139 | 0.300 | 0.300 | 0.010 | 0.003 |

