dense/seed0 epoch=000 loss=2.0795 val=0.2510 test=0.2559 g_keep=1.000 p_keep=1.000
dense/seed0 epoch=020 loss=1.9392 val=0.2471 test=0.2536 g_keep=1.000 p_keep=1.000
dense/seed0 epoch=040 loss=1.8286 val=0.2471 test=0.2536 g_keep=1.000 p_keep=1.000
dense/seed0 epoch=060 loss=1.6093 val=0.4824 test=0.5011 g_keep=1.000 p_keep=1.000
dense/seed0 epoch=080 loss=1.3893 val=0.6392 test=0.6484 g_keep=1.000 p_keep=1.000
dense/seed0 epoch=100 loss=1.2190 val=0.7660 test=0.7757 g_keep=1.000 p_keep=1.000
dense/seed0 epoch=119 loss=1.1017 val=0.8078 test=0.8248 g_keep=1.000 p_keep=1.000
dense/seed1 epoch=000 loss=2.0795 val=0.2471 test=0.2536 g_keep=1.000 p_keep=1.000
dense/seed1 epoch=020 loss=1.9396 val=0.2471 test=0.2536 g_keep=1.000 p_keep=1.000
dense/seed1 epoch=040 loss=1.8327 val=0.2484 test=0.2536 g_keep=1.000 p_keep=1.000
dense/seed1 epoch=060 loss=1.6213 val=0.4340 test=0.4495 g_keep=1.000 p_keep=1.000
dense/seed1 epoch=080 loss=1.4035 val=0.5922 test=0.6085 g_keep=1.000 p_keep=1.000
dense/seed1 epoch=100 loss=1.2355 val=0.7569 test=0.7680 g_keep=1.000 p_keep=1.000
dense/seed1 epoch=119 loss=1.1176 val=0.8144 test=0.8263 g_keep=1.000 p_keep=1.000
dense/seed2 epoch=000 loss=2.0793 val=0.2471 test=0.2536 g_keep=1.000 p_keep=1.000
dense/seed2 epoch=020 loss=1.9305 val=0.2471 test=0.2536 g_keep=1.000 p_keep=1.000
dense/seed2 epoch=040 loss=1.8089 val=0.2484 test=0.2541 g_keep=1.000 p_keep=1.000
dense/seed2 epoch=060 loss=1.6014 val=0.4889 test=0.5078 g_keep=1.000 p_keep=1.000
dense/seed2 epoch=080 loss=1.3853 val=0.6092 test=0.6284 g_keep=1.000 p_keep=1.000
dense/seed2 epoch=100 loss=1.2237 val=0.7255 test=0.7319 g_keep=1.000 p_keep=1.000
dense/seed2 epoch=119 loss=1.1138 val=0.7739 test=0.7899 g_keep=1.000 p_keep=1.000
graph_only/seed0 epoch=000 loss=2.0795 val=0.2510 test=0.2559 g_keep=1.000 p_keep=1.000
graph_only/seed0 epoch=020 loss=1.9391 val=0.2471 test=0.2536 g_keep=0.983 p_keep=1.000
graph_only/seed0 epoch=040 loss=1.8280 val=0.2471 test=0.2536 g_keep=0.926 p_keep=1.000
graph_only/seed0 epoch=060 loss=1.6069 val=0.4824 test=0.5013 g_keep=0.869 p_keep=1.000
graph_only/seed0 epoch=080 loss=1.3793 val=0.6431 test=0.6552 g_keep=0.811 p_keep=1.000
graph_only/seed0 epoch=100 loss=1.1906 val=0.7778 test=0.7925 g_keep=0.754 p_keep=1.000
graph_only/seed0 epoch=119 loss=1.0558 val=0.8275 test=0.8335 g_keep=0.700 p_keep=1.000
graph_only/seed1 epoch=000 loss=2.0795 val=0.2471 test=0.2536 g_keep=1.000 p_keep=1.000
graph_only/seed1 epoch=020 loss=1.9396 val=0.2471 test=0.2536 g_keep=0.983 p_keep=1.000
graph_only/seed1 epoch=040 loss=1.8320 val=0.2484 test=0.2536 g_keep=0.926 p_keep=1.000
graph_only/seed1 epoch=060 loss=1.6189 val=0.4327 test=0.4493 g_keep=0.869 p_keep=1.000
graph_only/seed1 epoch=080 loss=1.3900 val=0.6065 test=0.6178 g_keep=0.811 p_keep=1.000
graph_only/seed1 epoch=100 loss=1.2036 val=0.7778 test=0.7876 g_keep=0.754 p_keep=1.000
graph_only/seed1 epoch=119 loss=1.0717 val=0.8314 test=0.8346 g_keep=0.700 p_keep=1.000
graph_only/seed2 epoch=000 loss=2.0793 val=0.2471 test=0.2536 g_keep=1.000 p_keep=1.000
graph_only/seed2 epoch=020 loss=1.9305 val=0.2471 test=0.2536 g_keep=0.983 p_keep=1.000
graph_only/seed2 epoch=040 loss=1.8082 val=0.2484 test=0.2541 g_keep=0.926 p_keep=1.000
graph_only/seed2 epoch=060 loss=1.5985 val=0.4902 test=0.5080 g_keep=0.869 p_keep=1.000
graph_only/seed2 epoch=080 loss=1.3713 val=0.6196 test=0.6345 g_keep=0.811 p_keep=1.000
graph_only/seed2 epoch=100 loss=1.1916 val=0.7542 test=0.7603 g_keep=0.754 p_keep=1.000
graph_only/seed2 epoch=119 loss=1.0656 val=0.7935 test=0.8160 g_keep=0.700 p_keep=1.000
param_only/seed0 epoch=000 loss=2.0795 val=0.2510 test=0.2559 g_keep=1.000 p_keep=1.000
param_only/seed0 epoch=020 loss=1.9395 val=0.2471 test=0.2536 g_keep=1.000 p_keep=0.994
param_only/seed0 epoch=040 loss=1.8340 val=0.2471 test=0.2536 g_keep=1.000 p_keep=0.975
param_only/seed0 epoch=060 loss=1.6316 val=0.4745 test=0.4899 g_keep=1.000 p_keep=0.956
param_only/seed0 epoch=080 loss=1.4294 val=0.6078 test=0.6275 g_keep=1.000 p_keep=0.937
param_only/seed0 epoch=100 loss=1.2736 val=0.7176 test=0.7335 g_keep=1.000 p_keep=0.918
param_only/seed0 epoch=119 loss=1.1657 val=0.7922 test=0.8059 g_keep=1.000 p_keep=0.900
param_only/seed1 epoch=000 loss=2.0795 val=0.2471 test=0.2536 g_keep=1.000 p_keep=1.000
param_only/seed1 epoch=020 loss=1.9400 val=0.2471 test=0.2536 g_keep=1.000 p_keep=0.994
param_only/seed1 epoch=040 loss=1.8377 val=0.2484 test=0.2536 g_keep=1.000 p_keep=0.975
param_only/seed1 epoch=060 loss=1.6426 val=0.4288 test=0.4392 g_keep=1.000 p_keep=0.956
param_only/seed1 epoch=080 loss=1.4425 val=0.5542 test=0.5781 g_keep=1.000 p_keep=0.937
param_only/seed1 epoch=100 loss=1.2891 val=0.7242 test=0.7283 g_keep=1.000 p_keep=0.918
param_only/seed1 epoch=119 loss=1.1823 val=0.7882 test=0.8067 g_keep=1.000 p_keep=0.900
param_only/seed2 epoch=000 loss=2.0793 val=0.2471 test=0.2536 g_keep=1.000 p_keep=1.000
param_only/seed2 epoch=020 loss=1.9309 val=0.2471 test=0.2536 g_keep=1.000 p_keep=0.994
param_only/seed2 epoch=040 loss=1.8149 val=0.2484 test=0.2536 g_keep=1.000 p_keep=0.975
param_only/seed2 epoch=060 loss=1.6235 val=0.4693 test=0.4840 g_keep=1.000 p_keep=0.956
param_only/seed2 epoch=080 loss=1.4248 val=0.5987 test=0.6105 g_keep=1.000 p_keep=0.937
param_only/seed2 epoch=100 loss=1.2763 val=0.6601 test=0.6807 g_keep=1.000 p_keep=0.918
param_only/seed2 epoch=119 loss=1.1761 val=0.7556 test=0.7685 g_keep=1.000 p_keep=0.900
dual_static/seed0 epoch=000 loss=2.0795 val=0.2510 test=0.2559 g_keep=1.000 p_keep=1.000
dual_static/seed0 epoch=020 loss=1.9395 val=0.2471 test=0.2536 g_keep=0.983 p_keep=0.994
dual_static/seed0 epoch=040 loss=1.8334 val=0.2471 test=0.2536 g_keep=0.926 p_keep=0.975
dual_static/seed0 epoch=060 loss=1.6292 val=0.4758 test=0.4904 g_keep=0.869 p_keep=0.956
dual_static/seed0 epoch=080 loss=1.4244 val=0.6052 test=0.6227 g_keep=0.811 p_keep=0.937
dual_static/seed0 epoch=100 loss=1.2653 val=0.7229 test=0.7364 g_keep=0.754 p_keep=0.918
dual_static/seed0 epoch=119 loss=1.1527 val=0.7922 test=0.8103 g_keep=0.700 p_keep=0.900
dual_static/seed1 epoch=000 loss=2.0795 val=0.2471 test=0.2536 g_keep=1.000 p_keep=1.000
dual_static/seed1 epoch=020 loss=1.9399 val=0.2471 test=0.2536 g_keep=0.983 p_keep=0.994
dual_static/seed1 epoch=040 loss=1.8371 val=0.2484 test=0.2536 g_keep=0.926 p_keep=0.975
dual_static/seed1 epoch=060 loss=1.6404 val=0.4275 test=0.4407 g_keep=0.869 p_keep=0.956
dual_static/seed1 epoch=080 loss=1.4380 val=0.5542 test=0.5784 g_keep=0.811 p_keep=0.937
dual_static/seed1 epoch=100 loss=1.2808 val=0.7216 test=0.7302 g_keep=0.754 p_keep=0.918
dual_static/seed1 epoch=119 loss=1.1696 val=0.7908 test=0.8095 g_keep=0.700 p_keep=0.900
dual_static/seed2 epoch=000 loss=2.0793 val=0.2471 test=0.2536 g_keep=1.000 p_keep=1.000
dual_static/seed2 epoch=020 loss=1.9308 val=0.2471 test=0.2536 g_keep=0.983 p_keep=0.994
dual_static/seed2 epoch=040 loss=1.8143 val=0.2484 test=0.2536 g_keep=0.926 p_keep=0.975
dual_static/seed2 epoch=060 loss=1.6210 val=0.4719 test=0.4848 g_keep=0.869 p_keep=0.956
dual_static/seed2 epoch=080 loss=1.4196 val=0.5987 test=0.6129 g_keep=0.811 p_keep=0.937
dual_static/seed2 epoch=100 loss=1.2679 val=0.6641 test=0.6846 g_keep=0.754 p_keep=0.918
dual_static/seed2 epoch=119 loss=1.1634 val=0.7595 test=0.7719 g_keep=0.700 p_keep=0.900
ougp_no_cross/seed0 epoch=000 loss=2.0795 val=0.2510 test=0.2559 g_keep=1.000 p_keep=1.000
ougp_no_cross/seed0 epoch=020 loss=1.9395 val=0.2471 test=0.2536 g_keep=0.983 p_keep=0.994
ougp_no_cross/seed0 epoch=040 loss=1.8334 val=0.2471 test=0.2536 g_keep=0.926 p_keep=0.975
ougp_no_cross/seed0 epoch=060 loss=1.6293 val=0.4758 test=0.4904 g_keep=0.869 p_keep=0.956
ougp_no_cross/seed0 epoch=080 loss=1.4208 val=0.6105 test=0.6240 g_keep=0.811 p_keep=0.937
ougp_no_cross/seed0 epoch=100 loss=1.2447 val=0.7503 test=0.7582 g_keep=0.754 p_keep=0.918
ougp_no_cross/seed0 epoch=119 loss=1.1197 val=0.8078 test=0.8235 g_keep=0.700 p_keep=0.900
ougp_no_cross/seed1 epoch=000 loss=2.0795 val=0.2471 test=0.2536 g_keep=1.000 p_keep=1.000
ougp_no_cross/seed1 epoch=020 loss=1.9399 val=0.2471 test=0.2536 g_keep=0.983 p_keep=0.994
ougp_no_cross/seed1 epoch=040 loss=1.8370 val=0.2484 test=0.2536 g_keep=0.926 p_keep=0.975
ougp_no_cross/seed1 epoch=060 loss=1.6404 val=0.4275 test=0.4408 g_keep=0.869 p_keep=0.956
ougp_no_cross/seed1 epoch=080 loss=1.4336 val=0.5582 test=0.5812 g_keep=0.811 p_keep=0.937
ougp_no_cross/seed1 epoch=100 loss=1.2571 val=0.7412 test=0.7515 g_keep=0.754 p_keep=0.918
ougp_no_cross/seed1 epoch=119 loss=1.1357 val=0.8170 test=0.8240 g_keep=0.700 p_keep=0.900
ougp_no_cross/seed2 epoch=000 loss=2.0793 val=0.2471 test=0.2536 g_keep=1.000 p_keep=1.000
ougp_no_cross/seed2 epoch=020 loss=1.9308 val=0.2471 test=0.2536 g_keep=0.983 p_keep=0.994
ougp_no_cross/seed2 epoch=040 loss=1.8142 val=0.2484 test=0.2536 g_keep=0.926 p_keep=0.975
ougp_no_cross/seed2 epoch=060 loss=1.6208 val=0.4719 test=0.4848 g_keep=0.869 p_keep=0.956
ougp_no_cross/seed2 epoch=080 loss=1.4120 val=0.6052 test=0.6194 g_keep=0.811 p_keep=0.937
ougp_no_cross/seed2 epoch=100 loss=1.2454 val=0.7111 test=0.7152 g_keep=0.754 p_keep=0.918
ougp_no_cross/seed2 epoch=119 loss=1.1310 val=0.7725 test=0.7915 g_keep=0.700 p_keep=0.900
ougp/seed0 epoch=000 loss=2.0795 val=0.2510 test=0.2559 g_keep=1.000 p_keep=1.000
ougp/seed0 epoch=020 loss=1.9395 val=0.2471 test=0.2536 g_keep=0.983 p_keep=0.994
ougp/seed0 epoch=040 loss=1.8334 val=0.2471 test=0.2536 g_keep=0.926 p_keep=0.975
ougp/seed0 epoch=060 loss=1.6292 val=0.4758 test=0.4904 g_keep=0.869 p_keep=0.956
ougp/seed0 epoch=080 loss=1.4198 val=0.6131 test=0.6240 g_keep=0.811 p_keep=0.937
ougp/seed0 epoch=100 loss=1.2451 val=0.7490 test=0.7583 g_keep=0.754 p_keep=0.918
ougp/seed0 epoch=119 loss=1.1194 val=0.8065 test=0.8245 g_keep=0.700 p_keep=0.900
ougp/seed1 epoch=000 loss=2.0795 val=0.2471 test=0.2536 g_keep=1.000 p_keep=1.000
ougp/seed1 epoch=020 loss=1.9399 val=0.2471 test=0.2536 g_keep=0.983 p_keep=0.994
ougp/seed1 epoch=040 loss=1.8370 val=0.2484 test=0.2536 g_keep=0.926 p_keep=0.975
ougp/seed1 epoch=060 loss=1.6403 val=0.4275 test=0.4407 g_keep=0.869 p_keep=0.956
ougp/seed1 epoch=080 loss=1.4305 val=0.5608 test=0.5846 g_keep=0.811 p_keep=0.937
ougp/seed1 epoch=100 loss=1.2555 val=0.7477 test=0.7578 g_keep=0.754 p_keep=0.918
ougp/seed1 epoch=119 loss=1.1351 val=0.8196 test=0.8240 g_keep=0.700 p_keep=0.900
ougp/seed2 epoch=000 loss=2.0793 val=0.2471 test=0.2536 g_keep=1.000 p_keep=1.000
ougp/seed2 epoch=020 loss=1.9308 val=0.2471 test=0.2536 g_keep=0.983 p_keep=0.994
ougp/seed2 epoch=040 loss=1.8142 val=0.2484 test=0.2536 g_keep=0.926 p_keep=0.975
ougp/seed2 epoch=060 loss=1.6209 val=0.4719 test=0.4848 g_keep=0.869 p_keep=0.956
ougp/seed2 epoch=080 loss=1.4117 val=0.6052 test=0.6181 g_keep=0.811 p_keep=0.937
ougp/seed2 epoch=100 loss=1.2467 val=0.7085 test=0.7136 g_keep=0.754 p_keep=0.918
ougp/seed2 epoch=119 loss=1.1304 val=0.7725 test=0.7908 g_keep=0.700 p_keep=0.900
Wrote 18 runs to experiments/exp010_photo_param_sparsity_sweep/s010
# OUGP Case Study Summary

Dataset: `photo`

| Variant | Best Test Acc | Graph Sparsity | Param Sparsity | Graph Churn | Param Churn |
| --- | ---: | ---: | ---: | ---: | ---: |
| dense | 0.8124 +/- 0.0160 | 0.000 | 0.000 | 0.000 | 0.000 |
| dual_static | 0.7973 +/- 0.0180 | 0.300 | 0.100 | 0.003 | 0.001 |
| graph_only | 0.8281 +/- 0.0085 | 0.300 | 0.000 | 0.015 | 0.000 |
| ougp | 0.8131 +/- 0.0157 | 0.300 | 0.100 | 0.014 | 0.001 |
| ougp_no_cross | 0.8112 +/- 0.0186 | 0.300 | 0.100 | 0.018 | 0.001 |
| param_only | 0.7924 +/- 0.0212 | 0.000 | 0.100 | 0.000 | 0.001 |

