ougp/seed0 epoch=000 loss=2.0795 val=0.3399 test=0.3582 g_keep=1.000 p_keep=1.000
ougp/seed0 epoch=020 loss=1.9434 val=0.2471 test=0.2536 g_keep=0.983 p_keep=0.983
ougp/seed0 epoch=040 loss=1.9223 val=0.2536 test=0.2583 g_keep=0.926 p_keep=0.926
ougp/seed0 epoch=060 loss=1.8367 val=0.4235 test=0.4466 g_keep=0.869 p_keep=0.869
ougp/seed0 epoch=080 loss=1.6861 val=0.4327 test=0.4498 g_keep=0.811 p_keep=0.811
ougp/seed0 epoch=100 loss=1.5440 val=0.4562 test=0.4828 g_keep=0.754 p_keep=0.754
ougp/seed0 epoch=119 loss=1.3854 val=0.5804 test=0.6064 g_keep=0.700 p_keep=0.700
ougp/seed1 epoch=000 loss=2.0795 val=0.2471 test=0.2536 g_keep=1.000 p_keep=1.000
ougp/seed1 epoch=020 loss=1.9412 val=0.2471 test=0.2536 g_keep=0.983 p_keep=0.983
ougp/seed1 epoch=040 loss=1.9205 val=0.3124 test=0.3243 g_keep=0.926 p_keep=0.926
ougp/seed1 epoch=060 loss=1.8341 val=0.4288 test=0.4440 g_keep=0.869 p_keep=0.869
ougp/seed1 epoch=080 loss=1.6684 val=0.4092 test=0.4366 g_keep=0.811 p_keep=0.811
ougp/seed1 epoch=100 loss=1.5063 val=0.4719 test=0.5029 g_keep=0.754 p_keep=0.754
ougp/seed1 epoch=119 loss=1.3623 val=0.6471 test=0.6665 g_keep=0.700 p_keep=0.700
ougp/seed2 epoch=000 loss=2.0793 val=0.2471 test=0.2536 g_keep=1.000 p_keep=1.000
ougp/seed2 epoch=020 loss=1.9391 val=0.2471 test=0.2536 g_keep=0.983 p_keep=0.983
ougp/seed2 epoch=040 loss=1.9092 val=0.4170 test=0.4292 g_keep=0.926 p_keep=0.926
ougp/seed2 epoch=060 loss=1.8006 val=0.4301 test=0.4479 g_keep=0.869 p_keep=0.869
ougp/seed2 epoch=080 loss=1.6607 val=0.4248 test=0.4482 g_keep=0.811 p_keep=0.811
ougp/seed2 epoch=100 loss=1.5324 val=0.4275 test=0.4559 g_keep=0.754 p_keep=0.754
ougp/seed2 epoch=119 loss=1.4145 val=0.5203 test=0.5472 g_keep=0.700 p_keep=0.700
Wrote 3 runs to experiments/exp015_photo_recall_steering_sweep/recall_steering
# OUGP Case Study Summary

Dataset: `photo`

| Variant | Best Test Acc | Graph Sparsity | Param Sparsity | Graph Churn | Param Churn |
| --- | ---: | ---: | ---: | ---: | ---: |
| ougp | 0.6308 +/- 0.0474 | 0.300 | 0.300 | 0.012 | 0.006 |

