ougp/seed0 epoch=000 loss=2.0795 val=0.2510 test=0.2559 g_keep=1.000 p_keep=1.000 param_logits_mean=2.000000 param_logits_std=0.000000 param_memory_correction_mean=0.000000 param_memory_correction_std=0.000000 param_memory_raw_correction_mean=0.000000 param_memory_raw_correction_std=0.000000 recall_correction_mean=0.000000 recall_correction_std=0.000000
ougp/seed0 epoch=020 loss=1.9401 val=0.2471 test=0.2536 g_keep=0.983 p_keep=0.983 param_logits_mean=1.940055 param_logits_std=0.000007 param_memory_correction_mean=0.000000 param_memory_correction_std=1.000000 param_memory_raw_correction_mean=0.030525 param_memory_raw_correction_std=0.040098 recall_correction_mean=0.000511 recall_correction_std=0.000556
ougp/seed0 epoch=040 loss=1.8436 val=0.2471 test=0.2536 g_keep=0.926 p_keep=0.926 param_logits_mean=1.744227 param_logits_std=0.000392 param_memory_correction_mean=0.000000 param_memory_correction_std=1.000000 param_memory_raw_correction_mean=0.111899 param_memory_raw_correction_std=0.724335 recall_correction_mean=0.001548 recall_correction_std=0.001518
ougp/seed0 epoch=060 loss=1.6710 val=0.4379 test=0.4525 g_keep=0.869 p_keep=0.869 param_logits_mean=1.576384 param_logits_std=0.004497 param_memory_correction_mean=-0.000000 param_memory_correction_std=1.000000 param_memory_raw_correction_mean=1.410077 param_memory_raw_correction_std=1.016596 recall_correction_mean=0.002053 recall_correction_std=0.001599
ougp/seed0 epoch=080 loss=1.5020 val=0.5647 test=0.5788 g_keep=0.811 p_keep=0.811 param_logits_mean=1.502009 param_logits_std=0.043283 param_memory_correction_mean=-0.000000 param_memory_correction_std=1.000000 param_memory_raw_correction_mean=4.412120 param_memory_raw_correction_std=2.341283 recall_correction_mean=0.003070 recall_correction_std=0.002412
ougp/seed0 epoch=100 loss=1.3649 val=0.6654 test=0.6794 g_keep=0.754 p_keep=0.754 param_logits_mean=1.628101 param_logits_std=0.143366 param_memory_correction_mean=0.000000 param_memory_correction_std=1.000000 param_memory_raw_correction_mean=8.441647 param_memory_raw_correction_std=2.845904 recall_correction_mean=0.005352 recall_correction_std=0.005044
ougp/seed0 epoch=119 loss=1.2623 val=0.7569 test=0.7639 g_keep=0.700 p_keep=0.700 param_logits_mean=1.877239 param_logits_std=0.222680 param_memory_correction_mean=0.000000 param_memory_correction_std=1.000000 param_memory_raw_correction_mean=11.185706 param_memory_raw_correction_std=3.777814 recall_correction_mean=0.008889 recall_correction_std=0.009999
ougp/seed1 epoch=000 loss=2.0795 val=0.2471 test=0.2536 g_keep=1.000 p_keep=1.000 param_logits_mean=2.000000 param_logits_std=0.000000 param_memory_correction_mean=0.000000 param_memory_correction_std=0.000000 param_memory_raw_correction_mean=0.000000 param_memory_raw_correction_std=0.000000 recall_correction_mean=0.000000 recall_correction_std=0.000000
ougp/seed1 epoch=020 loss=1.9406 val=0.2471 test=0.2536 g_keep=0.983 p_keep=0.983 param_logits_mean=1.940043 param_logits_std=0.000009 param_memory_correction_mean=-0.012148 param_memory_correction_std=0.959763 param_memory_raw_correction_mean=0.012848 param_memory_raw_correction_std=0.066813 recall_correction_mean=0.000517 recall_correction_std=0.000279
ougp/seed1 epoch=040 loss=1.8465 val=0.2484 test=0.2536 g_keep=0.926 p_keep=0.926 param_logits_mean=1.744557 param_logits_std=0.000463 param_memory_correction_mean=-0.000000 param_memory_correction_std=1.000000 param_memory_raw_correction_mean=0.140305 param_memory_raw_correction_std=0.588502 recall_correction_mean=0.001460 recall_correction_std=0.001299
ougp/seed1 epoch=060 loss=1.6802 val=0.3961 test=0.4056 g_keep=0.869 p_keep=0.869 param_logits_mean=1.575108 param_logits_std=0.006105 param_memory_correction_mean=-0.004901 param_memory_correction_std=0.984396 param_memory_raw_correction_mean=0.865696 param_memory_raw_correction_std=1.239433 recall_correction_mean=0.001851 recall_correction_std=0.001647
ougp/seed1 epoch=080 loss=1.5092 val=0.4824 test=0.5204 g_keep=0.811 p_keep=0.811 param_logits_mean=1.501063 param_logits_std=0.042583 param_memory_correction_mean=-0.000000 param_memory_correction_std=1.000000 param_memory_raw_correction_mean=2.762897 param_memory_raw_correction_std=1.932905 recall_correction_mean=0.002446 recall_correction_std=0.002073
ougp/seed1 epoch=100 loss=1.3691 val=0.6444 test=0.6618 g_keep=0.754 p_keep=0.754 param_logits_mean=1.615147 param_logits_std=0.132990 param_memory_correction_mean=-0.000000 param_memory_correction_std=1.000000 param_memory_raw_correction_mean=5.152884 param_memory_raw_correction_std=2.299426 recall_correction_mean=0.004737 recall_correction_std=0.004504
ougp/seed1 epoch=119 loss=1.2792 val=0.7124 test=0.7363 g_keep=0.700 p_keep=0.700 param_logits_mean=1.864316 param_logits_std=0.212827 param_memory_correction_mean=-0.000000 param_memory_correction_std=1.000000 param_memory_raw_correction_mean=4.849399 param_memory_raw_correction_std=2.284383 recall_correction_mean=0.018281 recall_correction_std=0.028372
ougp/seed2 epoch=000 loss=2.0793 val=0.2471 test=0.2536 g_keep=1.000 p_keep=1.000 param_logits_mean=2.000000 param_logits_std=0.000000 param_memory_correction_mean=0.000000 param_memory_correction_std=0.000000 param_memory_raw_correction_mean=0.000000 param_memory_raw_correction_std=0.000000 recall_correction_mean=0.000000 recall_correction_std=0.000000
ougp/seed2 epoch=020 loss=1.9315 val=0.2471 test=0.2536 g_keep=0.983 p_keep=0.983 param_logits_mean=1.940049 param_logits_std=0.000008 param_memory_correction_mean=-0.002480 param_memory_correction_std=0.992332 param_memory_raw_correction_mean=0.009156 param_memory_raw_correction_std=0.029332 recall_correction_mean=0.000531 recall_correction_std=0.000382
ougp/seed2 epoch=040 loss=1.8254 val=0.2484 test=0.2536 g_keep=0.926 p_keep=0.926 param_logits_mean=1.745013 param_logits_std=0.000520 param_memory_correction_mean=0.000000 param_memory_correction_std=1.000000 param_memory_raw_correction_mean=0.149251 param_memory_raw_correction_std=0.697343 recall_correction_mean=0.001344 recall_correction_std=0.001202
ougp/seed2 epoch=060 loss=1.6626 val=0.4366 test=0.4472 g_keep=0.869 p_keep=0.869 param_logits_mean=1.574081 param_logits_std=0.007341 param_memory_correction_mean=-0.000000 param_memory_correction_std=1.000000 param_memory_raw_correction_mean=1.237214 param_memory_raw_correction_std=1.123718 recall_correction_mean=0.001898 recall_correction_std=0.001765
ougp/seed2 epoch=080 loss=1.4915 val=0.5791 test=0.5922 g_keep=0.811 p_keep=0.811 param_logits_mean=1.504297 param_logits_std=0.048320 param_memory_correction_mean=0.000000 param_memory_correction_std=1.000000 param_memory_raw_correction_mean=4.725967 param_memory_raw_correction_std=2.071831 recall_correction_mean=0.002405 recall_correction_std=0.002046
ougp/seed2 epoch=100 loss=1.3533 val=0.6340 test=0.6436 g_keep=0.754 p_keep=0.754 param_logits_mean=1.630136 param_logits_std=0.147091 param_memory_correction_mean=-0.000000 param_memory_correction_std=1.000000 param_memory_raw_correction_mean=8.665176 param_memory_raw_correction_std=2.393030 recall_correction_mean=0.003627 recall_correction_std=0.003279
ougp/seed2 epoch=119 loss=1.2652 val=0.7163 test=0.7183 g_keep=0.700 p_keep=0.700 param_logits_mean=1.872418 param_logits_std=0.219015 param_memory_correction_mean=0.001716 param_memory_correction_std=0.994743 param_memory_raw_correction_mean=11.303216 param_memory_raw_correction_std=3.030166 recall_correction_mean=0.012786 recall_correction_std=0.014304
Wrote 3 runs to experiments/exp020_photo_param_gamma_sweep_channel_memory/gamma_0p2
# OUGP Case Study Summary

Dataset: `photo`

| Variant | Best Test Acc | Graph Sparsity | Param Sparsity | Graph Churn | Param Churn |
| --- | ---: | ---: | ---: | ---: | ---: |
| ougp | 0.7480 +/- 0.0169 | 0.300 | 0.300 | 0.015 | 0.022 |

