ougp/seed0 epoch=000 loss=2.0795 val=0.2510 test=0.2559 g_keep=1.000 p_keep=1.000 param_logits_mean=2.000000 param_logits_std=0.000000 param_memory_correction_mean=0.000000 param_memory_correction_std=0.000000 param_memory_raw_correction_mean=0.000000 param_memory_raw_correction_std=0.000000 recall_correction_mean=0.000000 recall_correction_std=0.000000
ougp/seed0 epoch=020 loss=1.9401 val=0.2471 test=0.2536 g_keep=0.983 p_keep=0.983 param_logits_mean=1.940053 param_logits_std=0.000005 param_memory_correction_mean=-0.002291 param_memory_correction_std=0.992930 param_memory_raw_correction_mean=0.008030 param_memory_raw_correction_std=0.011225 recall_correction_mean=0.000768 recall_correction_std=0.000826
ougp/seed0 epoch=040 loss=1.8432 val=0.2471 test=0.2536 g_keep=0.926 p_keep=0.926 param_logits_mean=1.744073 param_logits_std=0.000184 param_memory_correction_mean=0.000000 param_memory_correction_std=1.000000 param_memory_raw_correction_mean=0.072978 param_memory_raw_correction_std=0.203035 recall_correction_mean=0.008582 recall_correction_std=0.006429
ougp/seed0 epoch=060 loss=1.6716 val=0.4458 test=0.4585 g_keep=0.869 p_keep=0.869 param_logits_mean=1.567700 param_logits_std=0.003022 param_memory_correction_mean=0.000000 param_memory_correction_std=1.000000 param_memory_raw_correction_mean=0.216657 param_memory_raw_correction_std=0.244060 recall_correction_mean=0.022185 recall_correction_std=0.024912
ougp/seed0 epoch=080 loss=1.5088 val=0.5359 test=0.5528 g_keep=0.811 p_keep=0.811 param_logits_mean=1.474773 param_logits_std=0.035114 param_memory_correction_mean=-0.000000 param_memory_correction_std=1.000000 param_memory_raw_correction_mean=2.045254 param_memory_raw_correction_std=1.125432 recall_correction_mean=0.041362 recall_correction_std=0.052668
ougp/seed0 epoch=100 loss=1.3908 val=0.6183 test=0.6348 g_keep=0.754 p_keep=0.754 param_logits_mean=1.553070 param_logits_std=0.148333 param_memory_correction_mean=0.000000 param_memory_correction_std=1.000000 param_memory_raw_correction_mean=4.471639 param_memory_raw_correction_std=2.162320 recall_correction_mean=0.068494 recall_correction_std=0.088031
ougp/seed0 epoch=119 loss=1.3166 val=0.6706 test=0.6908 g_keep=0.700 p_keep=0.700 param_logits_mean=1.736222 param_logits_std=0.276963 param_memory_correction_mean=-0.000000 param_memory_correction_std=1.000000 param_memory_raw_correction_mean=5.265532 param_memory_raw_correction_std=3.505709 recall_correction_mean=0.114736 recall_correction_std=0.143339
ougp/seed1 epoch=000 loss=2.0795 val=0.2471 test=0.2536 g_keep=1.000 p_keep=1.000 param_logits_mean=2.000000 param_logits_std=0.000000 param_memory_correction_mean=0.000000 param_memory_correction_std=0.000000 param_memory_raw_correction_mean=0.000000 param_memory_raw_correction_std=0.000000 recall_correction_mean=0.000000 recall_correction_std=0.000000
ougp/seed1 epoch=020 loss=1.9405 val=0.2471 test=0.2536 g_keep=0.983 p_keep=0.983 param_logits_mean=1.940045 param_logits_std=0.000007 param_memory_correction_mean=-0.000000 param_memory_correction_std=1.000000 param_memory_raw_correction_mean=0.013421 param_memory_raw_correction_std=0.030928 recall_correction_mean=0.000618 recall_correction_std=0.000363
ougp/seed1 epoch=040 loss=1.8460 val=0.2484 test=0.2536 g_keep=0.926 p_keep=0.926 param_logits_mean=1.743927 param_logits_std=0.000196 param_memory_correction_mean=0.000000 param_memory_correction_std=1.000000 param_memory_raw_correction_mean=0.043529 param_memory_raw_correction_std=0.188982 recall_correction_mean=0.005029 recall_correction_std=0.003893
ougp/seed1 epoch=060 loss=1.6775 val=0.3974 test=0.4049 g_keep=0.869 p_keep=0.869 param_logits_mean=1.571772 param_logits_std=0.004215 param_memory_correction_mean=-0.000000 param_memory_correction_std=1.000000 param_memory_raw_correction_mean=0.066128 param_memory_raw_correction_std=0.338621 recall_correction_mean=0.018111 recall_correction_std=0.023467
ougp/seed1 epoch=080 loss=1.5116 val=0.4889 test=0.5235 g_keep=0.811 p_keep=0.811 param_logits_mean=1.477859 param_logits_std=0.033638 param_memory_correction_mean=0.000000 param_memory_correction_std=1.000000 param_memory_raw_correction_mean=0.143298 param_memory_raw_correction_std=0.316358 recall_correction_mean=0.042395 recall_correction_std=0.074552
ougp/seed1 epoch=100 loss=1.4001 val=0.6797 test=0.6868 g_keep=0.754 p_keep=0.754 param_logits_mean=1.554008 param_logits_std=0.125906 param_memory_correction_mean=0.000000 param_memory_correction_std=1.000000 param_memory_raw_correction_mean=1.311439 param_memory_raw_correction_std=0.848761 recall_correction_mean=0.081252 recall_correction_std=0.116067
ougp/seed1 epoch=119 loss=1.3400 val=0.6549 test=0.6882 g_keep=0.700 p_keep=0.700 param_logits_mean=1.725691 param_logits_std=0.254611 param_memory_correction_mean=0.000000 param_memory_correction_std=1.000000 param_memory_raw_correction_mean=2.223078 param_memory_raw_correction_std=1.464473 recall_correction_mean=0.129727 recall_correction_std=0.175960
ougp/seed2 epoch=000 loss=2.0793 val=0.2471 test=0.2536 g_keep=1.000 p_keep=1.000 param_logits_mean=2.000000 param_logits_std=0.000000 param_memory_correction_mean=0.000000 param_memory_correction_std=0.000000 param_memory_raw_correction_mean=0.000000 param_memory_raw_correction_std=0.000000 recall_correction_mean=0.000000 recall_correction_std=0.000000
ougp/seed2 epoch=020 loss=1.9315 val=0.2471 test=0.2536 g_keep=0.983 p_keep=0.983 param_logits_mean=1.940046 param_logits_std=0.000003 param_memory_correction_mean=-0.016232 param_memory_correction_std=0.941001 param_memory_raw_correction_mean=0.000909 param_memory_raw_correction_std=0.005629 recall_correction_mean=0.000762 recall_correction_std=0.000665
ougp/seed2 epoch=040 loss=1.8249 val=0.2484 test=0.2536 g_keep=0.926 p_keep=0.926 param_logits_mean=1.744076 param_logits_std=0.000232 param_memory_correction_mean=-0.012579 param_memory_correction_std=0.958658 param_memory_raw_correction_mean=0.075771 param_memory_raw_correction_std=0.227405 recall_correction_mean=0.005120 recall_correction_std=0.003602
ougp/seed2 epoch=060 loss=1.6598 val=0.4392 test=0.4495 g_keep=0.869 p_keep=0.869 param_logits_mean=1.573269 param_logits_std=0.004505 param_memory_correction_mean=-0.000000 param_memory_correction_std=1.000000 param_memory_raw_correction_mean=0.295847 param_memory_raw_correction_std=0.422161 recall_correction_mean=0.017472 recall_correction_std=0.022897
ougp/seed2 epoch=080 loss=1.5002 val=0.5608 test=0.5781 g_keep=0.811 p_keep=0.811 param_logits_mean=1.477547 param_logits_std=0.035094 param_memory_correction_mean=0.000000 param_memory_correction_std=1.000000 param_memory_raw_correction_mean=2.931515 param_memory_raw_correction_std=1.093452 recall_correction_mean=0.030637 recall_correction_std=0.039897
ougp/seed2 epoch=100 loss=1.3686 val=0.6039 test=0.6257 g_keep=0.754 p_keep=0.754 param_logits_mean=1.548461 param_logits_std=0.151837 param_memory_correction_mean=0.024338 param_memory_correction_std=0.913564 param_memory_raw_correction_mean=5.331923 param_memory_raw_correction_std=2.521793 recall_correction_mean=0.052302 recall_correction_std=0.064945
ougp/seed2 epoch=119 loss=1.3123 val=0.6967 test=0.6993 g_keep=0.700 p_keep=0.700 param_logits_mean=1.736790 param_logits_std=0.257162 param_memory_correction_mean=-0.000000 param_memory_correction_std=1.000000 param_memory_raw_correction_mean=5.376210 param_memory_raw_correction_std=2.735883 recall_correction_mean=0.115740 recall_correction_std=0.133868
Wrote 3 runs to experiments/exp020_photo_param_gamma_sweep_channel_memory/gamma_0p5
# OUGP Case Study Summary

Dataset: `photo`

| Variant | Best Test Acc | Graph Sparsity | Param Sparsity | Graph Churn | Param Churn |
| --- | ---: | ---: | ---: | ---: | ---: |
| ougp | 0.7153 +/- 0.0161 | 0.300 | 0.300 | 0.008 | 0.125 |

