ougp/seed0 epoch=000 loss=2.0795 val=0.2471 test=0.2536 g_keep=1.000 p_keep=1.000 param_sparsity=0.000 dropped_params=0.0 recalled_params=0 effective_recovered=0 param_churn=0.0000 acc_before_recall=0.2471 acc_after_recall=0.2471
ougp/seed0 epoch=001 loss=2.0773 val=0.2471 test=0.2538 g_keep=1.000 p_keep=1.000 param_sparsity=0.000 dropped_params=0.0 recalled_params=0 effective_recovered=0 param_churn=0.0000 acc_before_recall=0.2471 acc_after_recall=0.2471
ougp/seed0 epoch=002 loss=2.0742 val=0.2471 test=0.2538 g_keep=1.000 p_keep=1.000 param_sparsity=0.000 dropped_params=0.0 recalled_params=0 effective_recovered=0 param_churn=0.0000 acc_before_recall=0.2471 acc_after_recall=0.2471
ougp/seed0 epoch=003 loss=2.0700 val=0.2484 test=0.2538 g_keep=1.000 p_keep=1.000 param_sparsity=0.000 dropped_params=0.0 recalled_params=0 effective_recovered=0 param_churn=0.0000 acc_before_recall=0.2484 acc_after_recall=0.2484
ougp/seed0 epoch=004 loss=2.0640 val=0.2484 test=0.2538 g_keep=1.000 p_keep=1.000 param_sparsity=0.000 dropped_params=0.0 recalled_params=0 effective_recovered=0 param_churn=0.0000 acc_before_recall=0.2484 acc_after_recall=0.2484
ougp/seed0 epoch=005 loss=2.0566 val=0.2484 test=0.2538 g_keep=1.000 p_keep=1.000 param_sparsity=0.000 dropped_params=0.0 recalled_params=0 effective_recovered=0 param_churn=0.0000 acc_before_recall=0.2484 acc_after_recall=0.2484
ougp/seed0 epoch=006 loss=2.0483 val=0.2484 test=0.2538 g_keep=1.000 p_keep=1.000 param_sparsity=0.000 dropped_params=0.0 recalled_params=0 effective_recovered=0 param_churn=0.0000 acc_before_recall=0.2484 acc_after_recall=0.2484
ougp/seed0 epoch=007 loss=2.0388 val=0.2484 test=0.2538 g_keep=1.000 p_keep=1.000 param_sparsity=0.000 dropped_params=0.0 recalled_params=0 effective_recovered=0 param_churn=0.0000 acc_before_recall=0.2484 acc_after_recall=0.2484
ougp/seed0 epoch=008 loss=2.0272 val=0.2484 test=0.2538 g_keep=1.000 p_keep=1.000 param_sparsity=0.000 dropped_params=0.0 recalled_params=0 effective_recovered=0 param_churn=0.0000 acc_before_recall=0.2484 acc_after_recall=0.2484
ougp/seed0 epoch=009 loss=2.0158 val=0.2471 test=0.2538 g_keep=1.000 p_keep=1.000 param_sparsity=0.000 dropped_params=0.0 recalled_params=0 effective_recovered=0 param_churn=0.0000 acc_before_recall=0.2471 acc_after_recall=0.2471
ougp/seed0 epoch=010 loss=2.0043 val=0.2471 test=0.2538 g_keep=1.000 p_keep=1.000 param_sparsity=0.000 dropped_params=0.0 recalled_params=0 effective_recovered=0 param_churn=0.0000 acc_before_recall=0.2471 acc_after_recall=0.2471
ougp/seed0 epoch=011 loss=1.9942 val=0.2471 test=0.2538 g_keep=1.000 p_keep=1.000 param_sparsity=0.000 dropped_params=0.0 recalled_params=0 effective_recovered=0 param_churn=0.0000 acc_before_recall=0.2471 acc_after_recall=0.2471
ougp/seed0 epoch=012 loss=1.9842 val=0.2471 test=0.2538 g_keep=1.000 p_keep=1.000 param_sparsity=0.000 dropped_params=0.0 recalled_params=0 effective_recovered=0 param_churn=0.0000 acc_before_recall=0.2471 acc_after_recall=0.2471
ougp/seed0 epoch=013 loss=1.9751 val=0.2471 test=0.2538 g_keep=1.000 p_keep=1.000 param_sparsity=0.000 dropped_params=0.0 recalled_params=0 effective_recovered=0 param_churn=0.0000 acc_before_recall=0.2471 acc_after_recall=0.2471
ougp/seed0 epoch=014 loss=1.9662 val=0.2471 test=0.2536 g_keep=1.000 p_keep=1.000 param_sparsity=0.000 dropped_params=0.0 recalled_params=0 effective_recovered=0 param_churn=0.0000 acc_before_recall=0.2471 acc_after_recall=0.2471
ougp/seed0 epoch=015 loss=1.9620 val=0.2471 test=0.2536 g_keep=0.997 p_keep=0.997 param_sparsity=0.003 dropped_params=0.2 recalled_params=0 effective_recovered=0 param_churn=0.0029 acc_before_recall=0.2471 acc_after_recall=0.2471
ougp/seed0 epoch=016 loss=1.9527 val=0.2471 test=0.2536 g_keep=0.994 p_keep=0.994 param_sparsity=0.006 dropped_params=0.4 recalled_params=31 effective_recovered=0 param_churn=0.0029 acc_before_recall=0.2471 acc_after_recall=0.2471
ougp/seed0 epoch=017 loss=1.9510 val=0.2471 test=0.2536 g_keep=0.991 p_keep=0.991 param_sparsity=0.009 dropped_params=0.5 recalled_params=32 effective_recovered=0 param_churn=0.0029 acc_before_recall=0.2471 acc_after_recall=0.2471
ougp/seed0 epoch=018 loss=1.9445 val=0.2471 test=0.2536 g_keep=0.989 p_keep=0.989 param_sparsity=0.011 dropped_params=0.7 recalled_params=57 effective_recovered=0 param_churn=0.0029 acc_before_recall=0.2471 acc_after_recall=0.2471
ougp/seed0 epoch=019 loss=1.9411 val=0.2471 test=0.2536 g_keep=0.986 p_keep=0.986 param_sparsity=0.014 dropped_params=0.9 recalled_params=57 effective_recovered=0 param_churn=0.0029 acc_before_recall=0.2471 acc_after_recall=0.2471
ougp/seed0 epoch=020 loss=1.9404 val=0.2471 test=0.2536 g_keep=0.983 p_keep=0.983 param_sparsity=0.017 dropped_params=1.1 recalled_params=58 effective_recovered=0 param_churn=0.0029 acc_before_recall=0.2471 acc_after_recall=0.2471
ougp/seed0 epoch=021 loss=1.9355 val=0.2471 test=0.2536 g_keep=0.980 p_keep=0.980 param_sparsity=0.020 dropped_params=1.3 recalled_params=58 effective_recovered=0 param_churn=0.0029 acc_before_recall=0.2471 acc_after_recall=0.2471
ougp/seed0 epoch=022 loss=1.9337 val=0.2471 test=0.2536 g_keep=0.977 p_keep=0.977 param_sparsity=0.023 dropped_params=1.5 recalled_params=60 effective_recovered=0 param_churn=0.0029 acc_before_recall=0.2471 acc_after_recall=0.2471
ougp/seed0 epoch=023 loss=1.9285 val=0.2471 test=0.2536 g_keep=0.974 p_keep=0.974 param_sparsity=0.026 dropped_params=1.6 recalled_params=60 effective_recovered=0 param_churn=0.0029 acc_before_recall=0.2471 acc_after_recall=0.2471
ougp/seed0 epoch=024 loss=1.9260 val=0.2471 test=0.2536 g_keep=0.971 p_keep=0.971 param_sparsity=0.029 dropped_params=1.8 recalled_params=60 effective_recovered=0 param_churn=0.0029 acc_before_recall=0.2471 acc_after_recall=0.2471
ougp/seed0 epoch=025 loss=1.9215 val=0.2471 test=0.2536 g_keep=0.969 p_keep=0.969 param_sparsity=0.031 dropped_params=2.0 recalled_params=60 effective_recovered=0 param_churn=0.0029 acc_before_recall=0.2471 acc_after_recall=0.2471
ougp/seed0 epoch=026 loss=1.9173 val=0.2471 test=0.2536 g_keep=0.966 p_keep=0.966 param_sparsity=0.034 dropped_params=2.2 recalled_params=60 effective_recovered=0 param_churn=0.0029 acc_before_recall=0.2471 acc_after_recall=0.2471
ougp/seed0 epoch=027 loss=1.9121 val=0.2471 test=0.2536 g_keep=0.963 p_keep=0.963 param_sparsity=0.037 dropped_params=2.4 recalled_params=60 effective_recovered=0 param_churn=0.0029 acc_before_recall=0.2471 acc_after_recall=0.2471
ougp/seed0 epoch=028 loss=1.9093 val=0.2471 test=0.2536 g_keep=0.960 p_keep=0.960 param_sparsity=0.040 dropped_params=2.6 recalled_params=63 effective_recovered=0 param_churn=0.0029 acc_before_recall=0.2471 acc_after_recall=0.2471
ougp/seed0 epoch=029 loss=1.9034 val=0.2471 test=0.2536 g_keep=0.957 p_keep=0.957 param_sparsity=0.043 dropped_params=2.7 recalled_params=63 effective_recovered=0 param_churn=0.0029 acc_before_recall=0.2471 acc_after_recall=0.2471
ougp/seed0 epoch=030 loss=1.8995 val=0.2471 test=0.2536 g_keep=0.954 p_keep=0.954 param_sparsity=0.046 dropped_params=2.9 recalled_params=63 effective_recovered=0 param_churn=0.0029 acc_before_recall=0.2471 acc_after_recall=0.2471
ougp/seed0 epoch=031 loss=1.8944 val=0.2471 test=0.2536 g_keep=0.951 p_keep=0.951 param_sparsity=0.049 dropped_params=3.1 recalled_params=63 effective_recovered=0 param_churn=0.0029 acc_before_recall=0.2471 acc_after_recall=0.2471
ougp/seed0 epoch=032 loss=1.8889 val=0.2471 test=0.2536 g_keep=0.949 p_keep=0.949 param_sparsity=0.051 dropped_params=3.3 recalled_params=63 effective_recovered=0 param_churn=0.0029 acc_before_recall=0.2471 acc_after_recall=0.2471
ougp/seed0 epoch=033 loss=1.8853 val=0.2471 test=0.2536 g_keep=0.946 p_keep=0.946 param_sparsity=0.054 dropped_params=3.5 recalled_params=63 effective_recovered=0 param_churn=0.0029 acc_before_recall=0.2471 acc_after_recall=0.2471
ougp/seed0 epoch=034 loss=1.8788 val=0.2471 test=0.2536 g_keep=0.943 p_keep=0.943 param_sparsity=0.057 dropped_params=3.7 recalled_params=63 effective_recovered=0 param_churn=0.0029 acc_before_recall=0.2471 acc_after_recall=0.2471
ougp/seed0 epoch=035 loss=1.8761 val=0.2471 test=0.2536 g_keep=0.940 p_keep=0.940 param_sparsity=0.060 dropped_params=3.8 recalled_params=63 effective_recovered=0 param_churn=0.0029 acc_before_recall=0.2471 acc_after_recall=0.2471
ougp/seed0 epoch=036 loss=1.8697 val=0.2471 test=0.2536 g_keep=0.937 p_keep=0.937 param_sparsity=0.063 dropped_params=4.0 recalled_params=63 effective_recovered=0 param_churn=0.0029 acc_before_recall=0.2471 acc_after_recall=0.2471
ougp/seed0 epoch=037 loss=1.8625 val=0.2471 test=0.2536 g_keep=0.934 p_keep=0.934 param_sparsity=0.066 dropped_params=4.2 recalled_params=63 effective_recovered=0 param_churn=0.0029 acc_before_recall=0.2471 acc_after_recall=0.2471
ougp/seed0 epoch=038 loss=1.8577 val=0.2471 test=0.2536 g_keep=0.931 p_keep=0.931 param_sparsity=0.069 dropped_params=4.4 recalled_params=63 effective_recovered=0 param_churn=0.0029 acc_before_recall=0.2471 acc_after_recall=0.2471
ougp/seed0 epoch=039 loss=1.8497 val=0.2471 test=0.2536 g_keep=0.929 p_keep=0.929 param_sparsity=0.071 dropped_params=4.6 recalled_params=63 effective_recovered=0 param_churn=0.0029 acc_before_recall=0.2471 acc_after_recall=0.2471
ougp/seed0 epoch=040 loss=1.8441 val=0.2471 test=0.2536 g_keep=0.926 p_keep=0.926 param_sparsity=0.074 dropped_params=4.8 recalled_params=63 effective_recovered=0 param_churn=0.0029 acc_before_recall=0.2471 acc_after_recall=0.2471
ougp/seed0 epoch=041 loss=1.8363 val=0.2471 test=0.2536 g_keep=0.923 p_keep=0.923 param_sparsity=0.077 dropped_params=4.9 recalled_params=63 effective_recovered=0 param_churn=0.0029 acc_before_recall=0.2471 acc_after_recall=0.2471
ougp/seed0 epoch=042 loss=1.8291 val=0.2471 test=0.2536 g_keep=0.920 p_keep=0.920 param_sparsity=0.080 dropped_params=5.1 recalled_params=63 effective_recovered=0 param_churn=0.0029 acc_before_recall=0.2471 acc_after_recall=0.2471
ougp/seed0 epoch=043 loss=1.8216 val=0.2484 test=0.2538 g_keep=0.917 p_keep=0.917 param_sparsity=0.083 dropped_params=5.3 recalled_params=63 effective_recovered=0 param_churn=0.0029 acc_before_recall=0.2484 acc_after_recall=0.2484
ougp/seed0 epoch=044 loss=1.8150 val=0.2484 test=0.2539 g_keep=0.914 p_keep=0.914 param_sparsity=0.086 dropped_params=5.5 recalled_params=63 effective_recovered=1 param_churn=0.0029 acc_before_recall=0.2484 acc_after_recall=0.2484
ougp/seed0 epoch=045 loss=1.8059 val=0.2510 test=0.2547 g_keep=0.911 p_keep=0.911 param_sparsity=0.089 dropped_params=5.7 recalled_params=63 effective_recovered=1 param_churn=0.0029 acc_before_recall=0.2510 acc_after_recall=0.2510
ougp/seed0 epoch=046 loss=1.7993 val=0.2536 test=0.2564 g_keep=0.909 p_keep=0.909 param_sparsity=0.091 dropped_params=5.9 recalled_params=63 effective_recovered=1 param_churn=0.0029 acc_before_recall=0.2536 acc_after_recall=0.2536
ougp/seed0 epoch=047 loss=1.7906 val=0.2536 test=0.2590 g_keep=0.906 p_keep=0.906 param_sparsity=0.094 dropped_params=6.0 recalled_params=63 effective_recovered=1 param_churn=0.0029 acc_before_recall=0.2536 acc_after_recall=0.2536
ougp/seed0 epoch=048 loss=1.7795 val=0.2588 test=0.2618 g_keep=0.903 p_keep=0.903 param_sparsity=0.097 dropped_params=6.2 recalled_params=63 effective_recovered=2 param_churn=0.0029 acc_before_recall=0.2588 acc_after_recall=0.2588
ougp/seed0 epoch=049 loss=1.7717 val=0.2614 test=0.2691 g_keep=0.900 p_keep=0.900 param_sparsity=0.100 dropped_params=6.4 recalled_params=63 effective_recovered=2 param_churn=0.0029 acc_before_recall=0.2614 acc_after_recall=0.2614
ougp/seed0 epoch=050 loss=1.7639 val=0.2758 test=0.2842 g_keep=0.897 p_keep=0.897 param_sparsity=0.103 dropped_params=6.6 recalled_params=63 effective_recovered=3 param_churn=0.0029 acc_before_recall=0.2758 acc_after_recall=0.2758
ougp/seed0 epoch=051 loss=1.7538 val=0.2876 test=0.3034 g_keep=0.894 p_keep=0.894 param_sparsity=0.106 dropped_params=6.8 recalled_params=63 effective_recovered=3 param_churn=0.0029 acc_before_recall=0.2876 acc_after_recall=0.2876
ougp/seed0 epoch=052 loss=1.7499 val=0.3098 test=0.3330 g_keep=0.891 p_keep=0.891 param_sparsity=0.109 dropped_params=6.9 recalled_params=63 effective_recovered=3 param_churn=0.0029 acc_before_recall=0.3098 acc_after_recall=0.3098
ougp/seed0 epoch=053 loss=1.7399 val=0.3477 test=0.3645 g_keep=0.889 p_keep=0.889 param_sparsity=0.111 dropped_params=7.1 recalled_params=63 effective_recovered=3 param_churn=0.0029 acc_before_recall=0.3477 acc_after_recall=0.3477
ougp/seed0 epoch=054 loss=1.7292 val=0.3647 test=0.3789 g_keep=0.886 p_keep=0.886 param_sparsity=0.114 dropped_params=7.3 recalled_params=63 effective_recovered=3 param_churn=0.0029 acc_before_recall=0.3647 acc_after_recall=0.3647
ougp/seed0 epoch=055 loss=1.7198 val=0.3752 test=0.3895 g_keep=0.883 p_keep=0.883 param_sparsity=0.117 dropped_params=7.5 recalled_params=63 effective_recovered=3 param_churn=0.0029 acc_before_recall=0.3752 acc_after_recall=0.3752
ougp/seed0 epoch=056 loss=1.7092 val=0.3869 test=0.4013 g_keep=0.880 p_keep=0.880 param_sparsity=0.120 dropped_params=7.7 recalled_params=63 effective_recovered=3 param_churn=0.0029 acc_before_recall=0.3869 acc_after_recall=0.3869
ougp/seed0 epoch=057 loss=1.7008 val=0.4052 test=0.4162 g_keep=0.877 p_keep=0.877 param_sparsity=0.123 dropped_params=7.9 recalled_params=63 effective_recovered=3 param_churn=0.0029 acc_before_recall=0.4052 acc_after_recall=0.4052
ougp/seed0 epoch=058 loss=1.6950 val=0.4131 test=0.4245 g_keep=0.874 p_keep=0.874 param_sparsity=0.126 dropped_params=8.0 recalled_params=63 effective_recovered=3 param_churn=0.0029 acc_before_recall=0.4131 acc_after_recall=0.4131
ougp/seed0 epoch=059 loss=1.6820 val=0.4196 test=0.4317 g_keep=0.871 p_keep=0.871 param_sparsity=0.129 dropped_params=8.2 recalled_params=63 effective_recovered=3 param_churn=0.0029 acc_before_recall=0.4196 acc_after_recall=0.4196
ougp/seed0 epoch=060 loss=1.6753 val=0.4301 test=0.4397 g_keep=0.869 p_keep=0.869 param_sparsity=0.131 dropped_params=8.4 recalled_params=63 effective_recovered=5 param_churn=0.0029 acc_before_recall=0.4301 acc_after_recall=0.4301
ougp/seed0 epoch=061 loss=1.6662 val=0.4327 test=0.4426 g_keep=0.866 p_keep=0.866 param_sparsity=0.134 dropped_params=8.6 recalled_params=63 effective_recovered=5 param_churn=0.0029 acc_before_recall=0.4327 acc_after_recall=0.4327
ougp/seed0 epoch=062 loss=1.6554 val=0.4327 test=0.4448 g_keep=0.863 p_keep=0.863 param_sparsity=0.137 dropped_params=8.8 recalled_params=63 effective_recovered=5 param_churn=0.0029 acc_before_recall=0.4327 acc_after_recall=0.4327
ougp/seed0 epoch=063 loss=1.6501 val=0.4366 test=0.4477 g_keep=0.860 p_keep=0.860 param_sparsity=0.140 dropped_params=9.0 recalled_params=63 effective_recovered=5 param_churn=0.0029 acc_before_recall=0.4366 acc_after_recall=0.4366
ougp/seed0 epoch=064 loss=1.6394 val=0.4366 test=0.4498 g_keep=0.857 p_keep=0.857 param_sparsity=0.143 dropped_params=9.1 recalled_params=63 effective_recovered=5 param_churn=0.0029 acc_before_recall=0.4366 acc_after_recall=0.4366
ougp/seed0 epoch=065 loss=1.6315 val=0.4379 test=0.4503 g_keep=0.854 p_keep=0.854 param_sparsity=0.146 dropped_params=9.3 recalled_params=63 effective_recovered=6 param_churn=0.0029 acc_before_recall=0.4379 acc_after_recall=0.4379
ougp/seed0 epoch=066 loss=1.6216 val=0.4392 test=0.4502 g_keep=0.851 p_keep=0.851 param_sparsity=0.149 dropped_params=9.5 recalled_params=63 effective_recovered=6 param_churn=0.0029 acc_before_recall=0.4392 acc_after_recall=0.4392
ougp/seed0 epoch=067 loss=1.6168 val=0.4444 test=0.4551 g_keep=0.849 p_keep=0.849 param_sparsity=0.151 dropped_params=9.7 recalled_params=63 effective_recovered=6 param_churn=0.0029 acc_before_recall=0.4444 acc_after_recall=0.4444
ougp/seed0 epoch=068 loss=1.6089 val=0.4523 test=0.4657 g_keep=0.846 p_keep=0.846 param_sparsity=0.154 dropped_params=9.9 recalled_params=63 effective_recovered=6 param_churn=0.0029 acc_before_recall=0.4523 acc_after_recall=0.4523
ougp/seed0 epoch=069 loss=1.6014 val=0.4693 test=0.4773 g_keep=0.843 p_keep=0.843 param_sparsity=0.157 dropped_params=10.1 recalled_params=63 effective_recovered=6 param_churn=0.0029 acc_before_recall=0.4693 acc_after_recall=0.4693
ougp/seed0 epoch=070 loss=1.5864 val=0.4758 test=0.4861 g_keep=0.840 p_keep=0.840 param_sparsity=0.160 dropped_params=10.2 recalled_params=63 effective_recovered=6 param_churn=0.0029 acc_before_recall=0.4758 acc_after_recall=0.4758
ougp/seed0 epoch=071 loss=1.5801 val=0.4824 test=0.4951 g_keep=0.837 p_keep=0.837 param_sparsity=0.163 dropped_params=10.4 recalled_params=63 effective_recovered=6 param_churn=0.0029 acc_before_recall=0.4824 acc_after_recall=0.4824
ougp/seed0 epoch=072 loss=1.5740 val=0.4824 test=0.4975 g_keep=0.834 p_keep=0.834 param_sparsity=0.166 dropped_params=10.6 recalled_params=63 effective_recovered=6 param_churn=0.0029 acc_before_recall=0.4824 acc_after_recall=0.4824
ougp/seed0 epoch=073 loss=1.5624 val=0.4784 test=0.4944 g_keep=0.831 p_keep=0.831 param_sparsity=0.169 dropped_params=10.8 recalled_params=63 effective_recovered=6 param_churn=0.0029 acc_before_recall=0.4784 acc_after_recall=0.4784
ougp/seed0 epoch=074 loss=1.5603 val=0.4863 test=0.5005 g_keep=0.829 p_keep=0.829 param_sparsity=0.171 dropped_params=11.0 recalled_params=63 effective_recovered=6 param_churn=0.0029 acc_before_recall=0.4863 acc_after_recall=0.4863
ougp/seed0 epoch=075 loss=1.5489 val=0.5033 test=0.5211 g_keep=0.826 p_keep=0.826 param_sparsity=0.174 dropped_params=11.2 recalled_params=63 effective_recovered=6 param_churn=0.0029 acc_before_recall=0.5033 acc_after_recall=0.5033
ougp/seed0 epoch=076 loss=1.5411 val=0.5242 test=0.5371 g_keep=0.823 p_keep=0.823 param_sparsity=0.177 dropped_params=11.3 recalled_params=63 effective_recovered=6 param_churn=0.0029 acc_before_recall=0.5242 acc_after_recall=0.5242
ougp/seed0 epoch=077 loss=1.5358 val=0.5242 test=0.5371 g_keep=0.820 p_keep=0.820 param_sparsity=0.180 dropped_params=11.5 recalled_params=63 effective_recovered=6 param_churn=0.0029 acc_before_recall=0.5242 acc_after_recall=0.5242
ougp/seed0 epoch=078 loss=1.5230 val=0.5307 test=0.5426 g_keep=0.817 p_keep=0.817 param_sparsity=0.183 dropped_params=11.7 recalled_params=63 effective_recovered=7 param_churn=0.0029 acc_before_recall=0.5307 acc_after_recall=0.5307
ougp/seed0 epoch=079 loss=1.5135 val=0.5346 test=0.5471 g_keep=0.814 p_keep=0.814 param_sparsity=0.186 dropped_params=11.9 recalled_params=63 effective_recovered=7 param_churn=0.0029 acc_before_recall=0.5333 acc_after_recall=0.5346
ougp/seed0 epoch=080 loss=1.5095 val=0.5477 test=0.5526 g_keep=0.811 p_keep=0.811 param_sparsity=0.189 dropped_params=12.1 recalled_params=63 effective_recovered=7 param_churn=0.0029 acc_before_recall=0.5477 acc_after_recall=0.5477
ougp/seed0 epoch=081 loss=1.5015 val=0.5582 test=0.5603 g_keep=0.809 p_keep=0.809 param_sparsity=0.191 dropped_params=12.3 recalled_params=63 effective_recovered=7 param_churn=0.0029 acc_before_recall=0.5582 acc_after_recall=0.5582
ougp/seed0 epoch=082 loss=1.4924 val=0.5516 test=0.5613 g_keep=0.806 p_keep=0.806 param_sparsity=0.194 dropped_params=12.4 recalled_params=63 effective_recovered=6 param_churn=0.0029 acc_before_recall=0.5516 acc_after_recall=0.5516
ougp/seed0 epoch=083 loss=1.4851 val=0.5529 test=0.5627 g_keep=0.803 p_keep=0.803 param_sparsity=0.197 dropped_params=12.6 recalled_params=63 effective_recovered=6 param_churn=0.0029 acc_before_recall=0.5529 acc_after_recall=0.5529
ougp/seed0 epoch=084 loss=1.4714 val=0.5582 test=0.5699 g_keep=0.800 p_keep=0.800 param_sparsity=0.200 dropped_params=12.8 recalled_params=63 effective_recovered=6 param_churn=0.0029 acc_before_recall=0.5582 acc_after_recall=0.5582
ougp/seed0 epoch=085 loss=1.4697 val=0.5647 test=0.5809 g_keep=0.797 p_keep=0.797 param_sparsity=0.203 dropped_params=13.0 recalled_params=63 effective_recovered=6 param_churn=0.0029 acc_before_recall=0.5647 acc_after_recall=0.5647
ougp/seed0 epoch=086 loss=1.4654 val=0.5673 test=0.5897 g_keep=0.794 p_keep=0.794 param_sparsity=0.206 dropped_params=13.2 recalled_params=63 effective_recovered=6 param_churn=0.0029 acc_before_recall=0.5673 acc_after_recall=0.5673
ougp/seed0 epoch=087 loss=1.4606 val=0.5725 test=0.5984 g_keep=0.791 p_keep=0.791 param_sparsity=0.209 dropped_params=13.3 recalled_params=63 effective_recovered=6 param_churn=0.0029 acc_before_recall=0.5725 acc_after_recall=0.5725
ougp/seed0 epoch=088 loss=1.4500 val=0.5791 test=0.6082 g_keep=0.789 p_keep=0.789 param_sparsity=0.211 dropped_params=13.5 recalled_params=63 effective_recovered=5 param_churn=0.0029 acc_before_recall=0.5791 acc_after_recall=0.5791
ougp/seed0 epoch=089 loss=1.4423 val=0.5830 test=0.6095 g_keep=0.786 p_keep=0.786 param_sparsity=0.214 dropped_params=13.7 recalled_params=63 effective_recovered=5 param_churn=0.0029 acc_before_recall=0.5830 acc_after_recall=0.5830
ougp/seed0 epoch=090 loss=1.4360 val=0.5817 test=0.6090 g_keep=0.783 p_keep=0.783 param_sparsity=0.217 dropped_params=13.9 recalled_params=63 effective_recovered=5 param_churn=0.0029 acc_before_recall=0.5817 acc_after_recall=0.5817
ougp/seed0 epoch=091 loss=1.4305 val=0.5895 test=0.6129 g_keep=0.780 p_keep=0.780 param_sparsity=0.220 dropped_params=14.1 recalled_params=63 effective_recovered=5 param_churn=0.0029 acc_before_recall=0.5895 acc_after_recall=0.5895
ougp/seed0 epoch=092 loss=1.4174 val=0.5961 test=0.6162 g_keep=0.777 p_keep=0.777 param_sparsity=0.223 dropped_params=14.3 recalled_params=63 effective_recovered=5 param_churn=0.0029 acc_before_recall=0.5961 acc_after_recall=0.5961
ougp/seed0 epoch=093 loss=1.4108 val=0.5974 test=0.6178 g_keep=0.774 p_keep=0.774 param_sparsity=0.226 dropped_params=14.4 recalled_params=63 effective_recovered=5 param_churn=0.0029 acc_before_recall=0.5974 acc_after_recall=0.5974
ougp/seed0 epoch=094 loss=1.4052 val=0.6065 test=0.6281 g_keep=0.771 p_keep=0.771 param_sparsity=0.229 dropped_params=14.6 recalled_params=64 effective_recovered=5 param_churn=0.0029 acc_before_recall=0.6065 acc_after_recall=0.6065
ougp/seed0 epoch=095 loss=1.4061 val=0.6183 test=0.6366 g_keep=0.769 p_keep=0.769 param_sparsity=0.231 dropped_params=14.8 recalled_params=64 effective_recovered=4 param_churn=0.0029 acc_before_recall=0.6183 acc_after_recall=0.6183
ougp/seed0 epoch=096 loss=1.3982 val=0.6222 test=0.6402 g_keep=0.766 p_keep=0.766 param_sparsity=0.234 dropped_params=15.0 recalled_params=64 effective_recovered=4 param_churn=0.0029 acc_before_recall=0.6222 acc_after_recall=0.6222
ougp/seed0 epoch=097 loss=1.3896 val=0.6261 test=0.6461 g_keep=0.763 p_keep=0.763 param_sparsity=0.237 dropped_params=15.2 recalled_params=64 effective_recovered=4 param_churn=0.0029 acc_before_recall=0.6261 acc_after_recall=0.6261
ougp/seed0 epoch=098 loss=1.3789 val=0.6222 test=0.6418 g_keep=0.760 p_keep=0.760 param_sparsity=0.240 dropped_params=15.4 recalled_params=64 effective_recovered=4 param_churn=0.0029 acc_before_recall=0.6222 acc_after_recall=0.6222
ougp/seed0 epoch=099 loss=1.3687 val=0.6196 test=0.6361 g_keep=0.757 p_keep=0.757 param_sparsity=0.243 dropped_params=15.5 recalled_params=64 effective_recovered=3 param_churn=0.0029 acc_before_recall=0.6196 acc_after_recall=0.6196
ougp/seed0 epoch=100 loss=1.3645 val=0.6275 test=0.6443 g_keep=0.754 p_keep=0.754 param_sparsity=0.246 dropped_params=15.7 recalled_params=64 effective_recovered=1 param_churn=0.0029 acc_before_recall=0.6275 acc_after_recall=0.6275
ougp/seed0 epoch=101 loss=1.3656 val=0.6523 test=0.6667 g_keep=0.751 p_keep=0.751 param_sparsity=0.249 dropped_params=15.9 recalled_params=64 effective_recovered=1 param_churn=0.0029 acc_before_recall=0.6523 acc_after_recall=0.6523
ougp/seed0 epoch=102 loss=1.3626 val=0.6719 test=0.6809 g_keep=0.749 p_keep=0.749 param_sparsity=0.251 dropped_params=16.1 recalled_params=64 effective_recovered=1 param_churn=0.0029 acc_before_recall=0.6719 acc_after_recall=0.6719
ougp/seed0 epoch=103 loss=1.3563 val=0.6719 test=0.6833 g_keep=0.746 p_keep=0.746 param_sparsity=0.254 dropped_params=16.3 recalled_params=64 effective_recovered=2 param_churn=0.0029 acc_before_recall=0.6719 acc_after_recall=0.6719
ougp/seed0 epoch=104 loss=1.3551 val=0.6627 test=0.6755 g_keep=0.743 p_keep=0.743 param_sparsity=0.257 dropped_params=16.5 recalled_params=64 effective_recovered=3 param_churn=0.0029 acc_before_recall=0.6627 acc_after_recall=0.6627
ougp/seed0 epoch=105 loss=1.3414 val=0.6627 test=0.6742 g_keep=0.740 p_keep=0.740 param_sparsity=0.260 dropped_params=16.6 recalled_params=64 effective_recovered=1 param_churn=0.0029 acc_before_recall=0.6627 acc_after_recall=0.6627
ougp/seed0 epoch=106 loss=1.3320 val=0.6745 test=0.6877 g_keep=0.737 p_keep=0.737 param_sparsity=0.263 dropped_params=16.8 recalled_params=64 effective_recovered=1 param_churn=0.0029 acc_before_recall=0.6745 acc_after_recall=0.6745
ougp/seed0 epoch=107 loss=1.3336 val=0.6915 test=0.7039 g_keep=0.734 p_keep=0.734 param_sparsity=0.266 dropped_params=17.0 recalled_params=64 effective_recovered=3 param_churn=0.0029 acc_before_recall=0.6915 acc_after_recall=0.6915
ougp/seed0 epoch=108 loss=1.3324 val=0.6993 test=0.7078 g_keep=0.731 p_keep=0.731 param_sparsity=0.269 dropped_params=17.2 recalled_params=64 effective_recovered=2 param_churn=0.0029 acc_before_recall=0.6993 acc_after_recall=0.6993
ougp/seed0 epoch=109 loss=1.3207 val=0.6889 test=0.7013 g_keep=0.729 p_keep=0.729 param_sparsity=0.271 dropped_params=17.4 recalled_params=64 effective_recovered=3 param_churn=0.0029 acc_before_recall=0.6889 acc_after_recall=0.6889
ougp/seed0 epoch=110 loss=1.3163 val=0.6902 test=0.7026 g_keep=0.726 p_keep=0.726 param_sparsity=0.274 dropped_params=17.6 recalled_params=64 effective_recovered=3 param_churn=0.0029 acc_before_recall=0.6902 acc_after_recall=0.6902
ougp/seed0 epoch=111 loss=1.3031 val=0.7111 test=0.7211 g_keep=0.723 p_keep=0.723 param_sparsity=0.277 dropped_params=17.7 recalled_params=64 effective_recovered=3 param_churn=0.0029 acc_before_recall=0.7111 acc_after_recall=0.7111
ougp/seed0 epoch=112 loss=1.3052 val=0.7320 test=0.7314 g_keep=0.720 p_keep=0.720 param_sparsity=0.280 dropped_params=17.9 recalled_params=64 effective_recovered=3 param_churn=0.0029 acc_before_recall=0.7320 acc_after_recall=0.7320
ougp/seed0 epoch=113 loss=1.2990 val=0.7359 test=0.7358 g_keep=0.717 p_keep=0.717 param_sparsity=0.283 dropped_params=18.1 recalled_params=64 effective_recovered=3 param_churn=0.0029 acc_before_recall=0.7359 acc_after_recall=0.7359
ougp/seed0 epoch=114 loss=1.2958 val=0.7320 test=0.7358 g_keep=0.714 p_keep=0.714 param_sparsity=0.286 dropped_params=18.3 recalled_params=64 effective_recovered=3 param_churn=0.0029 acc_before_recall=0.7320 acc_after_recall=0.7320
ougp/seed0 epoch=115 loss=1.2869 val=0.7229 test=0.7265 g_keep=0.711 p_keep=0.711 param_sparsity=0.289 dropped_params=18.5 recalled_params=64 effective_recovered=3 param_churn=0.0032 acc_before_recall=0.7229 acc_after_recall=0.7229
ougp/seed0 epoch=116 loss=1.2835 val=0.7320 test=0.7353 g_keep=0.709 p_keep=0.709 param_sparsity=0.291 dropped_params=18.7 recalled_params=64 effective_recovered=2 param_churn=0.0029 acc_before_recall=0.7320 acc_after_recall=0.7320
ougp/seed0 epoch=117 loss=1.2795 val=0.7438 test=0.7502 g_keep=0.706 p_keep=0.706 param_sparsity=0.294 dropped_params=18.8 recalled_params=64 effective_recovered=2 param_churn=0.0029 acc_before_recall=0.7438 acc_after_recall=0.7438
ougp/seed0 epoch=118 loss=1.2832 val=0.7516 test=0.7539 g_keep=0.703 p_keep=0.703 param_sparsity=0.297 dropped_params=19.0 recalled_params=64 effective_recovered=4 param_churn=0.0029 acc_before_recall=0.7516 acc_after_recall=0.7516
ougp/seed0 epoch=119 loss=1.2741 val=0.7569 test=0.7596 g_keep=0.700 p_keep=0.700 param_sparsity=0.300 dropped_params=19.2 recalled_params=64 effective_recovered=4 param_churn=0.0029 acc_before_recall=0.7569 acc_after_recall=0.7569
Wrote 1 runs to experiments/exp016_photo_recall_diagnostics_seed0_cpu
# OUGP Case Study Summary

Dataset: `photo`

| Variant | Best Test Acc | Graph Sparsity | Param Sparsity | Graph Churn | Param Churn |
| --- | ---: | ---: | ---: | ---: | ---: |
| ougp | 0.7596 +/- 0.0000 | 0.300 | 0.300 | 0.012 | 0.003 |

