ougp/seed0 epoch=000 loss=2.0795 val=0.2510 test=0.2559 g_keep=1.000 p_keep=1.000 param_logits_mean=2.000000 param_logits_std=0.000000 param_memory_correction_mean=0.000000 param_memory_correction_std=0.000000 param_memory_raw_correction_mean=0.000000 param_memory_raw_correction_std=0.000000 recall_correction_mean=0.000000 recall_correction_std=0.000000
ougp/seed0 epoch=020 loss=1.9403 val=0.2471 test=0.2536 g_keep=0.983 p_keep=0.983 param_logits_mean=1.940040 param_logits_std=0.000005 param_memory_correction_mean=-0.017491 param_memory_correction_std=0.937960 param_memory_raw_correction_mean=0.000622 param_memory_raw_correction_std=0.004501 recall_correction_mean=0.000966 recall_correction_std=0.001084
ougp/seed0 epoch=040 loss=1.8430 val=0.2471 test=0.2536 g_keep=0.926 p_keep=0.926 param_logits_mean=1.743988 param_logits_std=0.000566 param_memory_correction_mean=-0.003292 param_memory_correction_std=0.989718 param_memory_raw_correction_mean=0.015465 param_memory_raw_correction_std=0.006795 recall_correction_mean=0.009725 recall_correction_std=0.010166
ougp/seed0 epoch=060 loss=1.6741 val=0.4366 test=0.4489 g_keep=0.869 p_keep=0.869 param_logits_mean=1.568361 param_logits_std=0.007459 param_memory_correction_mean=-0.000000 param_memory_correction_std=1.000000 param_memory_raw_correction_mean=0.069036 param_memory_raw_correction_std=0.085232 recall_correction_mean=0.039644 recall_correction_std=0.059741
ougp/seed0 epoch=080 loss=1.5023 val=0.5503 test=0.5696 g_keep=0.811 p_keep=0.811 param_logits_mean=1.452702 param_logits_std=0.042049 param_memory_correction_mean=0.000000 param_memory_correction_std=1.000000 param_memory_raw_correction_mean=0.133502 param_memory_raw_correction_std=0.124173 recall_correction_mean=0.067740 recall_correction_std=0.098962
ougp/seed0 epoch=100 loss=1.3509 val=0.6536 test=0.6645 g_keep=0.754 p_keep=0.754 param_logits_mean=1.433117 param_logits_std=0.107372 param_memory_correction_mean=0.005701 param_memory_correction_std=0.981674 param_memory_raw_correction_mean=0.351598 param_memory_raw_correction_std=0.437947 recall_correction_mean=0.082415 recall_correction_std=0.117780
ougp/seed0 epoch=119 loss=1.2601 val=0.7477 test=0.7583 g_keep=0.700 p_keep=0.700 param_logits_mean=1.536306 param_logits_std=0.183091 param_memory_correction_mean=0.000000 param_memory_correction_std=1.000000 param_memory_raw_correction_mean=1.081392 param_memory_raw_correction_std=0.984165 recall_correction_mean=0.109407 recall_correction_std=0.161046
ougp/seed1 epoch=000 loss=2.0795 val=0.2471 test=0.2536 g_keep=1.000 p_keep=1.000 param_logits_mean=2.000000 param_logits_std=0.000000 param_memory_correction_mean=0.000000 param_memory_correction_std=0.000000 param_memory_raw_correction_mean=0.000000 param_memory_raw_correction_std=0.000000 recall_correction_mean=0.000000 recall_correction_std=0.000000
ougp/seed1 epoch=020 loss=1.9405 val=0.2471 test=0.2536 g_keep=0.983 p_keep=0.983 param_logits_mean=1.940037 param_logits_std=0.000004 param_memory_correction_mean=-0.005956 param_memory_correction_std=0.981232 param_memory_raw_correction_mean=-0.006046 param_memory_raw_correction_std=0.019973 recall_correction_mean=0.001008 recall_correction_std=0.000539
ougp/seed1 epoch=040 loss=1.8474 val=0.2484 test=0.2536 g_keep=0.926 p_keep=0.926 param_logits_mean=1.744009 param_logits_std=0.000372 param_memory_correction_mean=-0.026196 param_memory_correction_std=0.893429 param_memory_raw_correction_mean=0.003306 param_memory_raw_correction_std=0.003898 recall_correction_mean=0.012186 recall_correction_std=0.011515
ougp/seed1 epoch=060 loss=1.6817 val=0.3961 test=0.4054 g_keep=0.869 p_keep=0.869 param_logits_mean=1.566964 param_logits_std=0.005595 param_memory_correction_mean=-0.011892 param_memory_correction_std=0.958883 param_memory_raw_correction_mean=0.025528 param_memory_raw_correction_std=0.022276 recall_correction_mean=0.025289 recall_correction_std=0.034258
ougp/seed1 epoch=080 loss=1.5111 val=0.4876 test=0.5234 g_keep=0.811 p_keep=0.811 param_logits_mean=1.451110 param_logits_std=0.031147 param_memory_correction_mean=-0.032656 param_memory_correction_std=0.862266 param_memory_raw_correction_mean=0.036551 param_memory_raw_correction_std=0.032229 recall_correction_mean=0.050885 recall_correction_std=0.077099
ougp/seed1 epoch=100 loss=1.3741 val=0.6471 test=0.6626 g_keep=0.754 p_keep=0.754 param_logits_mean=1.465227 param_logits_std=0.101271 param_memory_correction_mean=-0.028628 param_memory_correction_std=0.890245 param_memory_raw_correction_mean=0.065919 param_memory_raw_correction_std=0.063551 recall_correction_mean=0.080866 recall_correction_std=0.109561
ougp/seed1 epoch=119 loss=1.3115 val=0.7333 test=0.7444 g_keep=0.700 p_keep=0.700 param_logits_mean=1.597844 param_logits_std=0.184425 param_memory_correction_mean=-0.011038 param_memory_correction_std=0.962213 param_memory_raw_correction_mean=0.176741 param_memory_raw_correction_std=0.106243 recall_correction_mean=0.100652 recall_correction_std=0.119271
ougp/seed2 epoch=000 loss=2.0793 val=0.2471 test=0.2536 g_keep=1.000 p_keep=1.000 param_logits_mean=2.000000 param_logits_std=0.000000 param_memory_correction_mean=0.000000 param_memory_correction_std=0.000000 param_memory_raw_correction_mean=0.000000 param_memory_raw_correction_std=0.000000 recall_correction_mean=0.000000 recall_correction_std=0.000000
ougp/seed2 epoch=020 loss=1.9316 val=0.2471 test=0.2536 g_keep=0.983 p_keep=0.983 param_logits_mean=1.940043 param_logits_std=0.000002 param_memory_correction_mean=0.000000 param_memory_correction_std=1.000000 param_memory_raw_correction_mean=0.000298 param_memory_raw_correction_std=0.002672 recall_correction_mean=0.000978 recall_correction_std=0.001101
ougp/seed2 epoch=040 loss=1.8262 val=0.2484 test=0.2536 g_keep=0.926 p_keep=0.926 param_logits_mean=1.743883 param_logits_std=0.000511 param_memory_correction_mean=-0.000000 param_memory_correction_std=1.000000 param_memory_raw_correction_mean=0.040529 param_memory_raw_correction_std=0.042123 recall_correction_mean=0.014052 recall_correction_std=0.015025
ougp/seed2 epoch=060 loss=1.6633 val=0.4366 test=0.4474 g_keep=0.869 p_keep=0.869 param_logits_mean=1.564411 param_logits_std=0.006626 param_memory_correction_mean=0.000000 param_memory_correction_std=1.000000 param_memory_raw_correction_mean=0.121373 param_memory_raw_correction_std=0.112174 recall_correction_mean=0.031487 recall_correction_std=0.049596
ougp/seed2 epoch=080 loss=1.4975 val=0.5542 test=0.5706 g_keep=0.811 p_keep=0.811 param_logits_mean=1.441372 param_logits_std=0.042702 param_memory_correction_mean=-0.000000 param_memory_correction_std=1.000000 param_memory_raw_correction_mean=0.272081 param_memory_raw_correction_std=0.249184 recall_correction_mean=0.061613 recall_correction_std=0.107848
ougp/seed2 epoch=100 loss=1.3939 val=0.5922 test=0.6160 g_keep=0.754 p_keep=0.754 param_logits_mean=1.444159 param_logits_std=0.129464 param_memory_correction_mean=0.000000 param_memory_correction_std=1.000000 param_memory_raw_correction_mean=0.911790 param_memory_raw_correction_std=0.733451 recall_correction_mean=0.117142 recall_correction_std=0.153028
ougp/seed2 epoch=119 loss=1.3361 val=0.6863 test=0.6858 g_keep=0.700 p_keep=0.700 param_logits_mean=1.559615 param_logits_std=0.264085 param_memory_correction_mean=0.000000 param_memory_correction_std=1.000000 param_memory_raw_correction_mean=2.132725 param_memory_raw_correction_std=1.643084 recall_correction_mean=0.171236 recall_correction_std=0.167056
Wrote 3 runs to experiments/exp020_photo_param_gamma_sweep_channel_memory/gamma_1p0
# OUGP Case Study Summary

Dataset: `photo`

| Variant | Best Test Acc | Graph Sparsity | Param Sparsity | Graph Churn | Param Churn |
| --- | ---: | ---: | ---: | ---: | ---: |
| ougp | 0.7295 +/- 0.0314 | 0.300 | 0.300 | 0.021 | 0.119 |

