graph_only/seed0 epoch=000 loss=2.0795 val=0.2510 test=0.2559 g_keep=1.000 p_keep=1.000
graph_only/seed0 epoch=020 loss=1.9391 val=0.2471 test=0.2536 g_keep=0.983 p_keep=1.000
graph_only/seed0 epoch=040 loss=1.8280 val=0.2471 test=0.2536 g_keep=0.926 p_keep=1.000
graph_only/seed0 epoch=060 loss=1.6068 val=0.4824 test=0.5013 g_keep=0.869 p_keep=1.000
graph_only/seed0 epoch=080 loss=1.3779 val=0.6431 test=0.6560 g_keep=0.811 p_keep=1.000
graph_only/seed0 epoch=100 loss=1.1883 val=0.7791 test=0.7954 g_keep=0.754 p_keep=1.000
graph_only/seed0 epoch=119 loss=1.0546 val=0.8275 test=0.8343 g_keep=0.700 p_keep=1.000
graph_only/seed1 epoch=000 loss=2.0795 val=0.2471 test=0.2536 g_keep=1.000 p_keep=1.000
graph_only/seed1 epoch=020 loss=1.9396 val=0.2471 test=0.2536 g_keep=0.983 p_keep=1.000
graph_only/seed1 epoch=040 loss=1.8320 val=0.2484 test=0.2536 g_keep=0.926 p_keep=1.000
graph_only/seed1 epoch=060 loss=1.6190 val=0.4327 test=0.4492 g_keep=0.869 p_keep=1.000
graph_only/seed1 epoch=080 loss=1.3903 val=0.6039 test=0.6167 g_keep=0.811 p_keep=1.000
graph_only/seed1 epoch=100 loss=1.2022 val=0.7752 test=0.7884 g_keep=0.754 p_keep=1.000
graph_only/seed1 epoch=119 loss=1.0716 val=0.8314 test=0.8361 g_keep=0.700 p_keep=1.000
graph_only/seed2 epoch=000 loss=2.0793 val=0.2471 test=0.2536 g_keep=1.000 p_keep=1.000
graph_only/seed2 epoch=020 loss=1.9305 val=0.2471 test=0.2536 g_keep=0.983 p_keep=1.000
graph_only/seed2 epoch=040 loss=1.8082 val=0.2484 test=0.2541 g_keep=0.926 p_keep=1.000
graph_only/seed2 epoch=060 loss=1.5985 val=0.4902 test=0.5080 g_keep=0.869 p_keep=1.000
graph_only/seed2 epoch=080 loss=1.3726 val=0.6157 test=0.6338 g_keep=0.811 p_keep=1.000
graph_only/seed2 epoch=100 loss=1.1915 val=0.7556 test=0.7603 g_keep=0.754 p_keep=1.000
graph_only/seed2 epoch=119 loss=1.0692 val=0.7869 test=0.8103 g_keep=0.700 p_keep=1.000
ougp/seed0 epoch=000 loss=2.0795 val=0.2510 test=0.2559 g_keep=1.000 p_keep=1.000
ougp/seed0 epoch=020 loss=1.9402 val=0.2471 test=0.2536 g_keep=0.983 p_keep=0.983
ougp/seed0 epoch=040 loss=1.8441 val=0.2471 test=0.2536 g_keep=0.926 p_keep=0.926
ougp/seed0 epoch=060 loss=1.6748 val=0.4366 test=0.4492 g_keep=0.869 p_keep=0.869
ougp/seed0 epoch=080 loss=1.5058 val=0.5582 test=0.5719 g_keep=0.811 p_keep=0.811
ougp/seed0 epoch=100 loss=1.3640 val=0.6588 test=0.6748 g_keep=0.754 p_keep=0.754
ougp/seed0 epoch=119 loss=1.2642 val=0.7569 test=0.7636 g_keep=0.700 p_keep=0.700
ougp/seed1 epoch=000 loss=2.0795 val=0.2471 test=0.2536 g_keep=1.000 p_keep=1.000
ougp/seed1 epoch=020 loss=1.9406 val=0.2471 test=0.2536 g_keep=0.983 p_keep=0.983
ougp/seed1 epoch=040 loss=1.8471 val=0.2484 test=0.2536 g_keep=0.926 p_keep=0.926
ougp/seed1 epoch=060 loss=1.6839 val=0.3948 test=0.4025 g_keep=0.869 p_keep=0.869
ougp/seed1 epoch=080 loss=1.5176 val=0.4745 test=0.5116 g_keep=0.811 p_keep=0.811
ougp/seed1 epoch=100 loss=1.3757 val=0.6379 test=0.6533 g_keep=0.754 p_keep=0.754
ougp/seed1 epoch=119 loss=1.2773 val=0.7412 test=0.7547 g_keep=0.700 p_keep=0.700
ougp/seed2 epoch=000 loss=2.0793 val=0.2471 test=0.2536 g_keep=1.000 p_keep=1.000
ougp/seed2 epoch=020 loss=1.9316 val=0.2471 test=0.2536 g_keep=0.983 p_keep=0.983
ougp/seed2 epoch=040 loss=1.8262 val=0.2484 test=0.2536 g_keep=0.926 p_keep=0.926
ougp/seed2 epoch=060 loss=1.6659 val=0.4353 test=0.4441 g_keep=0.869 p_keep=0.869
ougp/seed2 epoch=080 loss=1.4944 val=0.5752 test=0.5910 g_keep=0.811 p_keep=0.811
ougp/seed2 epoch=100 loss=1.3596 val=0.6275 test=0.6405 g_keep=0.754 p_keep=0.754
ougp/seed2 epoch=119 loss=1.2680 val=0.7320 test=0.7342 g_keep=0.700 p_keep=0.700
Wrote 6 runs to experiments/exp014_photo_event_feedback_sweep/gamma_0_00
# OUGP Case Study Summary

Dataset: `photo`

| Variant | Best Test Acc | Graph Sparsity | Param Sparsity | Graph Churn | Param Churn |
| --- | ---: | ---: | ---: | ---: | ---: |
| graph_only | 0.8272 +/- 0.0120 | 0.300 | 0.000 | 0.018 | 0.000 |
| ougp | 0.7504 +/- 0.0121 | 0.300 | 0.300 | 0.010 | 0.003 |

