graph_only/seed0 epoch=000 loss=2.0795 val=0.2510 test=0.2559 g_keep=1.000 p_keep=1.000
graph_only/seed0 epoch=020 loss=1.9391 val=0.2471 test=0.2536 g_keep=0.983 p_keep=1.000
graph_only/seed0 epoch=040 loss=1.8280 val=0.2471 test=0.2536 g_keep=0.926 p_keep=1.000
graph_only/seed0 epoch=060 loss=1.6069 val=0.4824 test=0.5013 g_keep=0.869 p_keep=1.000
graph_only/seed0 epoch=080 loss=1.3804 val=0.6431 test=0.6544 g_keep=0.811 p_keep=1.000
graph_only/seed0 epoch=100 loss=1.1928 val=0.7765 test=0.7918 g_keep=0.754 p_keep=1.000
graph_only/seed0 epoch=119 loss=1.0555 val=0.8314 test=0.8345 g_keep=0.700 p_keep=1.000
graph_only/seed1 epoch=000 loss=2.0795 val=0.2471 test=0.2536 g_keep=1.000 p_keep=1.000
graph_only/seed1 epoch=020 loss=1.9396 val=0.2471 test=0.2536 g_keep=0.983 p_keep=1.000
graph_only/seed1 epoch=040 loss=1.8320 val=0.2484 test=0.2536 g_keep=0.926 p_keep=1.000
graph_only/seed1 epoch=060 loss=1.6189 val=0.4327 test=0.4493 g_keep=0.869 p_keep=1.000
graph_only/seed1 epoch=080 loss=1.3900 val=0.6039 test=0.6162 g_keep=0.811 p_keep=1.000
graph_only/seed1 epoch=100 loss=1.2032 val=0.7765 test=0.7879 g_keep=0.754 p_keep=1.000
graph_only/seed1 epoch=119 loss=1.0697 val=0.8340 test=0.8359 g_keep=0.700 p_keep=1.000
graph_only/seed2 epoch=000 loss=2.0793 val=0.2471 test=0.2536 g_keep=1.000 p_keep=1.000
graph_only/seed2 epoch=020 loss=1.9305 val=0.2471 test=0.2536 g_keep=0.983 p_keep=1.000
graph_only/seed2 epoch=040 loss=1.8082 val=0.2484 test=0.2541 g_keep=0.926 p_keep=1.000
graph_only/seed2 epoch=060 loss=1.5986 val=0.4863 test=0.5078 g_keep=0.869 p_keep=1.000
graph_only/seed2 epoch=080 loss=1.3712 val=0.6144 test=0.6343 g_keep=0.811 p_keep=1.000
graph_only/seed2 epoch=100 loss=1.1943 val=0.7503 test=0.7554 g_keep=0.754 p_keep=1.000
graph_only/seed2 epoch=119 loss=1.0676 val=0.7856 test=0.8109 g_keep=0.700 p_keep=1.000
ougp/seed0 epoch=000 loss=2.0795 val=0.2510 test=0.2559 g_keep=1.000 p_keep=1.000
ougp/seed0 epoch=020 loss=1.9402 val=0.2471 test=0.2536 g_keep=0.983 p_keep=0.983
ougp/seed0 epoch=040 loss=1.8441 val=0.2471 test=0.2536 g_keep=0.926 p_keep=0.926
ougp/seed0 epoch=060 loss=1.6749 val=0.4366 test=0.4492 g_keep=0.869 p_keep=0.869
ougp/seed0 epoch=080 loss=1.5058 val=0.5569 test=0.5717 g_keep=0.811 p_keep=0.811
ougp/seed0 epoch=100 loss=1.3636 val=0.6627 test=0.6775 g_keep=0.754 p_keep=0.754
ougp/seed0 epoch=119 loss=1.2609 val=0.7582 test=0.7657 g_keep=0.700 p_keep=0.700
ougp/seed1 epoch=000 loss=2.0795 val=0.2471 test=0.2536 g_keep=1.000 p_keep=1.000
ougp/seed1 epoch=020 loss=1.9406 val=0.2471 test=0.2536 g_keep=0.983 p_keep=0.983
ougp/seed1 epoch=040 loss=1.8471 val=0.2484 test=0.2536 g_keep=0.926 p_keep=0.926
ougp/seed1 epoch=060 loss=1.6839 val=0.3948 test=0.4025 g_keep=0.869 p_keep=0.869
ougp/seed1 epoch=080 loss=1.5134 val=0.4784 test=0.5178 g_keep=0.811 p_keep=0.811
ougp/seed1 epoch=100 loss=1.3723 val=0.6418 test=0.6582 g_keep=0.754 p_keep=0.754
ougp/seed1 epoch=119 loss=1.2757 val=0.7425 test=0.7539 g_keep=0.700 p_keep=0.700
ougp/seed2 epoch=000 loss=2.0793 val=0.2471 test=0.2536 g_keep=1.000 p_keep=1.000
ougp/seed2 epoch=020 loss=1.9316 val=0.2471 test=0.2536 g_keep=0.983 p_keep=0.983
ougp/seed2 epoch=040 loss=1.8262 val=0.2484 test=0.2536 g_keep=0.926 p_keep=0.926
ougp/seed2 epoch=060 loss=1.6660 val=0.4353 test=0.4436 g_keep=0.869 p_keep=0.869
ougp/seed2 epoch=080 loss=1.4951 val=0.5752 test=0.5904 g_keep=0.811 p_keep=0.811
ougp/seed2 epoch=100 loss=1.3594 val=0.6288 test=0.6410 g_keep=0.754 p_keep=0.754
ougp/seed2 epoch=119 loss=1.2687 val=0.7294 test=0.7302 g_keep=0.700 p_keep=0.700
Wrote 6 runs to experiments/exp014_photo_event_feedback_sweep/gamma_0_20
# OUGP Case Study Summary

Dataset: `photo`

| Variant | Best Test Acc | Graph Sparsity | Param Sparsity | Graph Churn | Param Churn |
| --- | ---: | ---: | ---: | ---: | ---: |
| graph_only | 0.8243 +/- 0.0154 | 0.300 | 0.000 | 0.014 | 0.000 |
| ougp | 0.7490 +/- 0.0139 | 0.300 | 0.300 | 0.010 | 0.003 |

