dense/seed0 epoch=000 loss=1.7918 val=0.6200 test=0.6070 g_keep=1.000 p_keep=1.000
dense/seed0 epoch=020 loss=1.4345 val=0.6600 test=0.6550 g_keep=1.000 p_keep=1.000
dense/seed0 epoch=040 loss=0.7993 val=0.6940 test=0.6950 g_keep=1.000 p_keep=1.000
dense/seed0 epoch=060 loss=0.4892 val=0.7120 test=0.7120 g_keep=1.000 p_keep=1.000
dense/seed0 epoch=080 loss=0.3619 val=0.7060 test=0.7130 g_keep=1.000 p_keep=1.000
dense/seed0 epoch=100 loss=0.3157 val=0.7120 test=0.7170 g_keep=1.000 p_keep=1.000
dense/seed0 epoch=119 loss=0.2516 val=0.7120 test=0.7180 g_keep=1.000 p_keep=1.000
dense/seed1 epoch=000 loss=1.7918 val=0.5720 test=0.5400 g_keep=1.000 p_keep=1.000
dense/seed1 epoch=020 loss=1.4367 val=0.6660 test=0.6650 g_keep=1.000 p_keep=1.000
dense/seed1 epoch=040 loss=0.7816 val=0.6920 test=0.7040 g_keep=1.000 p_keep=1.000
dense/seed1 epoch=060 loss=0.4836 val=0.7140 test=0.7130 g_keep=1.000 p_keep=1.000
dense/seed1 epoch=080 loss=0.3701 val=0.7200 test=0.7140 g_keep=1.000 p_keep=1.000
dense/seed1 epoch=100 loss=0.3172 val=0.7220 test=0.7210 g_keep=1.000 p_keep=1.000
dense/seed1 epoch=119 loss=0.2889 val=0.7220 test=0.7200 g_keep=1.000 p_keep=1.000
dense/seed2 epoch=000 loss=1.7918 val=0.6480 test=0.6470 g_keep=1.000 p_keep=1.000
dense/seed2 epoch=020 loss=1.4258 val=0.6960 test=0.6840 g_keep=1.000 p_keep=1.000
dense/seed2 epoch=040 loss=0.7648 val=0.7000 test=0.7070 g_keep=1.000 p_keep=1.000
dense/seed2 epoch=060 loss=0.4897 val=0.7280 test=0.7120 g_keep=1.000 p_keep=1.000
dense/seed2 epoch=080 loss=0.3744 val=0.7100 test=0.7130 g_keep=1.000 p_keep=1.000
dense/seed2 epoch=100 loss=0.3262 val=0.7140 test=0.7130 g_keep=1.000 p_keep=1.000
dense/seed2 epoch=119 loss=0.2612 val=0.7180 test=0.7090 g_keep=1.000 p_keep=1.000
graph_only/seed0 epoch=000 loss=1.7918 val=0.6200 test=0.6070 g_keep=1.000 p_keep=1.000
graph_only/seed0 epoch=020 loss=1.4342 val=0.6600 test=0.6550 g_keep=0.983 p_keep=1.000
graph_only/seed0 epoch=040 loss=0.7956 val=0.6940 test=0.6950 g_keep=0.926 p_keep=1.000
graph_only/seed0 epoch=060 loss=0.4768 val=0.7140 test=0.7090 g_keep=0.869 p_keep=1.000
graph_only/seed0 epoch=080 loss=0.3444 val=0.7040 test=0.7120 g_keep=0.811 p_keep=1.000
graph_only/seed0 epoch=100 loss=0.2891 val=0.7140 test=0.7120 g_keep=0.754 p_keep=1.000
graph_only/seed0 epoch=119 loss=0.2191 val=0.7120 test=0.7090 g_keep=0.700 p_keep=1.000
graph_only/seed1 epoch=000 loss=1.7918 val=0.5720 test=0.5400 g_keep=1.000 p_keep=1.000
graph_only/seed1 epoch=020 loss=1.4364 val=0.6680 test=0.6640 g_keep=0.983 p_keep=1.000
graph_only/seed1 epoch=040 loss=0.7768 val=0.6920 test=0.7070 g_keep=0.926 p_keep=1.000
graph_only/seed1 epoch=060 loss=0.4733 val=0.7140 test=0.7100 g_keep=0.869 p_keep=1.000
graph_only/seed1 epoch=080 loss=0.3535 val=0.7180 test=0.7170 g_keep=0.811 p_keep=1.000
graph_only/seed1 epoch=100 loss=0.2929 val=0.7160 test=0.7190 g_keep=0.754 p_keep=1.000
graph_only/seed1 epoch=119 loss=0.2568 val=0.7140 test=0.7120 g_keep=0.700 p_keep=1.000
graph_only/seed2 epoch=000 loss=1.7918 val=0.6480 test=0.6470 g_keep=1.000 p_keep=1.000
graph_only/seed2 epoch=020 loss=1.4255 val=0.6960 test=0.6850 g_keep=0.983 p_keep=1.000
graph_only/seed2 epoch=040 loss=0.7605 val=0.7020 test=0.7080 g_keep=0.926 p_keep=1.000
graph_only/seed2 epoch=060 loss=0.4810 val=0.7240 test=0.7150 g_keep=0.869 p_keep=1.000
graph_only/seed2 epoch=080 loss=0.3585 val=0.7160 test=0.7140 g_keep=0.811 p_keep=1.000
graph_only/seed2 epoch=100 loss=0.2993 val=0.7180 test=0.7160 g_keep=0.754 p_keep=1.000
graph_only/seed2 epoch=119 loss=0.2294 val=0.7080 test=0.7140 g_keep=0.700 p_keep=1.000
param_only/seed0 epoch=000 loss=1.7918 val=0.6200 test=0.6070 g_keep=1.000 p_keep=1.000
param_only/seed0 epoch=020 loss=1.4407 val=0.6600 test=0.6550 g_keep=1.000 p_keep=0.983
param_only/seed0 epoch=040 loss=0.8622 val=0.6920 test=0.6930 g_keep=1.000 p_keep=0.926
param_only/seed0 epoch=060 loss=0.5775 val=0.7120 test=0.7110 g_keep=1.000 p_keep=0.869
param_only/seed0 epoch=080 loss=0.4647 val=0.7180 test=0.7160 g_keep=1.000 p_keep=0.811
param_only/seed0 epoch=100 loss=0.4412 val=0.7180 test=0.7190 g_keep=1.000 p_keep=0.754
param_only/seed0 epoch=119 loss=0.3937 val=0.7180 test=0.7180 g_keep=1.000 p_keep=0.700
param_only/seed1 epoch=000 loss=1.7918 val=0.5720 test=0.5400 g_keep=1.000 p_keep=1.000
param_only/seed1 epoch=020 loss=1.4429 val=0.6660 test=0.6640 g_keep=1.000 p_keep=0.983
param_only/seed1 epoch=040 loss=0.8446 val=0.6900 test=0.7030 g_keep=1.000 p_keep=0.926
param_only/seed1 epoch=060 loss=0.5711 val=0.7140 test=0.7120 g_keep=1.000 p_keep=0.869
param_only/seed1 epoch=080 loss=0.4733 val=0.7260 test=0.7170 g_keep=1.000 p_keep=0.811
param_only/seed1 epoch=100 loss=0.4401 val=0.7240 test=0.7160 g_keep=1.000 p_keep=0.754
param_only/seed1 epoch=119 loss=0.4359 val=0.7180 test=0.7150 g_keep=1.000 p_keep=0.700
param_only/seed2 epoch=000 loss=1.7918 val=0.6480 test=0.6470 g_keep=1.000 p_keep=1.000
param_only/seed2 epoch=020 loss=1.4321 val=0.6960 test=0.6840 g_keep=1.000 p_keep=0.983
param_only/seed2 epoch=040 loss=0.8285 val=0.7000 test=0.7070 g_keep=1.000 p_keep=0.926
param_only/seed2 epoch=060 loss=0.5775 val=0.7260 test=0.7140 g_keep=1.000 p_keep=0.869
param_only/seed2 epoch=080 loss=0.4779 val=0.7180 test=0.7110 g_keep=1.000 p_keep=0.811
param_only/seed2 epoch=100 loss=0.4484 val=0.7200 test=0.7160 g_keep=1.000 p_keep=0.754
param_only/seed2 epoch=119 loss=0.4019 val=0.7180 test=0.7110 g_keep=1.000 p_keep=0.700
dual_static/seed0 epoch=000 loss=1.7918 val=0.6200 test=0.6070 g_keep=1.000 p_keep=1.000
dual_static/seed0 epoch=020 loss=1.4404 val=0.6600 test=0.6530 g_keep=0.983 p_keep=0.983
dual_static/seed0 epoch=040 loss=0.8585 val=0.6920 test=0.6930 g_keep=0.926 p_keep=0.926
dual_static/seed0 epoch=060 loss=0.5675 val=0.7080 test=0.7080 g_keep=0.869 p_keep=0.869
dual_static/seed0 epoch=080 loss=0.4523 val=0.7180 test=0.7140 g_keep=0.811 p_keep=0.811
dual_static/seed0 epoch=100 loss=0.4173 val=0.7140 test=0.7160 g_keep=0.754 p_keep=0.754
dual_static/seed0 epoch=119 loss=0.3566 val=0.7180 test=0.7160 g_keep=0.700 p_keep=0.700
dual_static/seed1 epoch=000 loss=1.7918 val=0.5720 test=0.5400 g_keep=1.000 p_keep=1.000
dual_static/seed1 epoch=020 loss=1.4426 val=0.6660 test=0.6650 g_keep=0.983 p_keep=0.983
dual_static/seed1 epoch=040 loss=0.8396 val=0.6900 test=0.7020 g_keep=0.926 p_keep=0.926
dual_static/seed1 epoch=060 loss=0.5618 val=0.7160 test=0.7110 g_keep=0.869 p_keep=0.869
dual_static/seed1 epoch=080 loss=0.4611 val=0.7240 test=0.7160 g_keep=0.811 p_keep=0.811
dual_static/seed1 epoch=100 loss=0.4175 val=0.7220 test=0.7170 g_keep=0.754 p_keep=0.754
dual_static/seed1 epoch=119 loss=0.4029 val=0.7180 test=0.7170 g_keep=0.700 p_keep=0.700
dual_static/seed2 epoch=000 loss=1.7918 val=0.6480 test=0.6470 g_keep=1.000 p_keep=1.000
dual_static/seed2 epoch=020 loss=1.4318 val=0.6960 test=0.6850 g_keep=0.983 p_keep=0.983
dual_static/seed2 epoch=040 loss=0.8234 val=0.7000 test=0.7060 g_keep=0.926 p_keep=0.926
dual_static/seed2 epoch=060 loss=0.5698 val=0.7220 test=0.7150 g_keep=0.869 p_keep=0.869
dual_static/seed2 epoch=080 loss=0.4627 val=0.7160 test=0.7150 g_keep=0.811 p_keep=0.811
dual_static/seed2 epoch=100 loss=0.4259 val=0.7240 test=0.7140 g_keep=0.754 p_keep=0.754
dual_static/seed2 epoch=119 loss=0.3721 val=0.7160 test=0.7120 g_keep=0.700 p_keep=0.700
ougp_no_cross/seed0 epoch=000 loss=1.7918 val=0.6200 test=0.6070 g_keep=1.000 p_keep=1.000
ougp_no_cross/seed0 epoch=020 loss=1.4404 val=0.6600 test=0.6530 g_keep=0.983 p_keep=0.983
ougp_no_cross/seed0 epoch=040 loss=0.8585 val=0.6920 test=0.6930 g_keep=0.926 p_keep=0.926
ougp_no_cross/seed0 epoch=060 loss=0.5647 val=0.7120 test=0.7080 g_keep=0.869 p_keep=0.869
ougp_no_cross/seed0 epoch=080 loss=0.4451 val=0.7100 test=0.7190 g_keep=0.811 p_keep=0.811
ougp_no_cross/seed0 epoch=100 loss=0.4089 val=0.7140 test=0.7130 g_keep=0.754 p_keep=0.754
ougp_no_cross/seed0 epoch=119 loss=0.3517 val=0.7200 test=0.7140 g_keep=0.700 p_keep=0.700
ougp_no_cross/seed1 epoch=000 loss=1.7918 val=0.5720 test=0.5400 g_keep=1.000 p_keep=1.000
ougp_no_cross/seed1 epoch=020 loss=1.4426 val=0.6660 test=0.6650 g_keep=0.983 p_keep=0.983
ougp_no_cross/seed1 epoch=040 loss=0.8398 val=0.6900 test=0.7020 g_keep=0.926 p_keep=0.926
ougp_no_cross/seed1 epoch=060 loss=0.5605 val=0.7120 test=0.7100 g_keep=0.869 p_keep=0.869
ougp_no_cross/seed1 epoch=080 loss=0.4550 val=0.7240 test=0.7190 g_keep=0.811 p_keep=0.811
ougp_no_cross/seed1 epoch=100 loss=0.4121 val=0.7260 test=0.7190 g_keep=0.754 p_keep=0.754
ougp_no_cross/seed1 epoch=119 loss=0.3935 val=0.7200 test=0.7140 g_keep=0.700 p_keep=0.700
ougp_no_cross/seed2 epoch=000 loss=1.7918 val=0.6480 test=0.6470 g_keep=1.000 p_keep=1.000
ougp_no_cross/seed2 epoch=020 loss=1.4318 val=0.6960 test=0.6850 g_keep=0.983 p_keep=0.983
ougp_no_cross/seed2 epoch=040 loss=0.8243 val=0.7000 test=0.7050 g_keep=0.926 p_keep=0.926
ougp_no_cross/seed2 epoch=060 loss=0.5687 val=0.7220 test=0.7170 g_keep=0.869 p_keep=0.869
ougp_no_cross/seed2 epoch=080 loss=0.4586 val=0.7200 test=0.7170 g_keep=0.811 p_keep=0.811
ougp_no_cross/seed2 epoch=100 loss=0.4156 val=0.7260 test=0.7150 g_keep=0.754 p_keep=0.754
ougp_no_cross/seed2 epoch=119 loss=0.3623 val=0.7180 test=0.7130 g_keep=0.700 p_keep=0.700
ougp/seed0 epoch=000 loss=1.7918 val=0.6200 test=0.6070 g_keep=1.000 p_keep=1.000
ougp/seed0 epoch=020 loss=1.4404 val=0.6600 test=0.6530 g_keep=0.983 p_keep=0.983
ougp/seed0 epoch=040 loss=0.8585 val=0.6920 test=0.6930 g_keep=0.926 p_keep=0.926
ougp/seed0 epoch=060 loss=0.5641 val=0.7120 test=0.7090 g_keep=0.869 p_keep=0.869
ougp/seed0 epoch=080 loss=0.4451 val=0.7120 test=0.7190 g_keep=0.811 p_keep=0.811
ougp/seed0 epoch=100 loss=0.4103 val=0.7160 test=0.7120 g_keep=0.754 p_keep=0.754
ougp/seed0 epoch=119 loss=0.3498 val=0.7180 test=0.7110 g_keep=0.700 p_keep=0.700
ougp/seed1 epoch=000 loss=1.7918 val=0.5720 test=0.5400 g_keep=1.000 p_keep=1.000
ougp/seed1 epoch=020 loss=1.4426 val=0.6660 test=0.6650 g_keep=0.983 p_keep=0.983
ougp/seed1 epoch=040 loss=0.8398 val=0.6900 test=0.7020 g_keep=0.926 p_keep=0.926
ougp/seed1 epoch=060 loss=0.5609 val=0.7120 test=0.7100 g_keep=0.869 p_keep=0.869
ougp/seed1 epoch=080 loss=0.4550 val=0.7260 test=0.7190 g_keep=0.811 p_keep=0.811
ougp/seed1 epoch=100 loss=0.4129 val=0.7260 test=0.7200 g_keep=0.754 p_keep=0.754
ougp/seed1 epoch=119 loss=0.3939 val=0.7220 test=0.7160 g_keep=0.700 p_keep=0.700
ougp/seed2 epoch=000 loss=1.7918 val=0.6480 test=0.6470 g_keep=1.000 p_keep=1.000
ougp/seed2 epoch=020 loss=1.4318 val=0.6960 test=0.6850 g_keep=0.983 p_keep=0.983
ougp/seed2 epoch=040 loss=0.8243 val=0.7000 test=0.7050 g_keep=0.926 p_keep=0.926
ougp/seed2 epoch=060 loss=0.5697 val=0.7220 test=0.7150 g_keep=0.869 p_keep=0.869
ougp/seed2 epoch=080 loss=0.4594 val=0.7180 test=0.7170 g_keep=0.811 p_keep=0.811
ougp/seed2 epoch=100 loss=0.4175 val=0.7260 test=0.7150 g_keep=0.754 p_keep=0.754
ougp/seed2 epoch=119 loss=0.3618 val=0.7180 test=0.7140 g_keep=0.700 p_keep=0.700
Wrote 18 runs to experiments/exp003_citeseer_cpu_multiseed
# OUGP Case Study Summary

Dataset: `citeseer`

| Variant | Best Test Acc | Graph Sparsity | Param Sparsity | Graph Churn | Param Churn |
| --- | ---: | ---: | ---: | ---: | ---: |
| dense | 0.7160 +/- 0.0042 | 0.000 | 0.000 | 0.000 | 0.000 |
| dual_static | 0.7150 +/- 0.0036 | 0.300 | 0.300 | 0.003 | 0.003 |
| graph_only | 0.7143 +/- 0.0009 | 0.300 | 0.000 | 0.009 | 0.000 |
| ougp | 0.7157 +/- 0.0025 | 0.300 | 0.300 | 0.011 | 0.003 |
| ougp_no_cross | 0.7160 +/- 0.0022 | 0.300 | 0.300 | 0.013 | 0.003 |
| param_only | 0.7153 +/- 0.0009 | 0.000 | 0.300 | 0.000 | 0.003 |


