ougp/seed0 epoch=000 loss=2.0795 val=0.2510 test=0.2559 g_keep=1.000 p_keep=1.000 param_logits_mean=2.000000 param_logits_std=0.000000 param_memory_correction_mean=0.000000 param_memory_correction_std=0.000000 param_memory_raw_correction_mean=0.000000 param_memory_raw_correction_std=0.000000 recall_correction_mean=0.000000 recall_correction_std=0.000000
ougp/seed0 epoch=020 loss=1.9401 val=0.2471 test=0.2536 g_keep=0.983 p_keep=0.983 param_logits_mean=1.940050 param_logits_std=0.000010 param_memory_correction_mean=-0.009114 param_memory_correction_std=0.969732 param_memory_raw_correction_mean=0.016737 param_memory_raw_correction_std=0.032670 recall_correction_mean=0.000541 recall_correction_std=0.000481
ougp/seed0 epoch=040 loss=1.8439 val=0.2471 test=0.2536 g_keep=0.926 p_keep=0.926 param_logits_mean=1.744463 param_logits_std=0.000548 param_memory_correction_mean=0.000000 param_memory_correction_std=1.000000 param_memory_raw_correction_mean=0.065783 param_memory_raw_correction_std=0.601264 recall_correction_mean=0.001589 recall_correction_std=0.001534
ougp/seed0 epoch=060 loss=1.6723 val=0.4379 test=0.4515 g_keep=0.869 p_keep=0.869 param_logits_mean=1.580354 param_logits_std=0.007221 param_memory_correction_mean=-0.000000 param_memory_correction_std=1.000000 param_memory_raw_correction_mean=0.730157 param_memory_raw_correction_std=1.368918 recall_correction_mean=0.001917 recall_correction_std=0.001843
ougp/seed0 epoch=080 loss=1.5034 val=0.5608 test=0.5742 g_keep=0.811 p_keep=0.811 param_logits_mean=1.518609 param_logits_std=0.052799 param_memory_correction_mean=0.000000 param_memory_correction_std=1.000000 param_memory_raw_correction_mean=2.824355 param_memory_raw_correction_std=2.458227 recall_correction_mean=0.001970 recall_correction_std=0.001885
ougp/seed0 epoch=100 loss=1.3618 val=0.6588 test=0.6742 g_keep=0.754 p_keep=0.754 param_logits_mean=1.645554 param_logits_std=0.149035 param_memory_correction_mean=-0.000000 param_memory_correction_std=1.000000 param_memory_raw_correction_mean=6.737842 param_memory_raw_correction_std=3.519467 recall_correction_mean=0.001974 recall_correction_std=0.001833
ougp/seed0 epoch=119 loss=1.2608 val=0.7556 test=0.7616 g_keep=0.700 p_keep=0.700 param_logits_mean=1.900349 param_logits_std=0.230397 param_memory_correction_mean=-0.000000 param_memory_correction_std=1.000000 param_memory_raw_correction_mean=10.889692 param_memory_raw_correction_std=4.621369 recall_correction_mean=0.002436 recall_correction_std=0.002334
ougp/seed1 epoch=000 loss=2.0795 val=0.2471 test=0.2536 g_keep=1.000 p_keep=1.000 param_logits_mean=2.000000 param_logits_std=0.000000 param_memory_correction_mean=0.000000 param_memory_correction_std=0.000000 param_memory_raw_correction_mean=0.000000 param_memory_raw_correction_std=0.000000 recall_correction_mean=0.000000 recall_correction_std=0.000000
ougp/seed1 epoch=020 loss=1.9406 val=0.2471 test=0.2536 g_keep=0.983 p_keep=0.983 param_logits_mean=1.940051 param_logits_std=0.000011 param_memory_correction_mean=-0.000000 param_memory_correction_std=1.000000 param_memory_raw_correction_mean=0.035526 param_memory_raw_correction_std=0.082779 recall_correction_mean=0.000556 recall_correction_std=0.000509
ougp/seed1 epoch=040 loss=1.8468 val=0.2484 test=0.2536 g_keep=0.926 p_keep=0.926 param_logits_mean=1.744426 param_logits_std=0.000664 param_memory_correction_mean=-0.000000 param_memory_correction_std=1.000000 param_memory_raw_correction_mean=0.081066 param_memory_raw_correction_std=0.623962 recall_correction_mean=0.001521 recall_correction_std=0.001762
ougp/seed1 epoch=060 loss=1.6817 val=0.3987 test=0.4047 g_keep=0.869 p_keep=0.869 param_logits_mean=1.575241 param_logits_std=0.009231 param_memory_correction_mean=-0.000262 param_memory_correction_std=0.999212 param_memory_raw_correction_mean=0.586899 param_memory_raw_correction_std=1.290015 recall_correction_mean=0.001810 recall_correction_std=0.002092
ougp/seed1 epoch=080 loss=1.5105 val=0.4784 test=0.5185 g_keep=0.811 p_keep=0.811 param_logits_mean=1.508279 param_logits_std=0.057262 param_memory_correction_mean=0.000000 param_memory_correction_std=1.000000 param_memory_raw_correction_mean=1.999865 param_memory_raw_correction_std=1.781437 recall_correction_mean=0.001621 recall_correction_std=0.001797
ougp/seed1 epoch=100 loss=1.3697 val=0.6444 test=0.6660 g_keep=0.754 p_keep=0.754 param_logits_mean=1.641631 param_logits_std=0.147223 param_memory_correction_mean=-0.002476 param_memory_correction_std=0.992344 param_memory_raw_correction_mean=4.604322 param_memory_raw_correction_std=2.482049 recall_correction_mean=0.001784 recall_correction_std=0.001856
ougp/seed1 epoch=119 loss=1.2755 val=0.7425 test=0.7518 g_keep=0.700 p_keep=0.700 param_logits_mean=1.895660 param_logits_std=0.221905 param_memory_correction_mean=-0.000000 param_memory_correction_std=1.000000 param_memory_raw_correction_mean=6.231314 param_memory_raw_correction_std=3.180903 recall_correction_mean=0.002401 recall_correction_std=0.002442
ougp/seed2 epoch=000 loss=2.0793 val=0.2471 test=0.2536 g_keep=1.000 p_keep=1.000 param_logits_mean=2.000000 param_logits_std=0.000000 param_memory_correction_mean=0.000000 param_memory_correction_std=0.000000 param_memory_raw_correction_mean=0.000000 param_memory_raw_correction_std=0.000000 recall_correction_mean=0.000000 recall_correction_std=0.000000
ougp/seed2 epoch=020 loss=1.9316 val=0.2471 test=0.2536 g_keep=0.983 p_keep=0.983 param_logits_mean=1.940032 param_logits_std=0.000010 param_memory_correction_mean=-0.022444 param_memory_correction_std=0.912466 param_memory_raw_correction_mean=0.001447 param_memory_raw_correction_std=0.011723 recall_correction_mean=0.000526 recall_correction_std=0.000473
ougp/seed2 epoch=040 loss=1.8259 val=0.2484 test=0.2536 g_keep=0.926 p_keep=0.926 param_logits_mean=1.744472 param_logits_std=0.000820 param_memory_correction_mean=-0.000000 param_memory_correction_std=1.000000 param_memory_raw_correction_mean=0.004600 param_memory_raw_correction_std=0.570415 recall_correction_mean=0.001395 recall_correction_std=0.001427
ougp/seed2 epoch=060 loss=1.6636 val=0.4366 test=0.4474 g_keep=0.869 p_keep=0.869 param_logits_mean=1.579498 param_logits_std=0.010977 param_memory_correction_mean=0.000000 param_memory_correction_std=1.000000 param_memory_raw_correction_mean=0.493995 param_memory_raw_correction_std=1.719638 recall_correction_mean=0.001675 recall_correction_std=0.002232
ougp/seed2 epoch=080 loss=1.4928 val=0.5778 test=0.5931 g_keep=0.811 p_keep=0.811 param_logits_mean=1.528325 param_logits_std=0.064453 param_memory_correction_mean=0.000000 param_memory_correction_std=1.000000 param_memory_raw_correction_mean=3.909776 param_memory_raw_correction_std=2.469669 recall_correction_mean=0.001762 recall_correction_std=0.001963
ougp/seed2 epoch=100 loss=1.3562 val=0.6340 test=0.6426 g_keep=0.754 p_keep=0.754 param_logits_mean=1.656531 param_logits_std=0.166271 param_memory_correction_mean=-0.000000 param_memory_correction_std=1.000000 param_memory_raw_correction_mean=7.857683 param_memory_raw_correction_std=3.479236 recall_correction_mean=0.001626 recall_correction_std=0.001597
ougp/seed2 epoch=119 loss=1.2638 val=0.7333 test=0.7317 g_keep=0.700 p_keep=0.700 param_logits_mean=1.909630 param_logits_std=0.236297 param_memory_correction_mean=0.000000 param_memory_correction_std=1.000000 param_memory_raw_correction_mean=10.757603 param_memory_raw_correction_std=4.871436 recall_correction_mean=0.001769 recall_correction_std=0.001663
Wrote 3 runs to experiments/exp020_photo_param_gamma_sweep_channel_memory/gamma_0p1
# OUGP Case Study Summary

Dataset: `photo`

| Variant | Best Test Acc | Graph Sparsity | Param Sparsity | Graph Churn | Param Churn |
| --- | ---: | ---: | ---: | ---: | ---: |
| ougp | 0.7495 +/- 0.0134 | 0.300 | 0.300 | 0.008 | 0.005 |

