dense/seed0 epoch=000 loss=2.0795 val=0.2510 test=0.2559 g_keep=1.000 p_keep=1.000
dense/seed0 epoch=020 loss=1.9392 val=0.2471 test=0.2536 g_keep=1.000 p_keep=1.000
dense/seed0 epoch=040 loss=1.8286 val=0.2471 test=0.2536 g_keep=1.000 p_keep=1.000
dense/seed0 epoch=060 loss=1.6093 val=0.4824 test=0.5011 g_keep=1.000 p_keep=1.000
dense/seed0 epoch=080 loss=1.3893 val=0.6392 test=0.6484 g_keep=1.000 p_keep=1.000
dense/seed0 epoch=100 loss=1.2190 val=0.7660 test=0.7757 g_keep=1.000 p_keep=1.000
dense/seed0 epoch=119 loss=1.1017 val=0.8078 test=0.8248 g_keep=1.000 p_keep=1.000
dense/seed1 epoch=000 loss=2.0795 val=0.2471 test=0.2536 g_keep=1.000 p_keep=1.000
dense/seed1 epoch=020 loss=1.9396 val=0.2471 test=0.2536 g_keep=1.000 p_keep=1.000
dense/seed1 epoch=040 loss=1.8327 val=0.2484 test=0.2536 g_keep=1.000 p_keep=1.000
dense/seed1 epoch=060 loss=1.6213 val=0.4340 test=0.4495 g_keep=1.000 p_keep=1.000
dense/seed1 epoch=080 loss=1.4035 val=0.5922 test=0.6085 g_keep=1.000 p_keep=1.000
dense/seed1 epoch=100 loss=1.2355 val=0.7569 test=0.7680 g_keep=1.000 p_keep=1.000
dense/seed1 epoch=119 loss=1.1176 val=0.8144 test=0.8263 g_keep=1.000 p_keep=1.000
dense/seed2 epoch=000 loss=2.0793 val=0.2471 test=0.2536 g_keep=1.000 p_keep=1.000
dense/seed2 epoch=020 loss=1.9305 val=0.2471 test=0.2536 g_keep=1.000 p_keep=1.000
dense/seed2 epoch=040 loss=1.8089 val=0.2484 test=0.2541 g_keep=1.000 p_keep=1.000
dense/seed2 epoch=060 loss=1.6014 val=0.4889 test=0.5078 g_keep=1.000 p_keep=1.000
dense/seed2 epoch=080 loss=1.3853 val=0.6092 test=0.6284 g_keep=1.000 p_keep=1.000
dense/seed2 epoch=100 loss=1.2237 val=0.7255 test=0.7319 g_keep=1.000 p_keep=1.000
dense/seed2 epoch=119 loss=1.1138 val=0.7739 test=0.7902 g_keep=1.000 p_keep=1.000
graph_only/seed0 epoch=000 loss=2.0795 val=0.2510 test=0.2559 g_keep=1.000 p_keep=1.000
graph_only/seed0 epoch=020 loss=1.9391 val=0.2471 test=0.2536 g_keep=0.983 p_keep=1.000
graph_only/seed0 epoch=040 loss=1.8280 val=0.2471 test=0.2536 g_keep=0.926 p_keep=1.000
graph_only/seed0 epoch=060 loss=1.6069 val=0.4824 test=0.5013 g_keep=0.869 p_keep=1.000
graph_only/seed0 epoch=080 loss=1.3805 val=0.6418 test=0.6544 g_keep=0.811 p_keep=1.000
graph_only/seed0 epoch=100 loss=1.1911 val=0.7791 test=0.7943 g_keep=0.754 p_keep=1.000
graph_only/seed0 epoch=119 loss=1.0558 val=0.8275 test=0.8327 g_keep=0.700 p_keep=1.000
graph_only/seed1 epoch=000 loss=2.0795 val=0.2471 test=0.2536 g_keep=1.000 p_keep=1.000
graph_only/seed1 epoch=020 loss=1.9396 val=0.2471 test=0.2536 g_keep=0.983 p_keep=1.000
graph_only/seed1 epoch=040 loss=1.8320 val=0.2484 test=0.2536 g_keep=0.926 p_keep=1.000
graph_only/seed1 epoch=060 loss=1.6190 val=0.4327 test=0.4492 g_keep=0.869 p_keep=1.000
graph_only/seed1 epoch=080 loss=1.3941 val=0.6039 test=0.6139 g_keep=0.811 p_keep=1.000
graph_only/seed1 epoch=100 loss=1.2070 val=0.7765 test=0.7835 g_keep=0.754 p_keep=1.000
graph_only/seed1 epoch=119 loss=1.0710 val=0.8314 test=0.8351 g_keep=0.700 p_keep=1.000
graph_only/seed2 epoch=000 loss=2.0793 val=0.2471 test=0.2536 g_keep=1.000 p_keep=1.000
graph_only/seed2 epoch=020 loss=1.9305 val=0.2471 test=0.2536 g_keep=0.983 p_keep=1.000
graph_only/seed2 epoch=040 loss=1.8082 val=0.2484 test=0.2541 g_keep=0.926 p_keep=1.000
graph_only/seed2 epoch=060 loss=1.5985 val=0.4889 test=0.5080 g_keep=0.869 p_keep=1.000
graph_only/seed2 epoch=080 loss=1.3711 val=0.6157 test=0.6345 g_keep=0.811 p_keep=1.000
graph_only/seed2 epoch=100 loss=1.1914 val=0.7542 test=0.7595 g_keep=0.754 p_keep=1.000
graph_only/seed2 epoch=119 loss=1.0684 val=0.7895 test=0.8132 g_keep=0.700 p_keep=1.000
param_only/seed0 epoch=000 loss=2.0795 val=0.2510 test=0.2559 g_keep=1.000 p_keep=1.000
param_only/seed0 epoch=020 loss=1.9394 val=0.2471 test=0.2536 g_keep=1.000 p_keep=0.997
param_only/seed0 epoch=040 loss=1.8313 val=0.2471 test=0.2536 g_keep=1.000 p_keep=0.988
param_only/seed0 epoch=060 loss=1.6205 val=0.4824 test=0.4961 g_keep=1.000 p_keep=0.978
param_only/seed0 epoch=080 loss=1.4091 val=0.6275 test=0.6368 g_keep=1.000 p_keep=0.969
param_only/seed0 epoch=100 loss=1.2461 val=0.7438 test=0.7549 g_keep=1.000 p_keep=0.959
param_only/seed0 epoch=119 loss=1.1337 val=0.7974 test=0.8175 g_keep=1.000 p_keep=0.950
param_only/seed1 epoch=000 loss=2.0795 val=0.2471 test=0.2536 g_keep=1.000 p_keep=1.000
param_only/seed1 epoch=020 loss=1.9398 val=0.2471 test=0.2536 g_keep=1.000 p_keep=0.997
param_only/seed1 epoch=040 loss=1.8352 val=0.2484 test=0.2536 g_keep=1.000 p_keep=0.988
param_only/seed1 epoch=060 loss=1.6319 val=0.4314 test=0.4449 g_keep=1.000 p_keep=0.978
param_only/seed1 epoch=080 loss=1.4229 val=0.5765 test=0.5959 g_keep=1.000 p_keep=0.969
param_only/seed1 epoch=100 loss=1.2622 val=0.7425 test=0.7529 g_keep=1.000 p_keep=0.959
param_only/seed1 epoch=119 loss=1.1498 val=0.8065 test=0.8185 g_keep=1.000 p_keep=0.950
param_only/seed2 epoch=000 loss=2.0793 val=0.2471 test=0.2536 g_keep=1.000 p_keep=1.000
param_only/seed2 epoch=020 loss=1.9307 val=0.2471 test=0.2536 g_keep=1.000 p_keep=0.997
param_only/seed2 epoch=040 loss=1.8119 val=0.2484 test=0.2536 g_keep=1.000 p_keep=0.988
param_only/seed2 epoch=060 loss=1.6125 val=0.4771 test=0.4941 g_keep=1.000 p_keep=0.978
param_only/seed2 epoch=080 loss=1.4049 val=0.6065 test=0.6190 g_keep=1.000 p_keep=0.969
param_only/seed2 epoch=100 loss=1.2499 val=0.6941 test=0.7054 g_keep=1.000 p_keep=0.959
param_only/seed2 epoch=119 loss=1.1450 val=0.7647 test=0.7804 g_keep=1.000 p_keep=0.950
dual_static/seed0 epoch=000 loss=2.0795 val=0.2510 test=0.2559 g_keep=1.000 p_keep=1.000
dual_static/seed0 epoch=020 loss=1.9393 val=0.2471 test=0.2536 g_keep=0.983 p_keep=0.997
dual_static/seed0 epoch=040 loss=1.8307 val=0.2471 test=0.2536 g_keep=0.926 p_keep=0.988
dual_static/seed0 epoch=060 loss=1.6180 val=0.4824 test=0.4969 g_keep=0.869 p_keep=0.978
dual_static/seed0 epoch=080 loss=1.4040 val=0.6275 test=0.6392 g_keep=0.811 p_keep=0.969
dual_static/seed0 epoch=100 loss=1.2378 val=0.7477 test=0.7569 g_keep=0.754 p_keep=0.959
dual_static/seed0 epoch=119 loss=1.1204 val=0.8039 test=0.8206 g_keep=0.700 p_keep=0.950
dual_static/seed1 epoch=000 loss=2.0795 val=0.2471 test=0.2536 g_keep=1.000 p_keep=1.000
dual_static/seed1 epoch=020 loss=1.9397 val=0.2471 test=0.2536 g_keep=0.983 p_keep=0.997
dual_static/seed1 epoch=040 loss=1.8345 val=0.2484 test=0.2536 g_keep=0.926 p_keep=0.988
dual_static/seed1 epoch=060 loss=1.6296 val=0.4314 test=0.4456 g_keep=0.869 p_keep=0.978
dual_static/seed1 epoch=080 loss=1.4184 val=0.5725 test=0.5953 g_keep=0.811 p_keep=0.969
dual_static/seed1 epoch=100 loss=1.2538 val=0.7464 test=0.7552 g_keep=0.754 p_keep=0.959
dual_static/seed1 epoch=119 loss=1.1370 val=0.8118 test=0.8190 g_keep=0.700 p_keep=0.950
dual_static/seed2 epoch=000 loss=2.0793 val=0.2471 test=0.2536 g_keep=1.000 p_keep=1.000
dual_static/seed2 epoch=020 loss=1.9306 val=0.2471 test=0.2536 g_keep=0.983 p_keep=0.997
dual_static/seed2 epoch=040 loss=1.8113 val=0.2484 test=0.2538 g_keep=0.926 p_keep=0.988
dual_static/seed2 epoch=060 loss=1.6099 val=0.4784 test=0.4948 g_keep=0.869 p_keep=0.978
dual_static/seed2 epoch=080 loss=1.3996 val=0.6065 test=0.6204 g_keep=0.811 p_keep=0.969
dual_static/seed2 epoch=100 loss=1.2414 val=0.6941 test=0.7060 g_keep=0.754 p_keep=0.959
dual_static/seed2 epoch=119 loss=1.1321 val=0.7647 test=0.7851 g_keep=0.700 p_keep=0.950
ougp_no_cross/seed0 epoch=000 loss=2.0795 val=0.2510 test=0.2559 g_keep=1.000 p_keep=1.000
ougp_no_cross/seed0 epoch=020 loss=1.9393 val=0.2471 test=0.2536 g_keep=0.983 p_keep=0.997
ougp_no_cross/seed0 epoch=040 loss=1.8307 val=0.2471 test=0.2536 g_keep=0.926 p_keep=0.988
ougp_no_cross/seed0 epoch=060 loss=1.6180 val=0.4824 test=0.4969 g_keep=0.869 p_keep=0.978
ougp_no_cross/seed0 epoch=080 loss=1.3987 val=0.6327 test=0.6446 g_keep=0.811 p_keep=0.969
ougp_no_cross/seed0 epoch=100 loss=1.2169 val=0.7673 test=0.7779 g_keep=0.754 p_keep=0.959
ougp_no_cross/seed0 epoch=119 loss=1.0863 val=0.8235 test=0.8319 g_keep=0.700 p_keep=0.950
ougp_no_cross/seed1 epoch=000 loss=2.0795 val=0.2471 test=0.2536 g_keep=1.000 p_keep=1.000
ougp_no_cross/seed1 epoch=020 loss=1.9397 val=0.2471 test=0.2536 g_keep=0.983 p_keep=0.997
ougp_no_cross/seed1 epoch=040 loss=1.8345 val=0.2484 test=0.2536 g_keep=0.926 p_keep=0.988
ougp_no_cross/seed1 epoch=060 loss=1.6296 val=0.4314 test=0.4456 g_keep=0.869 p_keep=0.978
ougp_no_cross/seed1 epoch=080 loss=1.4113 val=0.5843 test=0.6029 g_keep=0.811 p_keep=0.969
ougp_no_cross/seed1 epoch=100 loss=1.2292 val=0.7621 test=0.7747 g_keep=0.754 p_keep=0.959
ougp_no_cross/seed1 epoch=119 loss=1.1019 val=0.8288 test=0.8310 g_keep=0.700 p_keep=0.950
ougp_no_cross/seed2 epoch=000 loss=2.0793 val=0.2471 test=0.2536 g_keep=1.000 p_keep=1.000
ougp_no_cross/seed2 epoch=020 loss=1.9306 val=0.2471 test=0.2536 g_keep=0.983 p_keep=0.997
ougp_no_cross/seed2 epoch=040 loss=1.8112 val=0.2484 test=0.2538 g_keep=0.926 p_keep=0.988
ougp_no_cross/seed2 epoch=060 loss=1.6094 val=0.4784 test=0.4951 g_keep=0.869 p_keep=0.978
ougp_no_cross/seed2 epoch=080 loss=1.3902 val=0.6065 test=0.6260 g_keep=0.811 p_keep=0.969
ougp_no_cross/seed2 epoch=100 loss=1.2189 val=0.7333 test=0.7400 g_keep=0.754 p_keep=0.959
ougp_no_cross/seed2 epoch=119 loss=1.0991 val=0.7817 test=0.8028 g_keep=0.700 p_keep=0.950
ougp/seed0 epoch=000 loss=2.0795 val=0.2510 test=0.2559 g_keep=1.000 p_keep=1.000
ougp/seed0 epoch=020 loss=1.9393 val=0.2471 test=0.2536 g_keep=0.983 p_keep=0.997
ougp/seed0 epoch=040 loss=1.8307 val=0.2471 test=0.2536 g_keep=0.926 p_keep=0.988
ougp/seed0 epoch=060 loss=1.6179 val=0.4824 test=0.4969 g_keep=0.869 p_keep=0.978
ougp/seed0 epoch=080 loss=1.3986 val=0.6327 test=0.6433 g_keep=0.811 p_keep=0.969
ougp/seed0 epoch=100 loss=1.2172 val=0.7712 test=0.7799 g_keep=0.754 p_keep=0.959
ougp/seed0 epoch=119 loss=1.0871 val=0.8209 test=0.8286 g_keep=0.700 p_keep=0.950
ougp/seed1 epoch=000 loss=2.0795 val=0.2471 test=0.2536 g_keep=1.000 p_keep=1.000
ougp/seed1 epoch=020 loss=1.9397 val=0.2471 test=0.2536 g_keep=0.983 p_keep=0.997
ougp/seed1 epoch=040 loss=1.8345 val=0.2484 test=0.2536 g_keep=0.926 p_keep=0.988
ougp/seed1 epoch=060 loss=1.6296 val=0.4314 test=0.4456 g_keep=0.869 p_keep=0.978
ougp/seed1 epoch=080 loss=1.4119 val=0.5843 test=0.6026 g_keep=0.811 p_keep=0.969
ougp/seed1 epoch=100 loss=1.2293 val=0.7621 test=0.7742 g_keep=0.754 p_keep=0.959
ougp/seed1 epoch=119 loss=1.1032 val=0.8261 test=0.8304 g_keep=0.700 p_keep=0.950
ougp/seed2 epoch=000 loss=2.0793 val=0.2471 test=0.2536 g_keep=1.000 p_keep=1.000
ougp/seed2 epoch=020 loss=1.9306 val=0.2471 test=0.2536 g_keep=0.983 p_keep=0.997
ougp/seed2 epoch=040 loss=1.8112 val=0.2484 test=0.2538 g_keep=0.926 p_keep=0.988
ougp/seed2 epoch=060 loss=1.6095 val=0.4784 test=0.4951 g_keep=0.869 p_keep=0.978
ougp/seed2 epoch=080 loss=1.3901 val=0.6078 test=0.6261 g_keep=0.811 p_keep=0.969
ougp/seed2 epoch=100 loss=1.2179 val=0.7320 test=0.7392 g_keep=0.754 p_keep=0.959
ougp/seed2 epoch=119 loss=1.0977 val=0.7817 test=0.8036 g_keep=0.700 p_keep=0.950
Wrote 18 runs to experiments/exp010_photo_param_sparsity_sweep/s005
# OUGP Case Study Summary

Dataset: `photo`

| Variant | Best Test Acc | Graph Sparsity | Param Sparsity | Graph Churn | Param Churn |
| --- | ---: | ---: | ---: | ---: | ---: |
| dense | 0.8124 +/- 0.0158 | 0.000 | 0.000 | 0.000 | 0.000 |
| dual_static | 0.8061 +/- 0.0197 | 0.300 | 0.050 | 0.003 | 0.000 |
| graph_only | 0.8273 +/- 0.0100 | 0.300 | 0.000 | 0.015 | 0.000 |
| ougp | 0.8188 +/- 0.0161 | 0.300 | 0.050 | 0.022 | 0.000 |
| ougp_no_cross | 0.8188 +/- 0.0178 | 0.300 | 0.050 | 0.017 | 0.001 |
| param_only | 0.8059 +/- 0.0181 | 0.000 | 0.050 | 0.000 | 0.000 |

